"../../../Engine/Content/EngineResources/DefaultTexture.uasset" 0
"../../../Engine/Content/EngineResources/Black.uasset" 1
"../../../Engine/Content/EngineResources/DefaultTextureCube.uasset" 2
"../../../Engine/Content/EngineResources/DefaultVolumeTexture2D.uasset" 3
"../../../Engine/Content/EngineResources/DefaultVolumeTexture.uasset" 4
"../../../Engine/Content/EngineResources/StreamingPauseIcon.uasset" 5
"../../../Engine/Content/EngineResources/M_StreamingPause.uasset" 6
"../../../Engine/Content/EngineResources/GradientTexture0.uasset" 7
"../../../Engine/Content/EditorResources/S_Terrain.uasset" 8
"../../../Engine/Content/EditorResources/S_Actor.uasset" 9
"../../../Engine/Content/EditorResources/S_WindDirectional.uasset" 10
"../../../Engine/Content/EditorResources/S_KHinge.uasset" 11
"../../../Engine/Content/EditorResources/S_VectorFieldVol.uasset" 12
"../../../Engine/Content/EditorResources/S_Trigger.uasset" 13
"../../../Engine/Content/EditorResources/S_Player.uasset" 14
"../../../Engine/Content/EditorResources/S_DecalActorIcon.uasset" 15
"../../../Engine/Content/EditorResources/S_KBSJoint.uasset" 16
"../../../Engine/Content/EditorResources/S_TextRenderActorIcon.uasset" 17
"../../../Engine/Content/EditorResources/S_ReflActorIcon.uasset" 18
"../../../Engine/Content/EditorResources/S_RadForce.uasset" 19
"../../../Engine/Content/EditorResources/S_KPrismatic.uasset" 20
"../../../Engine/Content/EditorResources/S_PortalActorIcon2.uasset" 21
"../../../Engine/Content/EditorResources/Bad.uasset" 22
"../../../Engine/Content/EditorResources/S_LevelSequence.uasset" 23
"../../../Engine/Content/EditorResources/S_Emitter.uasset" 24
"../../../Engine/Content/EditorResources/MatInstActSprite.uasset" 25
"../../../Engine/Content/EditorResources/S_ExpoHeightFog.uasset" 26
"../../../Engine/Content/EditorResources/S_FTest.uasset" 27
"../../../Engine/Content/EditorResources/S_Note.uasset" 28
"../../../Engine/Content/EditorResources/S_NavP.uasset" 29
"../../../Engine/Content/EditorResources/SceneManager.uasset" 30
"../../../Engine/Content/EditorResources/S_Thruster.uasset" 31
"../../../Engine/Content/EditorResources/SmallFont.uasset" 32
"../../../Engine/Content/EditorResources/BSPVertex.uasset" 33
"../../../Engine/Content/EditorResources/AI/S_NavLink.uasset" 34
"../../../Engine/Content/EditorResources/LightIcons/S_LightError.uasset" 35
"../../../Engine/Content/EditorResources/LightIcons/S_LightDirectional.uasset" 36
"../../../Engine/Content/EditorResources/LightIcons/S_LightSpotMove.uasset" 37
"../../../Engine/Content/EditorResources/LightIcons/SkyLight.uasset" 38
"../../../Engine/Content/EditorResources/LightIcons/S_LightSpot.uasset" 39
"../../../Engine/Content/EditorResources/LightIcons/S_LightPoint.uasset" 40
"../../../Engine/Content/EditorResources/LightIcons/S_LightPointMove.uasset" 41
"../../../Engine/Content/EditorResources/LightIcons/S_LightDirectionalMove.uasset" 42
"../../../Engine/Content/EditorResources/Spline/T_Loft_Spline.uasset" 43
"../../../Engine/Content/EditorResources/SequenceRecorder/Countdown.uasset" 44
"../../../Engine/Content/EditorResources/SequenceRecorder/RecordingIndicator.uasset" 45
"../../../Engine/Content/Tutorial/ContentIntroCurve.uasset" 46
"../../../Engine/Content/Tutorial/BlueprintTutorials/TutorialAssets/Blueprint_64x.uasset" 47
"../../../Engine/Content/Tutorial/Basics/TutorialAssets/icon_tab_Levels_40x.uasset" 48
"../../../Engine/Content/EditorBlueprintResources/StandardMacros.uasset" 49
"../../../Engine/Content/ArtTools/RenderToTexture/Enums/EFloatTypes.uasset" 50
"../../../Engine/Content/ArtTools/RenderToTexture/Enums/EIntTypes.uasset" 51
"../../../Engine/Content/ArtTools/RenderToTexture/Macros/RenderToTextureMacros.uasset" 52
"../../../Engine/Content/ArtTools/RenderToTexture/Macros/RenderToTextureFunctionLibrary.uasset" 53
"../../../Engine/Content/Functions/Engine_MaterialFunctions01/Opacity/CameraDepthFade.uasset" 54
"../../../Engine/Content/EngineMaterials/T_Default_Material_Grid_M.uasset" 55
"../../../Engine/Content/EngineMaterials/T_Default_Material_Grid_N.uasset" 56
"../../../Engine/Content/EngineMaterials/WorldGridMaterial.uasset" 57
"../../../Engine/Content/ArtTools/RenderToTexture/Meshes/S_1_Unit_Plane.uasset" 58
"../../../Engine/Content/ArtTools/RenderToTexture/Enums/RenderToTexture_Enum.uasset" 59
"../../../Engine/Content/ArtTools/RenderToTexture/Enums/RenderToTexture_Flipbook_Enum.uasset" 60
"../../../Engine/Content/ArtTools/RenderToTexture/Enums/RenderToTexture_Imposter_Enum.uasset" 61
"../../../Engine/Content/VREditor/LaserPointer/VR_LaserPower_01.uasset" 62
"../../../Engine/Content/VREditor/TransformGizmo/TransformGizmoMaterial.uasset" 63
"../../../Engine/Content/VREditor/TransformGizmo/TranslucentTransformGizmoMaterial.uasset" 64
"../../../Engine/Content/VREditor/TransformGizmo/BoundingBoxCorner.uasset" 65
"../../../Engine/Content/VREditor/TransformGizmo/Main.uasset" 66
"../../../Engine/Content/VREditor/TransformGizmo/Xray.uasset" 67
"../../../Engine/Content/VREditor/TransformGizmo/SM_Sequencer_Key.uasset" 68
"../../../Engine/Content/VREditor/TransformGizmo/BoundingBoxEdge.uasset" 69
"../../../Engine/Content/VREditor/TransformGizmo/PlaneTranslationHandle.uasset" 70
"../../../Engine/Content/VREditor/TransformGizmo/SM_Sequencer_Node.uasset" 71
"../../../Engine/Content/EngineMaterials/DefaultMaterial.uasset" 72
"../../../Engine/Content/EngineMeshes/Cylinder.uasset" 73
"../../../Engine/Content/EngineMeshes/Sphere.uasset" 74
"../../../Engine/Content/EngineMaterials/Grid_N.uasset" 75
"../../../Engine/Content/Functions/Engine_MaterialFunctions02/Utility/BreakOutFloat2Components.uasset" 76
"../../../Engine/Content/EngineMaterials/HighResScreenshotCaptureRegion.uasset" 77
"../../../Engine/Content/EngineMaterials/HighResolutionScreenshotMaskFunction.uasset" 78
"../../../Engine/Content/EngineMaterials/HighResScreenshot.uasset" 79
"../../../Engine/Content/EngineMaterials/BaseFlattenDiffuseMap.uasset" 80
"../../../Engine/Content/EngineMaterials/BaseFlattenEmissiveMap.uasset" 81
"../../../Engine/Content/EngineMaterials/BaseFlattenGrayscaleMap.uasset" 82
"../../../Engine/Content/EngineMaterials/BaseFlattenNormalMap.uasset" 83
"../../../Engine/Content/EngineMaterials/BaseFlattenMaterial.uasset" 84
"../../../Engine/Content/EngineMaterials/PaperNormal.uasset" 85
"../../../Engine/Content/EngineResources/WhiteSquareTexture.uasset" 86
"../../../Engine/Content/EngineMaterials/Widget3DPassThrough.uasset" 87
"../../../Engine/Content/EngineMaterials/Widget3DPassThrough_Masked.uasset" 88
"../../../Engine/Content/EngineMaterials/InvalidLightmapSettings.uasset" 89
"../../../Engine/Content/EngineMaterials/M_InvalidLightmapSettings.uasset" 90
"../../../Engine/Content/EngineMaterials/LandscapeHolePhysicalMaterial.uasset" 91
"../../../Engine/Content/EngineMaterials/DefaultNormal.uasset" 92
"../../../Engine/Content/EngineMaterials/DefaultBokeh.uasset" 93
"../../../Engine/Content/EngineMaterials/RemoveSurfaceMaterial.uasset" 94
"../../../Engine/Content/EngineMaterials/PaperDiffuse.uasset" 95
"../../../Engine/Content/EngineMaterials/EditorBrushMaterial.uasset" 96
"../../../Engine/Content/EngineMaterials/DefaultBloomKernel.uasset" 97
"../../../Engine/Content/EngineMaterials/Widget3DPassThrough_Opaque.uasset" 98
"../../../Engine/Content/EngineMaterials/Widget3DPassThrough_Opaque_OneSided.uasset" 99
"../../../Engine/Content/EngineMaterials/BlinkingCaret.uasset" 100
"../../../Engine/Content/EngineFonts/RobotoDistanceField.uasset" 101
"../../../Engine/Content/EngineMaterials/DefaultTextMaterialOpaque.uasset" 102
"../../../Engine/Content/EngineMaterials/Good64x64TilingNoiseHighFreq.uasset" 103
"../../../Engine/Content/EngineMaterials/PreintegratedSkinBRDF.uasset" 104
"../../../Engine/Content/EngineMaterials/DefaultLightFunctionMaterial.uasset" 105
"../../../Engine/Content/EngineMaterials/Widget3DPassThrough_Masked_OneSided.uasset" 106
"../../../Engine/Content/EngineMaterials/WeightMapPlaceholderTexture.uasset" 107
"../../../Engine/Content/Functions/Engine_MaterialFunctions02/WorldPositionOffset/CameraOffset.uasset" 108
"../../../Engine/Content/EngineMaterials/PhAT_JointLimitMaterial.uasset" 109
"../../../Engine/Content/EngineMaterials/Widget3DPassThrough_Translucent.uasset" 110
"../../../Engine/Content/EngineMaterials/Widget3DPassThrough_Translucent_OneSided.uasset" 111
"../../../Engine/Content/EngineMaterials/PhysMat_Rubber.uasset" 112
"../../../Engine/Content/EngineMaterials/DefaultDiffuse.uasset" 113
"../../../Engine/Content/EngineMaterials/DefaultPostProcessMaterial.uasset" 114
"../../../Engine/Content/EngineMaterials/DefaultDeferredDecalMaterial.uasset" 115
"../../../Engine/Content/EngineMaterials/HighResScreenshotMask.uasset" 116
"../../../Engine/Content/EngineFonts/Faces/RobotoTiny.uasset" 117
"../../../Engine/Content/EngineFonts/RobotoTiny.uasset" 118
"../../../Engine/Content/EngineFonts/TinyFont.uasset" 119
"../../../Engine/Content/EngineFonts/Faces/RobotoBold.uasset" 120
"../../../Engine/Content/EngineFonts/Faces/RobotoBoldItalic.uasset" 121
"../../../Engine/Content/EngineFonts/Faces/RobotoItalic.uasset" 122
"../../../Engine/Content/EngineFonts/Faces/RobotoLight.uasset" 123
"../../../Engine/Content/EngineFonts/Faces/RobotoRegular.uasset" 124
"../../../Engine/Content/EngineFonts/Roboto.uasset" 125
"../../../Engine/Content/EngineFonts/SmallFont.uasset" 126
"../../../Engine/Content/EditorSounds/Notifications/CompileFailed.uasset" 127
"../../../Engine/Content/EditorSounds/Notifications/CompileFailed_Cue.uasset" 128
"../../../Engine/Content/EditorSounds/Notifications/CompileSuccess.uasset" 129
"../../../Engine/Content/EditorSounds/Notifications/CompileSuccess_Cue.uasset" 130
"../../../Engine/Content/EditorSounds/Notifications/CompileStart_Cue.uasset" 131
"../../../Engine/Content/MobileResources/T_MobileControls_texture.uasset" 132
"../../../Engine/Content/MobileResources/T_MobileMenu2.uasset" 133
"../../../Engine/Content/MobileResources/HUD/T_Castle_ThumbstickOutter.uasset" 134
"../../../Engine/Content/MobileResources/HUD/AnalogHat.uasset" 135
"../../../Engine/Content/MobileResources/HUD/MobileHUDDirectionPad3.uasset" 136
"../../../Engine/Content/MobileResources/HUD/MobileHUDButtonFire.uasset" 137
"../../../Engine/Content/MobileResources/HUD/MobileHUDButton3.uasset" 138
"../../../Engine/Content/MobileResources/HUD/MobileHUDButton2_on.uasset" 139
"../../../Engine/Content/MobileResources/HUD/VirtualJoystick_Background.uasset" 140
"../../../Engine/Content/MobileResources/HUD/VirtualJoystick_Thumb.uasset" 141
"../../../Engine/Content/MobileResources/HUD/DefaultVirtualJoysticks.uasset" 142
"../../../Engine/Content/MobileResources/HUD/MobileHUDDirectionPad2.uasset" 143
"../../../Engine/Content/MobileResources/HUD/MobileHUDDirectionPad.uasset" 144
"../../../Engine/Content/MobileResources/HUD/MobileHUDButton1_off.uasset" 145
"../../../Engine/Content/MobileResources/HUD/LeftVirtualJoystickOnly.uasset" 146
"../../../Engine/Content/MobileResources/HUD/MobileHUDButton1_on.uasset" 147
"../../../Engine/Content/MobileResources/HUD/T_Castle_ThumbstickInner.uasset" 148
"../../../Engine/Content/MobileResources/HUD/MobileHUDDirectionStick.uasset" 149
"../../../Engine/Content/MobileResources/HUD/MobileHUDButton2_off.uasset" 150
"../../../Engine/Content/EditorMaterials/PreviewShadowIndicator.uasset" 151
"../../../Engine/Content/EditorMaterials/PreviewShadowIndicatorMaterial.uasset" 152
"../../../Engine/Content/EditorMaterials/CompositeARGBLayer.uasset" 153
"../../../Engine/Content/EditorMaterials/MakeCompositeARGBLayer.uasset" 154
"../../../Engine/Content/EditorResources/LevelGrid1DStripes.uasset" 155
"../../../Engine/Content/EditorMaterials/TextureGridCascaded1D.uasset" 156
"../../../Engine/Content/EditorMaterials/TextureGridCascaded2D.uasset" 157
"../../../Engine/Content/EditorMaterials/LevelGridMaterial2.uasset" 158
"../../../Engine/Content/EditorMaterials/Tick.uasset" 159
"../../../Engine/Content/EditorMaterials/Tick_Mat.uasset" 160
"../../../Engine/Content/EditorMaterials/WidgetGridVertexColorMaterial.uasset" 161
"../../../Engine/Content/EditorMaterials/WidgetGridVertexColorMaterial_Ma.uasset" 162
"../../../Engine/Content/EditorMaterials/PhAT_ElemSelectedMaterial.uasset" 163
"../../../Engine/Content/EditorMaterials/WidgetMaterial_Current.uasset" 164
"../../../Engine/Content/EditorMaterials/PhAT_NoCollisionMaterial.uasset" 165
"../../../Engine/Content/EditorMaterials/PhAT_BoneSelectedMaterial.uasset" 166
"../../../Engine/Content/EditorMaterials/Cross.uasset" 167
"../../../Engine/Content/EditorMaterials/Cross_Mat.uasset" 168
"../../../Engine/Content/Functions/Engine_MaterialFunctions02/ExampleContent/Textures/flipbook.uasset" 169
"../../../Engine/Content/Functions/Engine_MaterialFunctions02/Texturing/FlipBook.uasset" 170
"../../../Engine/Content/Functions/Engine_MaterialFunctions02/Utility/Sign.uasset" 171
"../../../Engine/Content/Functions/Engine_MaterialFunctions02/Utility/Round.uasset" 172
"../../../Engine/Content/EditorResources/T_EditorHelp.uasset" 173
"../../../Engine/Content/EditorMaterials/HelpActorMaterial.uasset" 174
"../../../Engine/Content/EditorMaterials/MAT_Groups_Toggle.uasset" 175
"../../../Engine/Content/EditorMaterials/MAT_Groups_Visibility.uasset" 176
"../../../Engine/Content/EditorMaterials/WidgetMaterial.uasset" 177
"../../../Engine/Content/EditorMaterials/PhAT_UnselectedMaterial.uasset" 178
"../../../Engine/Content/EditorMaterials/TilingAALineIntegral.uasset" 179
"../../../Engine/Content/EditorMaterials/TilingAALineBoxFiltered.uasset" 180
"../../../Engine/Content/Functions/Engine_MaterialFunctions03/Procedurals/ComputeFilterWidth.uasset" 181
"../../../Engine/Content/EditorMaterials/TilingAADots.uasset" 182
"../../../Engine/Content/EngineMaterials/BlendFunc_DefBase.uasset" 183
"../../../Engine/Content/EngineMaterials/BlendFunc_DefBlend.uasset" 184
"../../../Engine/Content/Functions/Engine_MaterialFunctions03/Blends/Blend_Screen.uasset" 185
"../../../Engine/Content/EditorMaterials/TilingAAGrid.uasset" 186
"../../../Engine/Content/EditorMaterials/LevelGridMaterial.uasset" 187
"../../../Engine/Content/EditorMaterials/GizmoMaterial.uasset" 188
"../../../Engine/Content/EditorMaterials/TargetIcon.uasset" 189
"../../../Engine/Content/EditorMaterials/WidgetVertexColorMaterial.uasset" 190
"../../../Engine/Content/EditorMaterials/WidgetMaterial_Z.uasset" 191
"../../../Engine/Content/EditorMaterials/WidgetMaterial_X.uasset" 192
"../../../Engine/Content/EditorMaterials/WidgetMaterial_Y.uasset" 193
"../../../Engine/Content/EditorMaterials/MatineeGroups/MAT_Groups_Move.uasset" 194
"../../../Engine/Content/EditorMaterials/MatineeGroups/MAT_Groups_AudioMaster.uasset" 195
"../../../Engine/Content/EditorMaterials/MatineeGroups/MAT_Groups_Anim.uasset" 196
"../../../Engine/Content/EditorMaterials/MatineeGroups/MAT_Groups_Float.uasset" 197
"../../../Engine/Content/EditorMaterials/MatineeGroups/MAT_Groups_Fade.uasset" 198
"../../../Engine/Content/EditorMaterials/MatineeGroups/MAT_Groups_Slomo.uasset" 199
"../../../Engine/Content/EditorMaterials/MatineeGroups/MAT_Groups_Sound.uasset" 200
"../../../Engine/Content/EditorMaterials/MatineeGroups/MAT_Groups_Vector.uasset" 201
"../../../Engine/Content/EditorMaterials/MatineeGroups/MAT_Groups_Director.uasset" 202
"../../../Engine/Content/EditorMaterials/MatineeGroups/MAT_ColorTrack.uasset" 203
"../../../Engine/Content/EditorMaterials/MatineeGroups/MAT_Groups_Event.uasset" 204
"../../../Engine/Content/EngineMaterials/Grid.uasset" 205
"../../../Engine/Content/EditorMaterials/Thumbnails/FloorPlaneMaterial.uasset" 206
"../../../Engine/Content/EditorMaterials/ParticleSystems/PSysThumbnail_OOD.uasset" 207
"../../../Engine/Content/EditorMaterials/ParticleSystems/PSysThumbnail_NoImage.uasset" 208
"../../../Engine/Content/EditorMaterials/Thumbnails/SkySphereMaterial.uasset" 209
"../../../Engine/Content/EditorMeshes/EditorSkySphere.uasset" 210
"../../../Engine/Content/EditorMeshes/EditorCylinder.uasset" 211
"../../../Engine/Content/EditorMeshes/EditorSphere.uasset" 212
"../../../Engine/Content/EditorMeshes/EditorPlane.uasset" 213
"../../../Engine/Content/EditorMeshes/EditorCube.uasset" 214
"../../../Engine/Content/EditorResources/MatineeCam_D.uasset" 215
"../../../Engine/Content/EditorMaterials/MatineeCam_mat.uasset" 216
"../../../Engine/Content/EditorMeshes/MatineeCam_SM.uasset" 217
"../../../Engine/Content/EditorMaterials/Camera/CineMat.uasset" 218
"../../../Engine/Content/EditorMaterials/Camera/MI_CineMat_CameraBody.uasset" 219
"../../../Engine/Content/EngineDebugMaterials/M_SimpleOpaque.uasset" 220
"../../../Engine/Content/EditorMaterials/Camera/MI_CineMat_CamViewFinder.uasset" 221
"../../../Engine/Content/EditorMeshes/Camera/SM_CineCam.uasset" 222
"../../../Engine/Content/EditorMaterials/Camera/MI_CineMat_Rig.uasset" 223
"../../../Engine/Content/EditorMeshes/Camera/SM_RailRig_Mount.uasset" 224
"../../../Engine/Content/EditorMeshes/Camera/SM_RailRig_Track.uasset" 225
"../../../Engine/Content/EditorMeshes/Camera/SM_CraneRig_Mount.uasset" 226
"../../../Engine/Content/EditorMeshes/Camera/SM_CraneRig_Arm.uasset" 227
"../../../Engine/Content/EditorMeshes/Camera/SM_CraneRig_Body.uasset" 228
"../../../Engine/Content/EditorMeshes/Camera/SM_CraneRig_Base.uasset" 229
"../../../Engine/Content/EngineDebugMaterials/VertexColorViewMode_BlueOnly.uasset" 230
"../../../Engine/Content/EngineDebugMaterials/ShadedLevelColorationUnlitMateri.uasset" 231
"../../../Engine/Content/EngineDebugMaterials/LevelColorationUnlitMaterial.uasset" 232
"../../../Engine/Content/EngineDebugMaterials/VertexColorViewMode_AlphaAsColor.uasset" 233
"../../../Engine/Content/EngineDebugMaterials/VertexColorViewMode_RedOnly.uasset" 234
"../../../Engine/Content/Functions/Engine_MaterialFunctions01/Shading/ConvertFromDiffSpec.uasset" 235
"../../../Engine/Content/EngineDebugMaterials/VertexColorMaterial.uasset" 236
"../../../Engine/Content/EngineDebugMaterials/VertexColorViewMode_GreenOnly.uasset" 237
"../../../Engine/Content/EngineDebugMaterials/DebugEditorMaterial.uasset" 238
"../../../Engine/Content/EngineDebugMaterials/HeatmapGradient.uasset" 239
"../../../Engine/Content/EngineDebugMaterials/BoneWeightMaterial.uasset" 240
"../../../Engine/Content/EngineDebugMaterials/VertexColorViewMode_ColorOnly.uasset" 241
"../../../Engine/Content/EngineDebugMaterials/ClothMaterial.uasset" 242
"../../../Engine/Content/EngineDebugMaterials/LevelColorationLitMaterial.uasset" 243
"../../../Engine/Content/EngineDebugMaterials/ClothMaterial_WF.uasset" 244
"../../../Engine/Content/EngineDebugMaterials/WireframeMaterial.uasset" 245
"../../../Engine/Content/EngineDebugMaterials/ShadedLevelColorationLitMaterial.uasset" 246
"../../../Engine/Content/EngineDebugMaterials/M_SimpleTranslucent.uasset" 247
"../../../Engine/Content/EngineMaterials/DefaultWhiteGrid.uasset" 248
"../../../Engine/Content/EngineDebugMaterials/MAT_LevelColorationLitLightmapUV.uasset" 249
"../../../Engine/Content/EngineDebugMaterials/DebugMeshMaterial.uasset" 250
"../../../Engine/Content/EngineDebugMaterials/GeomMaterial.uasset" 251
"../../../Engine/Content/EngineSounds/Master.uasset" 252
"../../../Engine/Content/EngineDamageTypes/DmgTypeBP_Environmental.uasset" 253
"../../../Engine/Content/EditorLandscapeResources/LandscapeGizmo_Mat.uasset" 254
"../../../Engine/Content/EditorLandscapeResources/LandscapeGizmo_Mat_Copied.uasset" 255
"../../../Engine/Content/EditorLandscapeResources/DataLayer.uasset" 256
"../../../Engine/Content/EditorLandscapeResources/LandscapeGizmoHeight_Mat.uasset" 257
"../../../Engine/Content/EditorLandscapeResources/SplineEditorMeshMat.uasset" 258
"../../../Engine/Content/EditorLandscapeResources/SplineEditorMesh.uasset" 259
"../../../Engine/Content/EditorLandscapeResources/DefaultAlphaTexture.uasset" 260
"../../../Engine/Content/Maps/Templates/Thumbnails/VR-Basic.uasset" 261
"../../../Engine/Content/Maps/Templates/Thumbnails/Default.uasset" 262
"../../../Engine/Content/Functions/Engine_MaterialFunctions01/Shading/PowerToRoughness.uasset" 263
"../../../Engine/Content/EditorBlueprintResources/ActorMacros.uasset" 264
"../../../Engine/Content/BufferVisualization/CustomDepth.uasset" 265
"../../../Engine/Content/Functions/Engine_MaterialFunctions01/Texturing/ScaleUVsByCenter.uasset" 266
"../../../Engine/Content/Functions/Engine_MaterialFunctions02/ScreenResolution.uasset" 267
"../../../Engine/Content/Functions/Engine_MaterialFunctions02/Texturing/ScreenAlignedUVs.uasset" 268
"../../../Engine/Content/Functions/Engine_MaterialFunctions02/Utility/MakeFloat2.uasset" 269
"../../../Engine/Content/Functions/Engine_MaterialFunctions02/Utility/MakeFloat3.uasset" 270
"../../../Engine/Content/EngineMaterials/MiniFont.uasset" 271
"../../../Engine/Content/BufferVisualization/CustomStencil.uasset" 272
"../../../Engine/Content/BufferVisualization/SceneColor.uasset" 273
"../../../Engine/Content/BufferVisualization/FinalImage.uasset" 274
"../../../Engine/Content/BufferVisualization/Roughness.uasset" 275
"../../../Engine/Content/BufferVisualization/SubsurfaceColor.uasset" 276
"../../../Engine/Content/BufferVisualization/SeparateTranslucencyRGB.uasset" 277
"../../../Engine/Content/BufferVisualization/SceneDepth.uasset" 278
"../../../Engine/Content/Functions/Engine_MaterialFunctions02/Utility/VectorLength.uasset" 279
"../../../Engine/Content/BufferVisualization/SceneDepthWorldUnits.uasset" 280
"../../../Engine/Content/BufferVisualization/PreTonemapHDRColor.uasset" 281
"../../../Engine/Content/BufferVisualization/Metallic.uasset" 282
"../../../Engine/Content/BufferVisualization/BaseColor.uasset" 283
"../../../Engine/Content/BufferVisualization/LightingModel.uasset" 284
"../../../Engine/Content/BufferVisualization/Specular.uasset" 285
"../../../Engine/Content/BufferVisualization/SeparateTranslucencyA.uasset" 286
"../../../Engine/Content/EngineMaterials/DefaultPhysicalMaterial.uasset" 287
"../../../Engine/Content/BufferVisualization/AmbientOcclusion.uasset" 288
"../../../Engine/Content/BufferVisualization/WorldNormal.uasset" 289
"../../../Engine/Content/BufferVisualization/MaterialAO.uasset" 290
"../../../Engine/Content/BufferVisualization/CustomDepthWorldUnits.uasset" 291
"../../../Engine/Content/BufferVisualization/PostTonemapHDRColor.uasset" 292
"../../../Engine/Content/BufferVisualization/Opacity.uasset" 293
"../../../Engine/Content/BasicShapes/Cube.uasset" 294
"../../../Engine/Content/BasicShapes/Cone.uasset" 295
"../../../Engine/Content/BasicShapes/Cylinder.uasset" 296
"../../../Engine/Content/BasicShapes/Plane.uasset" 297
"../../../Engine/Content/BasicShapes/Sphere.uasset" 298
"../../../Engine/Content/MapTemplates/Sky/DaylightAmbientCubemap.uasset" 299
"../../../../../home/josephtheengineer/workspace/edenproject/EdenUniverseBuilder/Content/Mesh/Back.uasset" 300
"../../../../../home/josephtheengineer/workspace/edenproject/EdenUniverseBuilder/Content/Mesh/Bottom.uasset" 301
"../../../../../home/josephtheengineer/workspace/edenproject/EdenUniverseBuilder/Content/Mesh/Front.uasset" 302
"../../../../../home/josephtheengineer/workspace/edenproject/EdenUniverseBuilder/Content/Mesh/Left.uasset" 303
"../../../../../home/josephtheengineer/workspace/edenproject/EdenUniverseBuilder/Content/Mesh/Right.uasset" 304
"../../../../../home/josephtheengineer/workspace/edenproject/EdenUniverseBuilder/Content/Mesh/Top.uasset" 305
"../../../../../home/josephtheengineer/workspace/edenproject/EdenUniverseBuilder/Content/Mesh/cube.uasset" 306
"../../../../../home/josephtheengineer/workspace/edenproject/EdenUniverseBuilder/Content/Blueprints/Ostblock-Simple.uasset" 307
"../../../../../home/josephtheengineer/workspace/edenproject/EdenUniverseBuilder/Content/Blueprints/Ostblock-Simple_Font.uasset" 308
"../../../../../home/josephtheengineer/workspace/edenproject/EdenUniverseBuilder/Content/Textures/ipad_burn.uasset" 309
"../../../../../home/josephtheengineer/workspace/edenproject/EdenUniverseBuilder/Content/Textures/ipad_camera.uasset" 310
"../../../../../home/josephtheengineer/workspace/edenproject/EdenUniverseBuilder/Content/Textures/ipad_colorpick_background.uasset" 311
"../../../../../home/josephtheengineer/workspace/edenproject/EdenUniverseBuilder/Content/Textures/ipad_home.uasset" 312
"../../../../../home/josephtheengineer/workspace/edenproject/EdenUniverseBuilder/Content/Textures/ipad_mine_active.uasset" 313
"../../../../../home/josephtheengineer/workspace/edenproject/EdenUniverseBuilder/Content/Textures/ipad_paint_active.uasset" 314
"../../../../../home/josephtheengineer/workspace/edenproject/EdenUniverseBuilder/Content/Textures/ipad_settings.uasset" 315
"../../../../../home/josephtheengineer/workspace/edenproject/EdenUniverseBuilder/Content/Textures/ipad_shared_world_unselected.uasset" 316
"../../../../../home/josephtheengineer/workspace/edenproject/EdenUniverseBuilder/Content/Textures/UI/ipad_quit.uasset" 317
"../../../../../home/josephtheengineer/workspace/edenproject/EdenUniverseBuilder/Content/Textures/UI/ipad_save.uasset" 318
"../../../../../home/josephtheengineer/workspace/edenproject/EdenUniverseBuilder/Content/Blueprints/PlayWidget.uasset" 319
"../../../Engine/Content/Functions/Engine_MaterialFunctions02/Texturing/CustomRotator.uasset" 320
"../../../../../home/josephtheengineer/workspace/edenproject/EdenUniverseBuilder/Content/Textures/Blocks/TEX_GrassSide.uasset" 321
"../../../../../home/josephtheengineer/workspace/edenproject/EdenUniverseBuilder/Content/Materials/Blocks/MAT_Parent.uasset" 322
"../../../../../home/josephtheengineer/workspace/edenproject/EdenUniverseBuilder/Content/Textures/Blocks/TEX_TNTTop.uasset" 323
"../../../../../home/josephtheengineer/workspace/edenproject/EdenUniverseBuilder/Content/Materials/Blocks/MAT_TNTTop.uasset" 324
"../../../../../home/josephtheengineer/workspace/edenproject/EdenUniverseBuilder/Content/Textures/Blocks/TEX_BlockTNTSide.uasset" 325
"../../../../../home/josephtheengineer/workspace/edenproject/EdenUniverseBuilder/Content/Materials/Blocks/MAT_BlockTNTSide.uasset" 326
"../../../../../home/josephtheengineer/workspace/edenproject/EdenUniverseBuilder/Content/Textures/Blocks/TEX_Rock.uasset" 327
"../../../../../home/josephtheengineer/workspace/edenproject/EdenUniverseBuilder/Content/Materials/Blocks/MAT_Rock.uasset" 328
"../../../../../home/josephtheengineer/workspace/edenproject/EdenUniverseBuilder/Content/Textures/Blocks/TEX_WeedsSide.uasset" 329
"../../../../../home/josephtheengineer/workspace/edenproject/EdenUniverseBuilder/Content/Materials/Blocks/MAT_WeedsSide.uasset" 330
"../../../../../home/josephtheengineer/workspace/edenproject/EdenUniverseBuilder/Content/Textures/Blocks/TEX_Trampoline.uasset" 331
"../../../../../home/josephtheengineer/workspace/edenproject/EdenUniverseBuilder/Content/Materials/Blocks/MAT_Trampoline.uasset" 332
"../../../../../home/josephtheengineer/workspace/edenproject/EdenUniverseBuilder/Content/Textures/Blocks/TEX_Wood.uasset" 333
"../../../../../home/josephtheengineer/workspace/edenproject/EdenUniverseBuilder/Content/Materials/Blocks/MAT_Wood.uasset" 334
"../../../../../home/josephtheengineer/workspace/edenproject/EdenUniverseBuilder/Content/Textures/Blocks/TEX_Ice.uasset" 335
"../../../../../home/josephtheengineer/workspace/edenproject/EdenUniverseBuilder/Content/Materials/Blocks/MAT_Ice.uasset" 336
"../../../../../home/josephtheengineer/workspace/edenproject/EdenUniverseBuilder/Content/Textures/Blocks/TEX_Fence.uasset" 337
"../../../../../home/josephtheengineer/workspace/edenproject/EdenUniverseBuilder/Content/Materials/Blocks/MAT_Fence.uasset" 338
"../../../../../home/josephtheengineer/workspace/edenproject/EdenUniverseBuilder/Content/Textures/Blocks/TEX_WeedsTop.uasset" 339
"../../../../../home/josephtheengineer/workspace/edenproject/EdenUniverseBuilder/Content/Materials/Blocks/MAT_WeedsTop.uasset" 340
"../../../../../home/josephtheengineer/workspace/edenproject/EdenUniverseBuilder/Content/Textures/Blocks/TEX_Tiles.uasset" 341
"../../../../../home/josephtheengineer/workspace/edenproject/EdenUniverseBuilder/Content/Materials/Blocks/MAT_Tiles.uasset" 342
"../../../../../home/josephtheengineer/workspace/edenproject/EdenUniverseBuilder/Content/Textures/Blocks/TEX_TrunkSide.uasset" 343
"../../../../../home/josephtheengineer/workspace/edenproject/EdenUniverseBuilder/Content/Materials/Blocks/MAT_TrunkSide.uasset" 344
"../../../../../home/josephtheengineer/workspace/edenproject/EdenUniverseBuilder/Content/Materials/Blocks/MAT_GrassSide.uasset" 345
"../../../../../home/josephtheengineer/workspace/edenproject/EdenUniverseBuilder/Content/Textures/Blocks/TEX_TNTSide.uasset" 346
"../../../../../home/josephtheengineer/workspace/edenproject/EdenUniverseBuilder/Content/Materials/Blocks/MAT_TNTSide.uasset" 347
"../../../../../home/josephtheengineer/workspace/edenproject/EdenUniverseBuilder/Content/Textures/Blocks/TEX_Leaves.uasset" 348
"../../../../../home/josephtheengineer/workspace/edenproject/EdenUniverseBuilder/Content/Materials/Blocks/MAT_Leaves.uasset" 349
"../../../../../home/josephtheengineer/workspace/edenproject/EdenUniverseBuilder/Content/Textures/Blocks/TEX_Vines.uasset" 350
"../../../../../home/josephtheengineer/workspace/edenproject/EdenUniverseBuilder/Content/Materials/Blocks/MAT_Vines.uasset" 351
"../../../../../home/josephtheengineer/workspace/edenproject/EdenUniverseBuilder/Content/Textures/Blocks/TEX_Roof.uasset" 352
"../../../../../home/josephtheengineer/workspace/edenproject/EdenUniverseBuilder/Content/Materials/Blocks/MAT_Roof.uasset" 353
"../../../../../home/josephtheengineer/workspace/edenproject/EdenUniverseBuilder/Content/Textures/Blocks/TEX_Lava.uasset" 354
"../../../../../home/josephtheengineer/workspace/edenproject/EdenUniverseBuilder/Content/Materials/Blocks/MAT_Lava.uasset" 355
"../../../../../home/josephtheengineer/workspace/edenproject/EdenUniverseBuilder/Content/Textures/Blocks/TEX_LadderSide.uasset" 356
"../../../../../home/josephtheengineer/workspace/edenproject/EdenUniverseBuilder/Content/Materials/Blocks/MAT_LadderSide.uasset" 357
"../../../../../home/josephtheengineer/workspace/edenproject/EdenUniverseBuilder/Content/Textures/Blocks/TEX_Glass.uasset" 358
"../../../../../home/josephtheengineer/workspace/edenproject/EdenUniverseBuilder/Content/Materials/Blocks/MAT_Glass.uasset" 359
"../../../../../home/josephtheengineer/workspace/edenproject/EdenUniverseBuilder/Content/Textures/Blocks/TEX_Water.uasset" 360
"../../../../../home/josephtheengineer/workspace/edenproject/EdenUniverseBuilder/Content/Materials/Blocks/MAT_Water.uasset" 361
"../../../../../home/josephtheengineer/workspace/edenproject/EdenUniverseBuilder/Content/Textures/Blocks/TEX_Stone.uasset" 362
"../../../../../home/josephtheengineer/workspace/edenproject/EdenUniverseBuilder/Content/Materials/Blocks/MAT_Stone.uasset" 363
"../../../../../home/josephtheengineer/workspace/edenproject/EdenUniverseBuilder/Content/Textures/Blocks/TEX_FlowersTop.uasset" 364
"../../../../../home/josephtheengineer/workspace/edenproject/EdenUniverseBuilder/Content/Materials/Blocks/MAT_FlowersTop.uasset" 365
"../../../../../home/josephtheengineer/workspace/edenproject/EdenUniverseBuilder/Content/Textures/Blocks/TEX_TrunkTop.uasset" 366
"../../../../../home/josephtheengineer/workspace/edenproject/EdenUniverseBuilder/Content/Materials/Blocks/MAT_TrunkTop.uasset" 367
"../../../../../home/josephtheengineer/workspace/edenproject/EdenUniverseBuilder/Content/Textures/Blocks/TEX_GrassTop.uasset" 368
"../../../../../home/josephtheengineer/workspace/edenproject/EdenUniverseBuilder/Content/Materials/Blocks/MAT_GrassTop.uasset" 369
"../../../../../home/josephtheengineer/workspace/edenproject/EdenUniverseBuilder/Content/Textures/Blocks/TEX_Dirt.uasset" 370
"../../../../../home/josephtheengineer/workspace/edenproject/EdenUniverseBuilder/Content/Materials/Blocks/MAT_Dirt.uasset" 371
"../../../../../home/josephtheengineer/workspace/edenproject/EdenUniverseBuilder/Content/Textures/Blocks/TEX_Light.uasset" 372
"../../../../../home/josephtheengineer/workspace/edenproject/EdenUniverseBuilder/Content/Materials/Blocks/MAT_Light.uasset" 373
"../../../../../home/josephtheengineer/workspace/edenproject/EdenUniverseBuilder/Content/Textures/Blocks/TEX_Brick.uasset" 374
"../../../../../home/josephtheengineer/workspace/edenproject/EdenUniverseBuilder/Content/Materials/Blocks/MAT_Brick.uasset" 375
"../../../../../home/josephtheengineer/workspace/edenproject/EdenUniverseBuilder/Content/Textures/Blocks/TEX_Wallpaper.uasset" 376
"../../../../../home/josephtheengineer/workspace/edenproject/EdenUniverseBuilder/Content/Materials/Blocks/MAT_Wallpaper.uasset" 377
"../../../../../home/josephtheengineer/workspace/edenproject/EdenUniverseBuilder/Content/Textures/Blocks/TEX_Steel.uasset" 378
"../../../../../home/josephtheengineer/workspace/edenproject/EdenUniverseBuilder/Content/Materials/Blocks/MAT_Steel.uasset" 379
"../../../../../home/josephtheengineer/workspace/edenproject/EdenUniverseBuilder/Content/Textures/Blocks/TEX_FireworksSide.uasset" 380
"../../../../../home/josephtheengineer/workspace/edenproject/EdenUniverseBuilder/Content/Materials/Blocks/MAT_FireworksSide.uasset" 381
"../../../../../home/josephtheengineer/workspace/edenproject/EdenUniverseBuilder/Content/Textures/Blocks/TEX_Sand.uasset" 382
"../../../../../home/josephtheengineer/workspace/edenproject/EdenUniverseBuilder/Content/Materials/Blocks/MAT_Sand.uasset" 383
"../../../../../home/josephtheengineer/workspace/edenproject/EdenUniverseBuilder/Content/Textures/Blocks/TEX_Neon.uasset" 384
"../../../../../home/josephtheengineer/workspace/edenproject/EdenUniverseBuilder/Content/Materials/Blocks/MAT_Neon.uasset" 385
"../../../../../home/josephtheengineer/workspace/edenproject/EdenUniverseBuilder/Content/Textures/Blocks/TEX_Cloud.uasset" 386
"../../../../../home/josephtheengineer/workspace/edenproject/EdenUniverseBuilder/Content/Materials/Blocks/MAT_Cloud.uasset" 387
"../../../../../home/josephtheengineer/workspace/edenproject/EdenUniverseBuilder/Content/Textures/Blocks/TEX_Bedrock.uasset" 388
"../../../../../home/josephtheengineer/workspace/edenproject/EdenUniverseBuilder/Content/Materials/Blocks/MAT_Bedrock.uasset" 389
"../../../../../home/josephtheengineer/workspace/edenproject/EdenUniverseBuilder/Content/FirstPerson/Textures/FirstPersonCrosshair.uasset" 390
"../../../../../home/josephtheengineer/workspace/edenproject/EdenUniverseBuilder/Content/FirstPerson/Character/Mesh/SK_Mannequin_Arms_Skeleton.uasset" 391
"../../../../../home/josephtheengineer/workspace/edenproject/EdenUniverseBuilder/Content/FirstPerson/Animations/FirstPerson_Idle.uasset" 392
"../../../../../home/josephtheengineer/workspace/edenproject/EdenUniverseBuilder/Content/FirstPerson/Animations/FirstPerson_JumpEnd.uasset" 393
"../../../../../home/josephtheengineer/workspace/edenproject/EdenUniverseBuilder/Content/FirstPerson/Animations/FirstPerson_JumpLoop.uasset" 394
"../../../../../home/josephtheengineer/workspace/edenproject/EdenUniverseBuilder/Content/FirstPerson/Animations/FirstPerson_JumpStart.uasset" 395
"../../../../../home/josephtheengineer/workspace/edenproject/EdenUniverseBuilder/Content/FirstPerson/Animations/FirstPerson_Run.uasset" 396
"../../../../../home/josephtheengineer/workspace/edenproject/EdenUniverseBuilder/Content/FirstPerson/Animations/FirstPerson_AnimBP.uasset" 397
"../../../../../home/josephtheengineer/workspace/edenproject/EdenUniverseBuilder/Content/FirstPerson/Animations/FirstPerson_Fire.uasset" 398
"../../../../../home/josephtheengineer/workspace/edenproject/EdenUniverseBuilder/Content/FirstPerson/Animations/FirstPersonFire_Montage.uasset" 399
"../../../../../home/josephtheengineer/workspace/edenproject/EdenUniverseBuilder/Content/FirstPerson/Meshes/BaseMaterial.uasset" 400
"../../../../../home/josephtheengineer/workspace/edenproject/EdenUniverseBuilder/Content/FirstPerson/Meshes/FirstPersonProjectileMaterial.uasset" 401
"../../../../../home/josephtheengineer/workspace/edenproject/EdenUniverseBuilder/Content/FirstPerson/Meshes/FirstPersonProjectileMesh.uasset" 402
"../../../../../home/josephtheengineer/workspace/edenproject/EdenUniverseBuilder/Content/FirstPersonCPP/Blueprints/FirstPersonProjectile.uasset" 403
"../../../../../home/josephtheengineer/workspace/edenproject/EdenUniverseBuilder/Content/FirstPerson/Audio/FirstPersonTemplateWeaponFire02.uasset" 404
"../../../Engine/Content/Functions/Engine_MaterialFunctions02/Utility/BlendAngleCorrectedNormals.uasset" 405
"../../../Engine/Content/Functions/MaterialLayerFunctions/MatLayerBlend_NormalBlend.uasset" 406
"../../../Engine/Content/Functions/MaterialLayerFunctions/MatLayerBlend_Simple.uasset" 407
"../../../../../home/josephtheengineer/workspace/edenproject/EdenUniverseBuilder/Content/FirstPerson/Character/Materials/MaterialLayers/T_ML_Rubber_Blue_01_D.uasset" 408
"../../../../../home/josephtheengineer/workspace/edenproject/EdenUniverseBuilder/Content/FirstPerson/Character/Materials/MaterialLayers/T_ML_Rubber_Blue_01_N.uasset" 409
"../../../../../home/josephtheengineer/workspace/edenproject/EdenUniverseBuilder/Content/FirstPerson/Character/Materials/MaterialLayers/ML_GlossyBlack_Latex_UE4.uasset" 410
"../../../../../home/josephtheengineer/workspace/edenproject/EdenUniverseBuilder/Content/FirstPerson/Character/Materials/MaterialLayers/ML_Plastic_Shiny_Beige.uasset" 411
"../../../../../home/josephtheengineer/workspace/edenproject/EdenUniverseBuilder/Content/FirstPerson/Character/Textures/UE4_LOGO_CARD.uasset" 412
"../../../../../home/josephtheengineer/workspace/edenproject/EdenUniverseBuilder/Content/FirstPerson/Character/Materials/MaterialLayers/ML_Plastic_Shiny_Beige_LOGO.uasset" 413
"../../../../../home/josephtheengineer/workspace/edenproject/EdenUniverseBuilder/Content/FirstPerson/Character/Materials/MaterialLayers/T_ML_Aluminum01.uasset" 414
"../../../../../home/josephtheengineer/workspace/edenproject/EdenUniverseBuilder/Content/FirstPerson/Character/Materials/MaterialLayers/T_ML_Aluminum01_N.uasset" 415
"../../../../../home/josephtheengineer/workspace/edenproject/EdenUniverseBuilder/Content/FirstPerson/Character/Materials/MaterialLayers/ML_SoftMetal_UE4.uasset" 416
"../../../../../home/josephtheengineer/workspace/edenproject/EdenUniverseBuilder/Content/FirstPerson/Character/Textures/UE4_Mannequin__normals.uasset" 417
"../../../../../home/josephtheengineer/workspace/edenproject/EdenUniverseBuilder/Content/FirstPerson/Character/Textures/UE4_Mannequin_MAT_MASKA.uasset" 418
"../../../../../home/josephtheengineer/workspace/edenproject/EdenUniverseBuilder/Content/FirstPerson/Character/Materials/M_UE4Man_Body.uasset" 419
"../../../../../home/josephtheengineer/workspace/edenproject/EdenUniverseBuilder/Content/FirstPerson/Character/Mesh/SK_Mannequin_Arms_PhysicsAsset.uasset" 420
"../../../../../home/josephtheengineer/workspace/edenproject/EdenUniverseBuilder/Content/FirstPerson/Character/Mesh/SK_Mannequin_Arms.uasset" 421
"../../../../../home/josephtheengineer/workspace/edenproject/EdenUniverseBuilder/Content/FirstPerson/FPWeapon/Materials/MaterialLayers/T_ML_Rubber_Blue_01_D.uasset" 422
"../../../../../home/josephtheengineer/workspace/edenproject/EdenUniverseBuilder/Content/FirstPerson/FPWeapon/Materials/MaterialLayers/T_ML_Rubber_Blue_01_N.uasset" 423
"../../../../../home/josephtheengineer/workspace/edenproject/EdenUniverseBuilder/Content/FirstPerson/FPWeapon/Materials/MaterialLayers/ML_GlossyBlack_Latex_UE4.uasset" 424
"../../../../../home/josephtheengineer/workspace/edenproject/EdenUniverseBuilder/Content/FirstPerson/FPWeapon/Materials/MaterialLayers/ML_Plastic_Shiny_Beige.uasset" 425
"../../../../../home/josephtheengineer/workspace/edenproject/EdenUniverseBuilder/Content/FirstPerson/FPWeapon/Materials/MaterialLayers/ML_Screen.uasset" 426
"../../../../../home/josephtheengineer/workspace/edenproject/EdenUniverseBuilder/Content/FirstPerson/FPWeapon/Materials/MaterialLayers/T_ML_Aluminum01.uasset" 427
"../../../../../home/josephtheengineer/workspace/edenproject/EdenUniverseBuilder/Content/FirstPerson/FPWeapon/Materials/MaterialLayers/T_ML_Aluminum01_N.uasset" 428
"../../../../../home/josephtheengineer/workspace/edenproject/EdenUniverseBuilder/Content/FirstPerson/FPWeapon/Materials/MaterialLayers/ML_SoftMetal_UE4.uasset" 429
"../../../../../home/josephtheengineer/workspace/edenproject/EdenUniverseBuilder/Content/FirstPerson/FPWeapon/Textures/T_FPGun_M.uasset" 430
"../../../../../home/josephtheengineer/workspace/edenproject/EdenUniverseBuilder/Content/FirstPerson/FPWeapon/Textures/T_FPGun_N.uasset" 431
"../../../../../home/josephtheengineer/workspace/edenproject/EdenUniverseBuilder/Content/FirstPerson/FPWeapon/Materials/M_FPGun.uasset" 432
"../../../../../home/josephtheengineer/workspace/edenproject/EdenUniverseBuilder/Content/FirstPerson/FPWeapon/Mesh/SK_FPGun_Skeleton.uasset" 433
"../../../../../home/josephtheengineer/workspace/edenproject/EdenUniverseBuilder/Content/FirstPerson/FPWeapon/Mesh/SK_FPGun.uasset" 434
"../../../../../home/josephtheengineer/workspace/edenproject/EdenUniverseBuilder/Content/FirstPersonCPP/Blueprints/FirstPersonCharacter.uasset" 435
"../../Plugins/2D/Paper2D/Content/PlaceholderTextures/DummySpriteTexture.uasset" 436
"../../Plugins/2D/Paper2D/Content/DummySprite.uasset" 437
"../../Plugins/2D/Paper2D/Content/DefaultPaperTerrainMaterial.uasset" 438
"../../Plugins/2D/Paper2D/Content/DefaultSpriteMaterial.uasset" 439
"../../Plugins/2D/Paper2D/Content/MaskedUnlitSpriteMaterial.uasset" 440
"../../Plugins/2D/Paper2D/Content/OpaqueUnlitSpriteMaterial.uasset" 441
"../../Plugins/Enterprise/DatasmithContent/Content/Blueprints/FBXImporter/ArrayOfActor.uasset" 442
"../../Plugins/Enterprise/DatasmithContent/Content/Blueprints/FBXImporter/ArrayOfSwitch.uasset" 443
"../../Plugins/Enterprise/DatasmithContent/Content/Blueprints/FBXImporter/BP_SceneNode.uasset" 444
"../../Plugins/Enterprise/DatasmithContent/Content/Blueprints/FBXImporter/BP_Switch.uasset" 445
"../../Plugins/Enterprise/DatasmithContent/Content/Blueprints/FBXImporter/BP_SceneRoot.uasset" 446
"../../Plugins/Enterprise/DatasmithContent/Content/Blueprints/FBXImporter/FBXImporterUtils.uasset" 447
"../../Plugins/Enterprise/DatasmithContent/Content/Blueprints/FBXImporter/Animation/VREDAnimCurveType.uasset" 448
"../../Plugins/Enterprise/DatasmithContent/Content/Blueprints/FBXImporter/Animation/DeltaGenAnimationTrackType.uasset" 449
"../../Plugins/Enterprise/DatasmithContent/Content/Blueprints/FBXImporter/Animation/VREDAnimationTrackType.uasset" 450
"../../Plugins/Enterprise/DatasmithContent/Content/Blueprints/FBXImporter/Animation/VREDAnimationTrackComponent.uasset" 451
"../../Plugins/Enterprise/DatasmithContent/Content/Blueprints/FBXImporter/Animation/VREDAnimCurveComponent.uasset" 452
"../../Plugins/Enterprise/DatasmithContent/Content/Blueprints/FBXImporter/Variants/VREDVariantType.uasset" 453
"../../Plugins/Enterprise/DatasmithContent/Content/Blueprints/FBXImporter/Variants/VariantSwitchType.uasset" 454
"../../Plugins/Enterprise/DatasmithContent/Content/Blueprints/FBXImporter/Variants/VREDVariantSwitchType.uasset" 455
"../../../Engine/Content/Maps/Entry_BuiltData.uasset" 456
"../../../Engine/Content/Maps/Entry.umap" 457
"../../../../../home/josephtheengineer/workspace/edenproject/EdenUniverseBuilder/Content/Blueprints/WorldListWidget.uasset" 458
"../../../../../home/josephtheengineer/workspace/edenproject/EdenUniverseBuilder/Content/Textures/ipad_world_unselected.uasset" 459
"../../../../../home/josephtheengineer/workspace/edenproject/EdenUniverseBuilder/Content/Textures/UI/edenlogo.uasset" 460
"../../../../../home/josephtheengineer/workspace/edenproject/EdenUniverseBuilder/Content/Textures/UI/ipad_arrow_down.uasset" 461
"../../../../../home/josephtheengineer/workspace/edenproject/EdenUniverseBuilder/Content/Textures/UI/ipad_arrow_left.uasset" 462
"../../../../../home/josephtheengineer/workspace/edenproject/EdenUniverseBuilder/Content/Textures/UI/ipad_arrow_right.uasset" 463
"../../../../../home/josephtheengineer/workspace/edenproject/EdenUniverseBuilder/Content/Textures/UI/ipad_arrow_up.uasset" 464
"../../../../../home/josephtheengineer/workspace/edenproject/EdenUniverseBuilder/Content/Textures/UI/ipad_back.uasset" 465
"../../../../../home/josephtheengineer/workspace/edenproject/EdenUniverseBuilder/Content/Textures/UI/ipad_create_world.uasset" 466
"../../../../../home/josephtheengineer/workspace/edenproject/EdenUniverseBuilder/Content/Textures/UI/ipad_delete_world.uasset" 467
"../../../../../home/josephtheengineer/workspace/edenproject/EdenUniverseBuilder/Content/Textures/UI/ipad_load_world.uasset" 468
"../../../../../home/josephtheengineer/workspace/edenproject/EdenUniverseBuilder/Content/Textures/UI/ipad_menu_off.uasset" 469
"../../../../../home/josephtheengineer/workspace/edenproject/EdenUniverseBuilder/Content/Textures/UI/ipad_menu_on.uasset" 470
"../../../../../home/josephtheengineer/workspace/edenproject/EdenUniverseBuilder/Content/Textures/UI/ipad_options.uasset" 471
"../../../../../home/josephtheengineer/workspace/edenproject/EdenUniverseBuilder/Content/Textures/UI/ipad_pinwheel.uasset" 472
"../../../../../home/josephtheengineer/workspace/edenproject/EdenUniverseBuilder/Content/Textures/UI/ipad_share_world.uasset" 473
"../../../../../home/josephtheengineer/workspace/edenproject/EdenUniverseBuilder/Content/Textures/UI/ipad_treelayerleft.uasset" 474
"../../../../../home/josephtheengineer/workspace/edenproject/EdenUniverseBuilder/Content/Blueprints/MainMenuWidget.uasset" 475
"../../../../../home/josephtheengineer/workspace/edenproject/EdenUniverseBuilder/Content/Blueprints/MainMenuHUD.uasset" 476
"../../../../../home/josephtheengineer/workspace/edenproject/EdenUniverseBuilder/Content/Blueprints/MainMenuMode.uasset" 477
"../../../../../home/josephtheengineer/workspace/edenproject/EdenUniverseBuilder/Content/MainMenu.umap" 478
