Log file open, 12/30/18 12:27:21
LogPakFile: Registered encryption key '00000000000000000000000000000000': 0 pak files mounted, 0 remain pending
LogPlatformFile: Not using cached read wrapper
LogTaskGraph: Started task graph with 4 named threads and 5 total threads with 1 sets of task threads.
LogICUInternationalization: ICU TimeZone Detection - Raw Offset: +10:00, Platform Override: ''
LogInit: Build: ++UE4+Release-4.21-CL-0
LogInit: Engine Version: 4.21.0-0+++UE4+Release-4.21
LogInit: Compatible Engine Version: 4.21.0-0+++UE4+Release-4.21
LogInit: Net CL: 0
LogInit: OS: GenericOSVersionLabel (GenericOSSubVersionLabel), CPU: Intel(R) Core(TM) i5-6200U CPU @ 2.30GHz, GPU: GenericGPUBrand
LogInit: Compiled (64-bit): Dec  7 2018 20:09:15
LogInit: Compiled with Clang: 7.0.0 (tags/RELEASE_700/final)
LogInit: Build Configuration: Shipping
LogInit: Branch Name: ++UE4+Release-4.21
LogInit: Command Line:  -Abslog=/home/josephtheengineer/workspace/edenproject/EdenUniverseBuilder/Saved/Logs/EdenUniverseBuilder-CRC.log /home/josephtheengineer/workspace/edenproject/EdenUniverseBuilder/Saved/Crashes/crashinfo-EdenUniverseBuilder-pid-6657-16BE373D08D66E52253F53E41670811D/
LogInit: Base Directory: /opt/unreal-engine/Engine/Binaries/Linux/
LogInit: Installed Engine Build: 1
LogInit: Presizing for max 100000 objects, including 0 objects not considered by GC, pre-allocating 0 bytes for permanent pool.
LogInit: Object subsystem initialized
LogConfig: Applying CVar settings from Section [ConsoleVariables] File [/home/josephtheengineer/.config/Epic/CrashReportClient/Saved/Config/Linux/Engine.ini]
[2018.12.30-02.27.21:222][  0]LogInit: Unix hardware info:
[2018.12.30-02.27.21:222][  0]LogInit:  - we are the first instance of this executable
[2018.12.30-02.27.21:222][  0]LogInit:  - this process' id (pid) is 7761, parent process' id (ppid) is 6657
[2018.12.30-02.27.21:222][  0]LogInit:  - we are not running under debugger
[2018.12.30-02.27.21:222][  0]LogInit:  - machine network name is 'Yoshi'
[2018.12.30-02.27.21:223][  0]LogInit:  - user name is 'josephtheengineer' (josephtheengineer)
[2018.12.30-02.27.21:223][  0]LogInit:  - we're logged in locally
[2018.12.30-02.27.21:223][  0]LogInit:  - we're running with rendering
[2018.12.30-02.27.21:223][  0]LogInit:  - CPU: GenuineIntel 'Intel(R) Core(TM) i5-6200U CPU @ 2.30GHz' (signature: 0x406E3)
[2018.12.30-02.27.21:223][  0]LogInit:  - Number of physical cores available for the process: 2
[2018.12.30-02.27.21:223][  0]LogInit:  - Number of logical cores available for the process: 4
[2018.12.30-02.27.21:223][  0]LogInit:  - Cache line size: 64
[2018.12.30-02.27.21:223][  0]LogInit:  - Memory allocator used: binned2
[2018.12.30-02.27.21:223][  0]LogCore: Skipped benchmarking clocks because the engine is running in a standalone program mode - CLOCK_REALTIME will be used.
[2018.12.30-02.27.21:223][  0]LogInit: Unix-specific commandline switches:
[2018.12.30-02.27.21:223][  0]LogInit:  -ansimalloc - use malloc()/free() from libc (useful for tools like valgrind and electric fence)
[2018.12.30-02.27.21:223][  0]LogInit:  -jemalloc - use jemalloc for all memory allocation
[2018.12.30-02.27.21:223][  0]LogInit:  -binnedmalloc - use binned malloc  for all memory allocation
[2018.12.30-02.27.21:223][  0]LogInit:  -filemapcachesize=NUMBER - set the size for case-sensitive file mapping cache
[2018.12.30-02.27.21:223][  0]LogInit:  -useksm - uses kernel same-page mapping (KSM) for mapped memory (OFF)
[2018.12.30-02.27.21:223][  0]LogInit:  -ksmmergeall - marks all mmap'd memory pages suitable for KSM (OFF)
[2018.12.30-02.27.21:223][  0]LogInit:  -httpproxy=ADDRESS:PORT - redirects HTTP requests to a proxy (only supported if compiled with libcurl)
[2018.12.30-02.27.21:223][  0]LogInit:  -reuseconn - allow libcurl to reuse HTTP connections (only matters if compiled with libcurl)
[2018.12.30-02.27.21:223][  0]LogInit:  -virtmemkb=NUMBER - sets process virtual memory (address space) limit (overrides VirtualMemoryLimitInKB value from .ini)
[2018.12.30-02.27.21:223][  0]LogInit:  - Physical RAM available (not considering process quota): 8 GB (7859 MB, 8048256 KB, 8241414144 bytes)
[2018.12.30-02.27.21:223][  0]LogInit:  - VirtualMemoryAllocator pools will grow at scale 1.4
[2018.12.30-02.27.21:223][  0]LogInit:  - MemoryRangeDecommit() will be a no-op (re-run with -vmapoolevict to change)
[2018.12.30-02.27.21:265][  0]LogAssetRegistry: FAssetRegistry took 0.0209 seconds to start up
[2018.12.30-02.27.21:265][  0]LogUObjectArray: 1040 objects as part of root set at end of initial load.
[2018.12.30-02.27.21:265][  0]LogUObjectAllocator: 153328 out of 0 bytes used by permanent object pool.
[2018.12.30-02.27.21:265][  0]LogUObjectArray: CloseDisregardForGC: 0/0 objects in disregard for GC pool
[2018.12.30-02.27.21:265][  0]LogInit: Using OS detected language (en-AU).
[2018.12.30-02.27.21:265][  0]LogInit: Using OS detected locale (en-AU).
[2018.12.30-02.27.21:265][  0]LogTextLocalizationManager: No localization for 'en-AU' exists, so 'en' will be used for the language.
[2018.12.30-02.27.21:265][  0]LogTextLocalizationManager: No localization for 'en-AU' exists, so 'en' will be used for the locale.
[2018.12.30-02.27.21:295][  0]LogInit: Using OS detected language (en-AU).
[2018.12.30-02.27.21:295][  0]LogInit: Using OS detected locale (en-AU).
[2018.12.30-02.27.21:295][  0]LogTextLocalizationManager: No localization for 'en-AU' exists, so 'en' will be used for the language.
[2018.12.30-02.27.21:295][  0]LogTextLocalizationManager: No localization for 'en-AU' exists, so 'en' will be used for the locale.
[2018.12.30-02.27.21:295][  0]LogPackageLocalizationCache: Processed 2 localized package path(s) for 1 prioritized culture(s) in 0.000044 seconds
[2018.12.30-02.27.21:295][  0]CrashReportClientLog: CrashReportClientVersion=1.0
[2018.12.30-02.27.21:295][  0]CrashReportClientLog: CrashReportReceiver disabled
[2018.12.30-02.27.21:295][  0]CrashReportClientLog: DataRouterUrl: https://datarouter.ol.epicgames.com/datarouter/api/v1/public/data
[2018.12.30-02.27.21:298][  0]LogInit: Initializing SDL.
[2018.12.30-02.27.21:379][  0]LogInit: Initialized SDL 2.0.8 revision: 11184 (hg-12121:4358e537000a with EpicExtensions) (compiled against 2.0.8)
[2018.12.30-02.27.21:380][  0]LogInit: Using SDL video driver 'x11'
[2018.12.30-02.27.21:386][  0]LogSlate: New Slate User Created.  User Index 0, Is Virtual User: 0
[2018.12.30-02.27.21:386][  0]LogSlate: Slate User Registered.  User Index 0, Is Virtual User: 0
[2018.12.30-02.27.21:386][  0]LogSlate: Using FreeType 2.6.0
[2018.12.30-02.27.21:387][  0]LogSlate: SlateFontServices - WITH_FREETYPE: 1, WITH_HARFBUZZ: 0
[2018.12.30-02.27.21:387][  0]LogInit: Using SDL_WINDOW_OPENGL
[2018.12.30-02.27.21:390][  0]LogInit: FSlateOpenGLContext::Initialize - creating OpenGL 2.1 context
[2018.12.30-02.27.21:513][  0]CrashReportClientLog: Initial state = Unknown UploadState value
[2018.12.30-02.27.21:513][  0]CrashReportClientLog: Initial state = Unknown UploadState value
[2018.12.30-02.27.21:521][  0]LogLinux: Scale at X=0.000000, Y=0.000000: 2.000000 (monitor=#0, HDPI=174.171432 (horz scale: 1.814286), VDPI=171.449997 (vert scale: 1.785937))
[2018.12.30-02.27.21:521][  0]LogLinux: Scale at X=210.000000, Y=0.000000: 2.000000 (monitor=#0, HDPI=174.171432 (horz scale: 1.814286), VDPI=171.449997 (vert scale: 1.785937))
[2018.12.30-02.27.21:521][  0]LogLinux: Scale at X=955.000000, Y=577.000000: 2.000000 (monitor=#0, HDPI=174.171432 (horz scale: 1.814286), VDPI=171.449997 (vert scale: 1.785937))
[2018.12.30-02.27.21:523][  0]LogInit: FSlateOpenGLContext::Initialize - creating OpenGL 2.1 context
[2018.12.30-02.27.21:537][  0]LogSlate: Took 0.000068 seconds to synchronously load lazily loaded font '../../../Engine/Content/Slate/Fonts/Roboto-Regular.ttf' (155K)
[2018.12.30-02.27.21:540][  0]LogSlate: Took 0.000058 seconds to synchronously load lazily loaded font '../../../Engine/Content/Slate/Fonts/Roboto-Bold.ttf' (160K)
[2018.12.30-02.27.21:548][  0]LogSlate: Took 0.000110 seconds to synchronously load lazily loaded font '../../../Engine/Content/Slate/Fonts/Roboto-Italic.ttf' (157K)
[2018.12.30-02.29.29:151][  0]LogSlate: Request Window 'Unreal Engine 4 Crash Reporter' being destroyed
[2018.12.30-02.29.29:151][  0]LogSlate: Window 'Unreal Engine 4 Crash Reporter' being destroyed
[2018.12.30-02.29.29:166][  0]LogSlate: Slate User Destroyed.  User Index 0, Is Virtual User: 0
[2018.12.30-02.29.29:166][  0]LogExit: Preparing to exit.
[2018.12.30-02.29.29:169][  0]LogExit: Object subsystem successfully closed.
[2018.12.30-02.29.29:173][  0]LogModuleManager: Shutting down and abandoning module ImageWrapper (10)
[2018.12.30-02.29.29:174][  0]LogModuleManager: Shutting down and abandoning module InputCore (8)
[2018.12.30-02.29.29:174][  0]LogModuleManager: Shutting down and abandoning module CoreUObject (6)
[2018.12.30-02.29.29:174][  0]LogModuleManager: Shutting down and abandoning module SandboxFile (4)
[2018.12.30-02.29.29:174][  0]LogModuleManager: Shutting down and abandoning module PakFile (2)
[2018.12.30-02.29.29:174][  0]LogExit: Exiting.
[2018.12.30-02.29.29:174][  0]LogInit: Tearing down SDL.
[2018.12.30-02.29.29:187][  0]Log file closed, 12/30/18 12:29:29
