Log file open, 07/15/18 06:54:40
LogInit: Display: Running engine for game: EdenUniverseBuilder
LogPlatformFile: Not using cached read wrapper
LogInit: Display: RandInit(-837729198) SRandInit(-837729198).
LogInit: Read version file with build ID 'e95881c0-816a-4794-b2da-b8469e9c0afa'
LogInit: Registered custom module enumerator with build ID 'e95881c0-816a-4794-b2da-b8469e9c0afa'
LogTaskGraph: Started task graph with 5 named threads and 14 total threads with 3 sets of task threads.
LogStats: Stats thread started at 0.041642
LogICUInternationalization: Display: ICU TimeZone Detection - Raw Offset: +10:00, Platform Override: ''
LogPluginManager: Mounting plugin ActorSequence
LogPluginManager: Mounting plugin LevelSequenceEditor
LogPluginManager: Mounting plugin MatineeToLevelSequence
LogPluginManager: Mounting plugin AudioCapture
LogPluginManager: Mounting plugin AppleARKit
LogPluginManager: Mounting plugin IOSDeviceProfileSelector
LogPluginManager: Mounting plugin WindowsMoviePlayer
LogPluginManager: Mounting plugin LinuxDeviceProfileSelector
LogPluginManager: Mounting plugin PhysXVehicles
LogPluginManager: Mounting plugin RuntimePhysXCooking
LogPluginManager: Mounting plugin CustomMeshComponent
LogPluginManager: Mounting plugin LocationServicesBPLibrary
LogPluginManager: Mounting plugin OculusVR
LogPluginManager: Plugin shader directory ../../../Engine/Plugins/Runtime/Oculus/OculusVR/Shaders found
LogPluginManager: Mapping shader source directory ../../../Engine/Plugins/Runtime/Oculus/OculusVR/Shaders to virtual directory /Plugin/OculusVR
LogPluginManager: Mounting plugin ProceduralMeshComponent
LogPluginManager: Mounting plugin AndroidMoviePlayer
LogPluginManager: Mounting plugin ImmediatePhysics
LogPluginManager: Mounting plugin GoogleCloudMessaging
LogPluginManager: Mounting plugin MobilePatchingUtils
LogPluginManager: Mounting plugin AndroidPermission
LogPluginManager: Mounting plugin AndroidDeviceProfileSelector
LogPluginManager: Mounting plugin ArchVisCharacter
LogPluginManager: Mounting plugin CableComponent
LogPluginManager: Mounting plugin ExampleDeviceProfileSelector
LogPluginManager: Mounting plugin AppleMoviePlayer
LogPluginManager: Mounting plugin SteamVR
LogPluginManager: Mounting plugin DatasmithContent
LogPluginManager: Mounting plugin TcpMessaging
LogPluginManager: Mounting plugin UdpMessaging
LogPluginManager: Mounting plugin LiveLink
LogPluginManager: Mounting plugin DataValidation
LogPluginManager: Mounting plugin CryptoKeys
LogPluginManager: Mounting plugin MobileLauncherProfileWizard
LogPluginManager: Mounting plugin FacialAnimation
LogPluginManager: Mounting plugin PluginBrowser
LogPluginManager: Mounting plugin GameplayTagsEditor
LogPluginManager: Mounting plugin AssetManagerEditor
LogPluginManager: Mounting plugin SpeedTreeImporter
LogPluginManager: Mounting plugin NUTUnrealEngine4
LogPluginManager: Mounting plugin NetcodeUnitTest
LogPluginManager: Mounting plugin LightPropagationVolume
LogPluginManager: Mounting plugin Paper2D
LogPluginManager: Mounting plugin KDevelopSourceCodeAccess
LogPluginManager: Mounting plugin XCodeSourceCodeAccess
LogPluginManager: Mounting plugin VisualStudioCodeSourceCodeAccess
LogPluginManager: Mounting plugin NullSourceCodeAccess
LogPluginManager: Mounting plugin VisualStudioSourceCodeAccess
LogPluginManager: Mounting plugin SubversionSourceControl
LogPluginManager: Mounting plugin GitSourceControl
LogPluginManager: Mounting plugin PerforceSourceControl
LogPluginManager: Mounting plugin CodeLiteSourceCodeAccess
LogPluginManager: Mounting plugin UObjectPlugin
LogPluginManager: Mounting plugin CLionSourceCodeAccess
LogPluginManager: Mounting plugin AlembicImporter
LogPluginManager: Mounting plugin HTML5Networking
LogPluginManager: Mounting plugin CharacterAI
LogPluginManager: Mounting plugin WmfMedia
LogPluginManager: Mounting plugin LinearTimecode
LogPluginManager: Mounting plugin MediaCompositing
LogPluginManager: Mounting plugin AndroidMedia
LogPluginManager: Mounting plugin ImgMedia
LogPluginManager: Mounting plugin MediaPlayerEditor
LogPluginManager: Mounting plugin AvfMedia
LogPluginManager: Mounting plugin OnlineSubsystemUtils
LogPluginManager: Mounting plugin OnlineSubsystemIOS
LogPluginManager: Mounting plugin OnlineSubsystem
LogPluginManager: Mounting plugin OnlineSubsystemGooglePlay
LogPluginManager: Mounting plugin OnlineSubsystemNull
LogStreaming: Display: Took  0.223s to configure plugins.
LogModuleManager: Display: Found up-to-date module file ../../../../../home/josephtheengineer/workspace/EdenProject/Engine/Binaries/Linux/libUE4Editor-EdenUniverseBuilder-8806.so (API version 0).
LogModuleManager: Display: Found up-to-date module file ../../../Engine/Plugins/MovieScene/ActorSequence/Binaries/Linux/libUE4Editor-ActorSequence.so (API version 0).
LogModuleManager: Display: Found up-to-date module file ../../../Engine/Plugins/MovieScene/LevelSequenceEditor/Binaries/Linux/libUE4Editor-LevelSequenceEditor.so (API version 0).
LogModuleManager: Display: Found up-to-date module file ../../../Engine/Plugins/MovieScene/MatineeToLevelSequence/Binaries/Linux/libUE4Editor-MatineeToLevelSequence.so (API version 0).
LogModuleManager: Display: Found up-to-date module file ../../../Engine/Plugins/Runtime/LinuxDeviceProfileSelector/Binaries/Linux/libUE4Editor-LinuxDeviceProfileSelector.so (API version 0).
LogModuleManager: Display: Found up-to-date module file ../../../Engine/Plugins/Runtime/PhysXVehicles/Binaries/Linux/libUE4Editor-PhysXVehicles.so (API version 0).
LogModuleManager: Display: Found up-to-date module file ../../../Engine/Plugins/Runtime/PhysXVehicles/Binaries/Linux/libUE4Editor-PhysXVehiclesEditor.so (API version 0).
LogModuleManager: Display: Found up-to-date module file ../../../Engine/Plugins/Runtime/RuntimePhysXCooking/Binaries/Linux/libUE4Editor-RuntimePhysXCooking.so (API version 0).
LogModuleManager: Display: Found up-to-date module file ../../../Engine/Plugins/Runtime/CustomMeshComponent/Binaries/Linux/libUE4Editor-CustomMeshComponent.so (API version 0).
LogModuleManager: Display: Found up-to-date module file ../../../Engine/Plugins/Runtime/LocationServicesBPLibrary/Binaries/Linux/libUE4Editor-LocationServicesBPLibrary.so (API version 0).
LogModuleManager: Display: Found up-to-date module file ../../../Engine/Plugins/Runtime/ProceduralMeshComponent/Binaries/Linux/libUE4Editor-ProceduralMeshComponent.so (API version 0).
LogModuleManager: Display: Found up-to-date module file ../../../Engine/Plugins/Runtime/ProceduralMeshComponent/Binaries/Linux/libUE4Editor-ProceduralMeshComponentEditor.so (API version 0).
LogModuleManager: Display: Found up-to-date module file ../../../Engine/Plugins/Runtime/ImmediatePhysics/Binaries/Linux/libUE4Editor-ImmediatePhysics.so (API version 0).
LogModuleManager: Display: Found up-to-date module file ../../../Engine/Plugins/Runtime/ImmediatePhysics/Binaries/Linux/libUE4Editor-ImmediatePhysicsEditor.so (API version 0).
LogModuleManager: Display: Found up-to-date module file ../../../Engine/Plugins/Runtime/MobilePatchingUtils/Binaries/Linux/libUE4Editor-MobilePatchingUtils.so (API version 0).
LogModuleManager: Display: Found up-to-date module file ../../../Engine/Plugins/Runtime/AndroidPermission/Binaries/Linux/libUE4Editor-AndroidPermission.so (API version 0).
LogModuleManager: Display: Found up-to-date module file ../../../Engine/Plugins/Runtime/AndroidDeviceProfileSelector/Binaries/Linux/libUE4Editor-AndroidDeviceProfileSelector.so (API version 0).
LogModuleManager: Display: Found up-to-date module file ../../../Engine/Plugins/Runtime/ArchVisCharacter/Binaries/Linux/libUE4Editor-ArchVisCharacter.so (API version 0).
LogModuleManager: Display: Found up-to-date module file ../../../Engine/Plugins/Runtime/CableComponent/Binaries/Linux/libUE4Editor-CableComponent.so (API version 0).
LogModuleManager: Display: Found up-to-date module file ../../../Engine/Plugins/Runtime/ExampleDeviceProfileSelector/Binaries/Linux/libUE4Editor-ExampleDeviceProfileSelector.so (API version 0).
LogModuleManager: Display: Found up-to-date module file ../../../Engine/Plugins/Runtime/Steam/SteamVR/Binaries/Linux/libUE4Editor-SteamVR.so (API version 0).
LogModuleManager: Display: Found up-to-date module file ../../../Engine/Plugins/Runtime/Steam/SteamVR/Binaries/Linux/libUE4Editor-SteamVRController.so (API version 0).
LogModuleManager: Display: Found up-to-date module file ../../../Engine/Plugins/Enterprise/DatasmithContent/Binaries/Linux/libUE4Editor-DatasmithContent.so (API version 0).
LogModuleManager: Display: Found up-to-date module file ../../../Engine/Plugins/Messaging/TcpMessaging/Binaries/Linux/libUE4Editor-TcpMessaging.so (API version 0).
LogModuleManager: Display: Found up-to-date module file ../../../Engine/Plugins/Messaging/UdpMessaging/Binaries/Linux/libUE4Editor-UdpMessaging.so (API version 0).
LogModuleManager: Display: Found up-to-date module file ../../../Engine/Plugins/Animation/LiveLink/Binaries/Linux/libUE4Editor-LiveLink.so (API version 0).
LogModuleManager: Display: Found up-to-date module file ../../../Engine/Plugins/Animation/LiveLink/Binaries/Linux/libUE4Editor-LiveLinkEditor.so (API version 0).
LogModuleManager: Display: Found up-to-date module file ../../../Engine/Plugins/Editor/DataValidation/Binaries/Linux/libUE4Editor-DataValidation.so (API version 0).
LogModuleManager: Display: Found up-to-date module file ../../../Engine/Plugins/Editor/CryptoKeys/Binaries/Linux/libUE4Editor-CryptoKeys.so (API version 0).
LogModuleManager: Display: Found up-to-date module file ../../../Engine/Plugins/Editor/CryptoKeys/Binaries/Linux/libUE4Editor-CryptoKeysOpenSSL.so (API version 0).
LogModuleManager: Display: Found up-to-date module file ../../../Engine/Plugins/Editor/MobileLauncherProfileWizard/Binaries/Linux/libUE4Editor-MobileLauncherProfileWizard.so (API version 0).
LogModuleManager: Display: Found up-to-date module file ../../../Engine/Plugins/Editor/FacialAnimation/Binaries/Linux/libUE4Editor-FacialAnimation.so (API version 0).
LogModuleManager: Display: Found up-to-date module file ../../../Engine/Plugins/Editor/FacialAnimation/Binaries/Linux/libUE4Editor-FacialAnimationEditor.so (API version 0).
LogModuleManager: Display: Found up-to-date module file ../../../Engine/Plugins/Editor/PluginBrowser/Binaries/Linux/libUE4Editor-PluginBrowser.so (API version 0).
LogModuleManager: Display: Found up-to-date module file ../../../Engine/Plugins/Editor/GameplayTagsEditor/Binaries/Linux/libUE4Editor-GameplayTagsEditor.so (API version 0).
LogModuleManager: Display: Found up-to-date module file ../../../Engine/Plugins/Editor/AssetManagerEditor/Binaries/Linux/libUE4Editor-AssetManagerEditor.so (API version 0).
LogModuleManager: Display: Found up-to-date module file ../../../Engine/Plugins/Editor/SpeedTreeImporter/Binaries/Linux/libUE4Editor-SpeedTreeImporter.so (API version 0).
LogModuleManager: Display: Found up-to-date module file ../../../Engine/Plugins/NetcodeUnitTest/NUTUnrealEngine4/Binaries/Linux/libUE4Editor-NUTUnrealEngine4.so (API version 0).
LogModuleManager: Display: Found up-to-date module file ../../../Engine/Plugins/NetcodeUnitTest/NetcodeUnitTest/Binaries/Linux/libUE4Editor-NetcodeUnitTest.so (API version 0).
LogModuleManager: Display: Found up-to-date module file ../../../Engine/Plugins/Blendables/LightPropagationVolume/Binaries/Linux/libUE4Editor-LightPropagationVolumeRuntime.so (API version 0).
LogModuleManager: Display: Found up-to-date module file ../../../Engine/Plugins/Blendables/LightPropagationVolume/Binaries/Linux/libUE4Editor-LightPropagationVolumeEditor.so (API version 0).
LogModuleManager: Display: Found up-to-date module file ../../../Engine/Plugins/2D/Paper2D/Binaries/Linux/libUE4Editor-Paper2D.so (API version 0).
LogModuleManager: Display: Found up-to-date module file ../../../Engine/Plugins/2D/Paper2D/Binaries/Linux/libUE4Editor-Paper2DEditor.so (API version 0).
LogModuleManager: Display: Found up-to-date module file ../../../Engine/Plugins/2D/Paper2D/Binaries/Linux/libUE4Editor-PaperSpriteSheetImporter.so (API version 0).
LogModuleManager: Display: Found up-to-date module file ../../../Engine/Plugins/2D/Paper2D/Binaries/Linux/libUE4Editor-PaperTiledImporter.so (API version 0).
LogModuleManager: Display: Found up-to-date module file ../../../Engine/Plugins/2D/Paper2D/Binaries/Linux/libUE4Editor-SmartSnapping.so (API version 0).
LogModuleManager: Display: Found up-to-date module file ../../../Engine/Plugins/Developer/KDevelopSourceCodeAccess/Binaries/Linux/libUE4Editor-KDevelopSourceCodeAccess.so (API version 0).
LogModuleManager: Display: Found up-to-date module file ../../../Engine/Plugins/Developer/VisualStudioCodeSourceCodeAccess/Binaries/Linux/libUE4Editor-VisualStudioCodeSourceCodeAccess.so (API version 0).
LogModuleManager: Display: Found up-to-date module file ../../../Engine/Plugins/Developer/NullSourceCodeAccess/Binaries/Linux/libUE4Editor-NullSourceCodeAccess.so (API version 0).
LogModuleManager: Display: Found up-to-date module file ../../../Engine/Plugins/Developer/SubversionSourceControl/Binaries/Linux/libUE4Editor-SubversionSourceControl.so (API version 0).
LogModuleManager: Display: Found up-to-date module file ../../../Engine/Plugins/Developer/GitSourceControl/Binaries/Linux/libUE4Editor-GitSourceControl.so (API version 0).
LogModuleManager: Display: Found up-to-date module file ../../../Engine/Plugins/Developer/PerforceSourceControl/Binaries/Linux/libUE4Editor-PerforceSourceControl.so (API version 0).
LogModuleManager: Display: Found up-to-date module file ../../../Engine/Plugins/Developer/CodeLiteSourceCodeAccess/Binaries/Linux/libUE4Editor-CodeLiteSourceCodeAccess.so (API version 0).
LogModuleManager: Display: Found up-to-date module file ../../../Engine/Plugins/Developer/UObjectPlugin/Binaries/Linux/libUE4Editor-UObjectPlugin.so (API version 0).
LogModuleManager: Display: Found up-to-date module file ../../../Engine/Plugins/Developer/CLionSourceCodeAccess/Binaries/Linux/libUE4Editor-CLionSourceCodeAccess.so (API version 0).
LogModuleManager: Display: Found up-to-date module file ../../../Engine/Plugins/Experimental/AlembicImporter/Binaries/Linux/libUE4Editor-AlembicImporter.so (API version 0).
LogModuleManager: Display: Found up-to-date module file ../../../Engine/Plugins/Experimental/AlembicImporter/Binaries/Linux/libUE4Editor-AlembicLibrary.so (API version 0).
LogModuleManager: Display: Found up-to-date module file ../../../Engine/Plugins/Experimental/CharacterAI/Binaries/Linux/libUE4Editor-CharacterAI.so (API version 0).
LogModuleManager: Display: Found up-to-date module file ../../../Engine/Plugins/Media/WmfMedia/Binaries/Linux/libUE4Editor-WmfMediaEditor.so (API version 0).
LogModuleManager: Display: Found up-to-date module file ../../../Engine/Plugins/Media/WmfMedia/Binaries/Linux/libUE4Editor-WmfMediaFactory.so (API version 0).
LogModuleManager: Display: Found up-to-date module file ../../../Engine/Plugins/Media/WmfMedia/Binaries/Linux/libUE4Editor-WmfMediaFactory.so (API version 0).
LogModuleManager: Display: Found up-to-date module file ../../../Engine/Plugins/Media/LinearTimecode/Binaries/Linux/libUE4Editor-LinearTimecode.so (API version 0).
LogModuleManager: Display: Found up-to-date module file ../../../Engine/Plugins/Media/MediaCompositing/Binaries/Linux/libUE4Editor-MediaCompositing.so (API version 0).
LogModuleManager: Display: Found up-to-date module file ../../../Engine/Plugins/Media/MediaCompositing/Binaries/Linux/libUE4Editor-MediaCompositingEditor.so (API version 0).
LogModuleManager: Display: Found up-to-date module file ../../../Engine/Plugins/Media/AndroidMedia/Binaries/Linux/libUE4Editor-AndroidMediaEditor.so (API version 0).
LogModuleManager: Display: Found up-to-date module file ../../../Engine/Plugins/Media/AndroidMedia/Binaries/Linux/libUE4Editor-AndroidMediaFactory.so (API version 0).
LogModuleManager: Display: Found up-to-date module file ../../../Engine/Plugins/Media/ImgMedia/Binaries/Linux/libUE4Editor-ImgMedia.so (API version 0).
LogModuleManager: Display: Found up-to-date module file ../../../Engine/Plugins/Media/ImgMedia/Binaries/Linux/libUE4Editor-ImgMediaEditor.so (API version 0).
LogModuleManager: Display: Found up-to-date module file ../../../Engine/Plugins/Media/ImgMedia/Binaries/Linux/libUE4Editor-ImgMediaFactory.so (API version 0).
LogModuleManager: Display: Found up-to-date module file ../../../Engine/Plugins/Media/ImgMedia/Binaries/Linux/libUE4Editor-ImgMediaFactory.so (API version 0).
LogModuleManager: Display: Found up-to-date module file ../../../Engine/Plugins/Media/MediaPlayerEditor/Binaries/Linux/libUE4Editor-MediaPlayerEditor.so (API version 0).
LogModuleManager: Display: Found up-to-date module file ../../../Engine/Plugins/Media/AvfMedia/Binaries/Linux/libUE4Editor-AvfMediaEditor.so (API version 0).
LogModuleManager: Display: Found up-to-date module file ../../../Engine/Plugins/Media/AvfMedia/Binaries/Linux/libUE4Editor-AvfMediaFactory.so (API version 0).
LogModuleManager: Display: Found up-to-date module file ../../../Engine/Plugins/Media/AvfMedia/Binaries/Linux/libUE4Editor-AvfMediaFactory.so (API version 0).
LogModuleManager: Display: Found up-to-date module file ../../../Engine/Plugins/Online/OnlineSubsystemUtils/Binaries/Linux/libUE4Editor-OnlineSubsystemUtils.so (API version 0).
LogModuleManager: Display: Found up-to-date module file ../../../Engine/Plugins/Online/OnlineSubsystemUtils/Binaries/Linux/libUE4Editor-OnlineBlueprintSupport.so (API version 0).
LogModuleManager: Display: Found up-to-date module file ../../../Engine/Plugins/Online/OnlineSubsystem/Binaries/Linux/libUE4Editor-OnlineSubsystem.so (API version 0).
LogModuleManager: Display: Found up-to-date module file ../../../Engine/Plugins/Online/OnlineSubsystemNull/Binaries/Linux/libUE4Editor-OnlineSubsystemNull.so (API version 0).
LogInit: Using libcurl 7.57.0
LogInit:  - built for x86_64-pc-linux-gnu
LogInit:  - supports SSL with OpenSSL/1.0.2h
LogInit:  - supports HTTP deflate (compression) using libz 1.2.8
LogInit:  - other features:
LogInit:      CURL_VERSION_SSL
LogInit:      CURL_VERSION_LIBZ
LogInit:      CURL_VERSION_IPV6
LogInit:      CURL_VERSION_ASYNCHDNS
LogInit:      CURL_VERSION_LARGEFILE
LogInit:      CURL_VERSION_TLSAUTH_SRP
LogInit:  Libcurl: checking if '/etc/pki/tls/certs/ca-bundle.crt' exists
LogInit:  Libcurl: checking if '/etc/ssl/certs/ca-certificates.crt' exists
LogInit:  CurlRequestOptions (configurable via config and command line):
LogInit:  - bVerifyPeer = true  - Libcurl will verify peer certificate
LogInit:  - bUseHttpProxy = false  - Libcurl will NOT use HTTP proxy
LogInit:  - bDontReuseConnections = false  - Libcurl will reuse connections
LogInit:  - CertBundlePath = /etc/ssl/certs/ca-certificates.crt  - Libcurl will set CURLOPT_CAINFO to it
LogInit:  - MaxHostConnections = 16  - Libcurl will limit the number of connections to a host
LogInit:  - LocalHostAddr = Default
LogInit: Build: ++UE4+Release-4.19-CL-0
LogInit: Engine Version: 4.19.2-0+++UE4+Release-4.19
LogInit: Compatible Engine Version: 4.19.0-0+++UE4+Release-4.19
LogInit: Net CL: 0
LogDevObjectVersion: Number of dev versions registered: 18
LogDevObjectVersion:   Dev-Blueprints (B0D832E4-1F89-4F0D-ACCF-7EB736FD4AA2): 10
LogDevObjectVersion:   Dev-Build (E1C64328-A22C-4D53-A36C-8E866417BD8C): 0
LogDevObjectVersion:   Dev-Core (375EC13C-06E4-48FB-B500-84F0262A717E): 2
LogDevObjectVersion:   Dev-Editor (E4B068ED-F494-42E9-A231-DA0B2E46BB41): 23
LogDevObjectVersion:   Dev-Framework (CFFC743F-43B0-4480-9391-14DF171D2073): 33
LogDevObjectVersion:   Dev-Mobile (B02B49B5-BB20-44E9-A304-32B752E40360): 2
LogDevObjectVersion:   Dev-Networking (A4E4105C-59A1-49B5-A7C5-40C4547EDFEE): 0
LogDevObjectVersion:   Dev-Online (39C831C9-5AE6-47DC-9A44-9C173E1C8E7C): 0
LogDevObjectVersion:   Dev-Physics (78F01B33-EBEA-4F98-B9B4-84EACCB95AA2): 0
LogDevObjectVersion:   Dev-Platform (6631380F-2D4D-43E0-8009-CF276956A95A): 0
LogDevObjectVersion:   Dev-Rendering (12F88B9F-8875-4AFC-A67C-D90C383ABD29): 25
LogDevObjectVersion:   Dev-Sequencer (7B5AE74C-D270-4C10-A958-57980B212A5A): 6
LogDevObjectVersion:   Dev-VR (D7296918-1DD6-4BDD-9DE2-64A83CC13884): 1
LogDevObjectVersion:   Dev-LoadTimes (C2A15278-BFE7-4AFE-6C17-90FF531DF755): 1
LogDevObjectVersion:   Private-Geometry (6EACA3D4-40EC-4CC1-B786-8BED09428FC5): 2
LogDevObjectVersion:   Dev-AnimPhys (29E575DD-E0A3-4627-9D10-D276232CDCEA): 16
LogDevObjectVersion:   Dev-ReflectionCapture (6B266CEC-1EC7-4B8F-A30B-E4D90942FC07): 1
LogDevObjectVersion:   Dev-Automation (0DF73D61-A23F-47EA-B727-89E90C41499A): 1
LogInit: Compiled (64-bit): Jul 12 2018 11:20:43
LogInit: Compiled with Clang: 3.8.0 (tags/RELEASE_380/final)
LogInit: Build Configuration: Development
LogInit: Branch Name: ++UE4+Release-4.19
LogInit: Command Line: 
LogInit: Base Directory: /opt/unreal-engine/Engine/Binaries/Linux/
LogInit: Installed Engine Build: 0
LogStreaming: Display: Took  0.006s to delete old logs.
LogInit: Presizing for max 8388607 objects, including 0 objects not considered by GC, pre-allocating 0 bytes for permanent pool.
LogInit: Object subsystem initialized
[2018.07.14-20.54.41:837][  0]LogInit: Initializing SDL.
[2018.07.14-20.54.41:982][  0]LogInit: Using SDL_WINDOW_OPENGL
[2018.07.14-20.54.41:982][  0]LogInit: Initialized SDL 2.0.5 revision: 11184 (hg-11184:04063928c4a8 with EpicExtensions) (compiled against 2.0.5)
[2018.07.14-20.54.41:982][  0]LogInit: Display metrics:
[2018.07.14-20.54.41:982][  0]LogInit:   PrimaryDisplayWidth: 1366
[2018.07.14-20.54.41:982][  0]LogInit:   PrimaryDisplayHeight: 768
[2018.07.14-20.54.41:982][  0]LogInit:   PrimaryDisplayWorkAreaRect:
[2018.07.14-20.54.41:982][  0]LogInit:     Left=0, Top=0, Right=1366, Bottom=768
[2018.07.14-20.54.41:982][  0]LogInit:   VirtualDisplayRect:
[2018.07.14-20.54.41:982][  0]LogInit:     Left=0, Top=0, Right=1366, Bottom=768
[2018.07.14-20.54.41:982][  0]LogInit:   TitleSafePaddingSize: X=0.000 Y=0.000 Z=0.000 W=0.000
[2018.07.14-20.54.41:982][  0]LogInit:   ActionSafePaddingSize: X=0.000 Y=0.000 Z=0.000 W=0.000
[2018.07.14-20.54.41:982][  0]LogInit:   Number of monitors: 1
[2018.07.14-20.54.41:982][  0]LogInit:     Monitor 0
[2018.07.14-20.54.41:982][  0]LogInit:       Name: ASUS VH192 19"
[2018.07.14-20.54.41:982][  0]LogInit:       ID: display0
[2018.07.14-20.54.41:982][  0]LogInit:       NativeWidth: 1366
[2018.07.14-20.54.41:982][  0]LogInit:       NativeHeight: 768
[2018.07.14-20.54.41:982][  0]LogInit:       bIsPrimary: true
[2018.07.14-20.54.41:983][  0]LogLinux: Selected Device Profile: [Linux]
[2018.07.14-20.54.41:983][  0]LogInit: Applying CVar settings loaded from the selected device profile: [Linux]
[2018.07.14-20.54.41:992][  0]LogInit: Linux hardware info:
[2018.07.14-20.54.41:992][  0]LogInit:  - we are not the first instance of this executable
[2018.07.14-20.54.41:992][  0]LogInit:  - this process' id (pid) is 8064, parent process' id (ppid) is 5661
[2018.07.14-20.54.41:993][  0]LogInit:  - we are not running under debugger
[2018.07.14-20.54.41:993][  0]LogInit:  - machine network name is 'Axius'
[2018.07.14-20.54.41:993][  0]LogInit:  - user name is 'josephtheengineer' (josephtheengineer)
[2018.07.14-20.54.41:993][  0]LogInit:  - we're logged in locally
[2018.07.14-20.54.41:993][  0]LogInit:  - we're running with rendering
[2018.07.14-20.54.41:993][  0]LogInit:  - CPU: GenuineIntel 'Intel(R) Core(TM) i5-7400 CPU @ 3.00GHz' (signature: 0x906E9)
[2018.07.14-20.54.41:993][  0]LogInit:  - Number of physical cores available for the process: 4
[2018.07.14-20.54.41:993][  0]LogInit:  - Number of logical cores available for the process: 4
[2018.07.14-20.54.41:993][  0]LogInit:  - Cache line size: 64
[2018.07.14-20.54.41:993][  0]LogInit:  - Memory allocator used: binned2
[2018.07.14-20.54.41:993][  0]LogLinux: Benchmarking clocks:
[2018.07.14-20.54.41:993][  0]LogLinux:  - CLOCK_REALTIME (id=0) can sustain 49637455 (49637K, 50M) calls per second without zero deltas.
[2018.07.14-20.54.41:993][  0]LogLinux:  - CLOCK_MONOTONIC (id=1) can sustain 48117155 (48117K, 48M) calls per second without zero deltas.
[2018.07.14-20.54.41:993][  0]LogLinux:  - CLOCK_MONOTONIC_RAW (id=4) can sustain 3374269 (3374K, 3M) calls per second without zero deltas.
[2018.07.14-20.54.41:993][  0]LogLinux:  - CLOCK_MONOTONIC_COARSE (id=6) can sustain 174112074 (174112K, 174M) calls per second with 99.999822% zero deltas.
[2018.07.14-20.54.41:993][  0]LogLinux: Selected clock_id 0 (CLOCK_REALTIME) since it is the fastest support clock without zero deltas.
[2018.07.14-20.54.41:993][  0]LogInit: Linux-specific commandline switches:
[2018.07.14-20.54.41:993][  0]LogInit:  -nodwarf (currently OFF): suppress parsing of DWARF debug info (callstacks will be generated faster, but won't have line numbers)
[2018.07.14-20.54.41:993][  0]LogInit:  -ansimalloc - use malloc()/free() from libc (useful for tools like valgrind and electric fence)
[2018.07.14-20.54.41:993][  0]LogInit:  -jemalloc - use jemalloc for all memory allocation
[2018.07.14-20.54.41:993][  0]LogInit:  -binnedmalloc - use binned malloc  for all memory allocation
[2018.07.14-20.54.41:993][  0]LogInit:  -httpproxy=ADDRESS:PORT - redirects HTTP requests to a proxy (only supported if compiled with libcurl)
[2018.07.14-20.54.41:993][  0]LogInit:  -reuseconn - allow libcurl to reuse HTTP connections (only matters if compiled with libcurl)
[2018.07.14-20.54.41:993][  0]LogInit:  -virtmemkb=NUMBER - sets process virtual memory (address space) limit (overrides VirtualMemoryLimitInKB value from .ini)
[2018.07.14-20.54.41:993][  0]LogInit:  - Physical RAM available (not considering process quota): 8 GB (7943 MB, 8134476 KB, 8329703424 bytes)
[2018.07.14-20.54.42:082][  0]LogInit: Using OS detected language (en-US-POSIX).
[2018.07.14-20.54.42:082][  0]LogInit: Using OS detected locale (en-US-POSIX).
[2018.07.14-20.54.42:089][  0]LogTextLocalizationManager: No specific localization for 'en-US-POSIX' exists, so the 'en' localization will be used.
[2018.07.14-20.54.42:548][  0]LogStreaming: Display: Took  0.465s to EndInitTextLocalization.
[2018.07.14-20.54.42:589][  0]LogSlate: New Slate User Created.  User Index 0, Is Virtual User: 0
[2018.07.14-20.54.42:589][  0]LogSlate: Slate User Registered.  User Index 0, Is Virtual User: 0
[2018.07.14-20.54.43:467][  0]LogRHI: Initializing OpenGL RHI
[2018.07.14-20.54.43:467][  0]LogRHI:   GL_VENDOR: NVIDIA Corporation
[2018.07.14-20.54.43:467][  0]LogRHI:   GL_RENDERER: GeForce GTX 950/PCIe/SSE2
[2018.07.14-20.54.43:467][  0]LogRHI:   GL_VERSION: 4.3.0 NVIDIA 396.24
[2018.07.14-20.54.43:467][  0]LogRHI:   GL_SHADING_LANGUAGE_VERSION: 4.30 NVIDIA via Cg compiler
[2018.07.14-20.54.43:467][  0]LogRHI: OpenGL Extensions:
[2018.07.14-20.54.43:467][  0]LogRHI:   GL_AMD_multi_draw_indirect
[2018.07.14-20.54.43:467][  0]LogRHI:   GL_AMD_seamless_cubemap_per_texture
[2018.07.14-20.54.43:467][  0]LogRHI:   GL_AMD_vertex_shader_viewport_index
[2018.07.14-20.54.43:467][  0]LogRHI:   GL_AMD_vertex_shader_layer
[2018.07.14-20.54.43:467][  0]LogRHI:   GL_ARB_arrays_of_arrays
[2018.07.14-20.54.43:467][  0]LogRHI:   GL_ARB_base_instance
[2018.07.14-20.54.43:467][  0]LogRHI:   GL_ARB_bindless_texture
[2018.07.14-20.54.43:467][  0]LogRHI:   GL_ARB_blend_func_extended
[2018.07.14-20.54.43:467][  0]LogRHI:   GL_ARB_buffer_storage
[2018.07.14-20.54.43:467][  0]LogRHI:   GL_ARB_clear_buffer_object
[2018.07.14-20.54.43:467][  0]LogRHI:   GL_ARB_clear_texture
[2018.07.14-20.54.43:467][  0]LogRHI:   GL_ARB_clip_control
[2018.07.14-20.54.43:467][  0]LogRHI:   GL_ARB_color_buffer_float
[2018.07.14-20.54.43:467][  0]LogRHI:   GL_ARB_compressed_texture_pixel_storage
[2018.07.14-20.54.43:467][  0]LogRHI:   GL_ARB_conservative_depth
[2018.07.14-20.54.43:467][  0]LogRHI:   GL_ARB_compute_shader
[2018.07.14-20.54.43:467][  0]LogRHI:   GL_ARB_compute_variable_group_size
[2018.07.14-20.54.43:467][  0]LogRHI:   GL_ARB_conditional_render_inverted
[2018.07.14-20.54.43:467][  0]LogRHI:   GL_ARB_copy_buffer
[2018.07.14-20.54.43:467][  0]LogRHI:   GL_ARB_copy_image
[2018.07.14-20.54.43:467][  0]LogRHI:   GL_ARB_cull_distance
[2018.07.14-20.54.43:467][  0]LogRHI:   GL_ARB_debug_output
[2018.07.14-20.54.43:467][  0]LogRHI:   GL_ARB_depth_buffer_float
[2018.07.14-20.54.43:467][  0]LogRHI:   GL_ARB_depth_clamp
[2018.07.14-20.54.43:467][  0]LogRHI:   GL_ARB_depth_texture
[2018.07.14-20.54.43:467][  0]LogRHI:   GL_ARB_derivative_control
[2018.07.14-20.54.43:467][  0]LogRHI:   GL_ARB_direct_state_access
[2018.07.14-20.54.43:467][  0]LogRHI:   GL_ARB_draw_buffers
[2018.07.14-20.54.43:467][  0]LogRHI:   GL_ARB_draw_buffers_blend
[2018.07.14-20.54.43:468][  0]LogRHI:   GL_ARB_draw_indirect
[2018.07.14-20.54.43:468][  0]LogRHI:   GL_ARB_draw_elements_base_vertex
[2018.07.14-20.54.43:468][  0]LogRHI:   GL_ARB_draw_instanced
[2018.07.14-20.54.43:468][  0]LogRHI:   GL_ARB_enhanced_layouts
[2018.07.14-20.54.43:468][  0]LogRHI:   GL_ARB_ES2_compatibility
[2018.07.14-20.54.43:468][  0]LogRHI:   GL_ARB_ES3_compatibility
[2018.07.14-20.54.43:468][  0]LogRHI:   GL_ARB_ES3_1_compatibility
[2018.07.14-20.54.43:468][  0]LogRHI:   GL_ARB_ES3_2_compatibility
[2018.07.14-20.54.43:468][  0]LogRHI:   GL_ARB_explicit_attrib_location
[2018.07.14-20.54.43:468][  0]LogRHI:   GL_ARB_explicit_uniform_location
[2018.07.14-20.54.43:468][  0]LogRHI:   GL_ARB_fragment_coord_conventions
[2018.07.14-20.54.43:468][  0]LogRHI:   GL_ARB_fragment_layer_viewport
[2018.07.14-20.54.43:468][  0]LogRHI:   GL_ARB_fragment_program
[2018.07.14-20.54.43:468][  0]LogRHI:   GL_ARB_fragment_program_shadow
[2018.07.14-20.54.43:468][  0]LogRHI:   GL_ARB_fragment_shader
[2018.07.14-20.54.43:468][  0]LogRHI:   GL_ARB_fragment_shader_interlock
[2018.07.14-20.54.43:468][  0]LogRHI:   GL_ARB_framebuffer_no_attachments
[2018.07.14-20.54.43:468][  0]LogRHI:   GL_ARB_framebuffer_object
[2018.07.14-20.54.43:468][  0]LogRHI:   GL_ARB_framebuffer_sRGB
[2018.07.14-20.54.43:468][  0]LogRHI:   GL_ARB_geometry_shader4
[2018.07.14-20.54.43:468][  0]LogRHI:   GL_ARB_get_program_binary
[2018.07.14-20.54.43:468][  0]LogRHI:   GL_ARB_get_texture_sub_image
[2018.07.14-20.54.43:468][  0]LogRHI:   GL_ARB_gl_spirv
[2018.07.14-20.54.43:468][  0]LogRHI:   GL_ARB_gpu_shader5
[2018.07.14-20.54.43:468][  0]LogRHI:   GL_ARB_gpu_shader_fp64
[2018.07.14-20.54.43:468][  0]LogRHI:   GL_ARB_gpu_shader_int64
[2018.07.14-20.54.43:468][  0]LogRHI:   GL_ARB_half_float_pixel
[2018.07.14-20.54.43:468][  0]LogRHI:   GL_ARB_half_float_vertex
[2018.07.14-20.54.43:468][  0]LogRHI:   GL_ARB_imaging
[2018.07.14-20.54.43:468][  0]LogRHI:   GL_ARB_indirect_parameters
[2018.07.14-20.54.43:468][  0]LogRHI:   GL_ARB_instanced_arrays
[2018.07.14-20.54.43:468][  0]LogRHI:   GL_ARB_internalformat_query
[2018.07.14-20.54.43:468][  0]LogRHI:   GL_ARB_internalformat_query2
[2018.07.14-20.54.43:468][  0]LogRHI:   GL_ARB_invalidate_subdata
[2018.07.14-20.54.43:468][  0]LogRHI:   GL_ARB_map_buffer_alignment
[2018.07.14-20.54.43:468][  0]LogRHI:   GL_ARB_map_buffer_range
[2018.07.14-20.54.43:468][  0]LogRHI:   GL_ARB_multi_bind
[2018.07.14-20.54.43:468][  0]LogRHI:   GL_ARB_multi_draw_indirect
[2018.07.14-20.54.43:468][  0]LogRHI:   GL_ARB_multisample
[2018.07.14-20.54.43:468][  0]LogRHI:   GL_ARB_multitexture
[2018.07.14-20.54.43:468][  0]LogRHI:   GL_ARB_occlusion_query
[2018.07.14-20.54.43:468][  0]LogRHI:   GL_ARB_occlusion_query2
[2018.07.14-20.54.43:468][  0]LogRHI:   GL_ARB_parallel_shader_compile
[2018.07.14-20.54.43:468][  0]LogRHI:   GL_ARB_pipeline_statistics_query
[2018.07.14-20.54.43:468][  0]LogRHI:   GL_ARB_pixel_buffer_object
[2018.07.14-20.54.43:468][  0]LogRHI:   GL_ARB_point_parameters
[2018.07.14-20.54.43:468][  0]LogRHI:   GL_ARB_point_sprite
[2018.07.14-20.54.43:468][  0]LogRHI:   GL_ARB_polygon_offset_clamp
[2018.07.14-20.54.43:468][  0]LogRHI:   GL_ARB_post_depth_coverage
[2018.07.14-20.54.43:468][  0]LogRHI:   GL_ARB_program_interface_query
[2018.07.14-20.54.43:468][  0]LogRHI:   GL_ARB_provoking_vertex
[2018.07.14-20.54.43:468][  0]LogRHI:   GL_ARB_query_buffer_object
[2018.07.14-20.54.43:468][  0]LogRHI:   GL_ARB_robust_buffer_access_behavior
[2018.07.14-20.54.43:468][  0]LogRHI:   GL_ARB_robustness
[2018.07.14-20.54.43:468][  0]LogRHI:   GL_ARB_sample_locations
[2018.07.14-20.54.43:468][  0]LogRHI:   GL_ARB_sample_shading
[2018.07.14-20.54.43:468][  0]LogRHI:   GL_ARB_sampler_objects
[2018.07.14-20.54.43:468][  0]LogRHI:   GL_ARB_seamless_cube_map
[2018.07.14-20.54.43:468][  0]LogRHI:   GL_ARB_seamless_cubemap_per_texture
[2018.07.14-20.54.43:468][  0]LogRHI:   GL_ARB_separate_shader_objects
[2018.07.14-20.54.43:468][  0]LogRHI:   GL_ARB_shader_atomic_counter_ops
[2018.07.14-20.54.43:468][  0]LogRHI:   GL_ARB_shader_atomic_counters
[2018.07.14-20.54.43:468][  0]LogRHI:   GL_ARB_shader_ballot
[2018.07.14-20.54.43:468][  0]LogRHI:   GL_ARB_shader_bit_encoding
[2018.07.14-20.54.43:468][  0]LogRHI:   GL_ARB_shader_clock
[2018.07.14-20.54.43:468][  0]LogRHI:   GL_ARB_shader_draw_parameters
[2018.07.14-20.54.43:468][  0]LogRHI:   GL_ARB_shader_group_vote
[2018.07.14-20.54.43:468][  0]LogRHI:   GL_ARB_shader_image_load_store
[2018.07.14-20.54.43:468][  0]LogRHI:   GL_ARB_shader_image_size
[2018.07.14-20.54.43:468][  0]LogRHI:   GL_ARB_shader_objects
[2018.07.14-20.54.43:468][  0]LogRHI:   GL_ARB_shader_precision
[2018.07.14-20.54.43:468][  0]LogRHI:   GL_ARB_shader_storage_buffer_object
[2018.07.14-20.54.43:468][  0]LogRHI:   GL_ARB_shader_subroutine
[2018.07.14-20.54.43:468][  0]LogRHI:   GL_ARB_shader_texture_image_samples
[2018.07.14-20.54.43:468][  0]LogRHI:   GL_ARB_shader_texture_lod
[2018.07.14-20.54.43:468][  0]LogRHI:   GL_ARB_shading_language_100
[2018.07.14-20.54.43:468][  0]LogRHI:   GL_ARB_shader_viewport_layer_array
[2018.07.14-20.54.43:468][  0]LogRHI:   GL_ARB_shading_language_420pack
[2018.07.14-20.54.43:468][  0]LogRHI:   GL_ARB_shading_language_include
[2018.07.14-20.54.43:468][  0]LogRHI:   GL_ARB_shading_language_packing
[2018.07.14-20.54.43:468][  0]LogRHI:   GL_ARB_shadow
[2018.07.14-20.54.43:468][  0]LogRHI:   GL_ARB_sparse_buffer
[2018.07.14-20.54.43:468][  0]LogRHI:   GL_ARB_sparse_texture
[2018.07.14-20.54.43:468][  0]LogRHI:   GL_ARB_sparse_texture2
[2018.07.14-20.54.43:468][  0]LogRHI:   GL_ARB_sparse_texture_clamp
[2018.07.14-20.54.43:468][  0]LogRHI:   GL_ARB_spirv_extensions
[2018.07.14-20.54.43:468][  0]LogRHI:   GL_ARB_stencil_texturing
[2018.07.14-20.54.43:468][  0]LogRHI:   GL_ARB_sync
[2018.07.14-20.54.43:468][  0]LogRHI:   GL_ARB_tessellation_shader
[2018.07.14-20.54.43:468][  0]LogRHI:   GL_ARB_texture_barrier
[2018.07.14-20.54.43:468][  0]LogRHI:   GL_ARB_texture_border_clamp
[2018.07.14-20.54.43:468][  0]LogRHI:   GL_ARB_texture_buffer_object
[2018.07.14-20.54.43:468][  0]LogRHI:   GL_ARB_texture_buffer_object_rgb32
[2018.07.14-20.54.43:468][  0]LogRHI:   GL_ARB_texture_buffer_range
[2018.07.14-20.54.43:468][  0]LogRHI:   GL_ARB_texture_compression
[2018.07.14-20.54.43:468][  0]LogRHI:   GL_ARB_texture_compression_bptc
[2018.07.14-20.54.43:468][  0]LogRHI:   GL_ARB_texture_compression_rgtc
[2018.07.14-20.54.43:468][  0]LogRHI:   GL_ARB_texture_cube_map
[2018.07.14-20.54.43:468][  0]LogRHI:   GL_ARB_texture_cube_map_array
[2018.07.14-20.54.43:468][  0]LogRHI:   GL_ARB_texture_env_add
[2018.07.14-20.54.43:468][  0]LogRHI:   GL_ARB_texture_env_combine
[2018.07.14-20.54.43:468][  0]LogRHI:   GL_ARB_texture_env_crossbar
[2018.07.14-20.54.43:468][  0]LogRHI:   GL_ARB_texture_env_dot3
[2018.07.14-20.54.43:468][  0]LogRHI:   GL_ARB_texture_filter_anisotropic
[2018.07.14-20.54.43:468][  0]LogRHI:   GL_ARB_texture_filter_minmax
[2018.07.14-20.54.43:468][  0]LogRHI:   GL_ARB_texture_float
[2018.07.14-20.54.43:468][  0]LogRHI:   GL_ARB_texture_gather
[2018.07.14-20.54.43:468][  0]LogRHI:   GL_ARB_texture_mirror_clamp_to_edge
[2018.07.14-20.54.43:468][  0]LogRHI:   GL_ARB_texture_mirrored_repeat
[2018.07.14-20.54.43:468][  0]LogRHI:   GL_ARB_texture_multisample
[2018.07.14-20.54.43:468][  0]LogRHI:   GL_ARB_texture_non_power_of_two
[2018.07.14-20.54.43:468][  0]LogRHI:   GL_ARB_texture_query_levels
[2018.07.14-20.54.43:468][  0]LogRHI:   GL_ARB_texture_query_lod
[2018.07.14-20.54.43:468][  0]LogRHI:   GL_ARB_texture_rectangle
[2018.07.14-20.54.43:468][  0]LogRHI:   GL_ARB_texture_rg
[2018.07.14-20.54.43:468][  0]LogRHI:   GL_ARB_texture_rgb10_a2ui
[2018.07.14-20.54.43:468][  0]LogRHI:   GL_ARB_texture_stencil8
[2018.07.14-20.54.43:468][  0]LogRHI:   GL_ARB_texture_storage
[2018.07.14-20.54.43:468][  0]LogRHI:   GL_ARB_texture_storage_multisample
[2018.07.14-20.54.43:469][  0]LogRHI:   GL_ARB_texture_swizzle
[2018.07.14-20.54.43:469][  0]LogRHI:   GL_ARB_texture_view
[2018.07.14-20.54.43:469][  0]LogRHI:   GL_ARB_timer_query
[2018.07.14-20.54.43:469][  0]LogRHI:   GL_ARB_transform_feedback2
[2018.07.14-20.54.43:469][  0]LogRHI:   GL_ARB_transform_feedback3
[2018.07.14-20.54.43:469][  0]LogRHI:   GL_ARB_transform_feedback_instanced
[2018.07.14-20.54.43:469][  0]LogRHI:   GL_ARB_transform_feedback_overflow_query
[2018.07.14-20.54.43:469][  0]LogRHI:   GL_ARB_transpose_matrix
[2018.07.14-20.54.43:469][  0]LogRHI:   GL_ARB_uniform_buffer_object
[2018.07.14-20.54.43:469][  0]LogRHI:   GL_ARB_vertex_array_bgra
[2018.07.14-20.54.43:469][  0]LogRHI:   GL_ARB_vertex_array_object
[2018.07.14-20.54.43:469][  0]LogRHI:   GL_ARB_vertex_attrib_64bit
[2018.07.14-20.54.43:469][  0]LogRHI:   GL_ARB_vertex_attrib_binding
[2018.07.14-20.54.43:469][  0]LogRHI:   GL_ARB_vertex_buffer_object
[2018.07.14-20.54.43:469][  0]LogRHI:   GL_ARB_vertex_program
[2018.07.14-20.54.43:469][  0]LogRHI:   GL_ARB_vertex_shader
[2018.07.14-20.54.43:469][  0]LogRHI:   GL_ARB_vertex_type_10f_11f_11f_rev
[2018.07.14-20.54.43:469][  0]LogRHI:   GL_ARB_vertex_type_2_10_10_10_rev
[2018.07.14-20.54.43:469][  0]LogRHI:   GL_ARB_viewport_array
[2018.07.14-20.54.43:469][  0]LogRHI:   GL_ARB_window_pos
[2018.07.14-20.54.43:469][  0]LogRHI:   GL_ATI_draw_buffers
[2018.07.14-20.54.43:469][  0]LogRHI:   GL_ATI_texture_float
[2018.07.14-20.54.43:469][  0]LogRHI:   GL_ATI_texture_mirror_once
[2018.07.14-20.54.43:469][  0]LogRHI:   GL_S3_s3tc
[2018.07.14-20.54.43:469][  0]LogRHI:   GL_EXT_texture_env_add
[2018.07.14-20.54.43:469][  0]LogRHI:   GL_EXT_abgr
[2018.07.14-20.54.43:469][  0]LogRHI:   GL_EXT_bgra
[2018.07.14-20.54.43:469][  0]LogRHI:   GL_EXT_bindable_uniform
[2018.07.14-20.54.43:469][  0]LogRHI:   GL_EXT_blend_color
[2018.07.14-20.54.43:469][  0]LogRHI:   GL_EXT_blend_equation_separate
[2018.07.14-20.54.43:469][  0]LogRHI:   GL_EXT_blend_func_separate
[2018.07.14-20.54.43:469][  0]LogRHI:   GL_EXT_blend_minmax
[2018.07.14-20.54.43:469][  0]LogRHI:   GL_EXT_blend_subtract
[2018.07.14-20.54.43:469][  0]LogRHI:   GL_EXT_compiled_vertex_array
[2018.07.14-20.54.43:469][  0]LogRHI:   GL_EXT_Cg_shader
[2018.07.14-20.54.43:469][  0]LogRHI:   GL_EXT_depth_bounds_test
[2018.07.14-20.54.43:469][  0]LogRHI:   GL_EXT_direct_state_access
[2018.07.14-20.54.43:469][  0]LogRHI:   GL_EXT_draw_buffers2
[2018.07.14-20.54.43:469][  0]LogRHI:   GL_EXT_draw_instanced
[2018.07.14-20.54.43:469][  0]LogRHI:   GL_EXT_draw_range_elements
[2018.07.14-20.54.43:469][  0]LogRHI:   GL_EXT_fog_coord
[2018.07.14-20.54.43:469][  0]LogRHI:   GL_EXT_framebuffer_blit
[2018.07.14-20.54.43:469][  0]LogRHI:   GL_EXT_framebuffer_multisample
[2018.07.14-20.54.43:469][  0]LogRHI:   GL_EXTX_framebuffer_mixed_formats
[2018.07.14-20.54.43:469][  0]LogRHI:   GL_EXT_framebuffer_multisample_blit_scaled
[2018.07.14-20.54.43:469][  0]LogRHI:   GL_EXT_framebuffer_object
[2018.07.14-20.54.43:469][  0]LogRHI:   GL_EXT_framebuffer_sRGB
[2018.07.14-20.54.43:469][  0]LogRHI:   GL_EXT_geometry_shader4
[2018.07.14-20.54.43:469][  0]LogRHI:   GL_EXT_gpu_program_parameters
[2018.07.14-20.54.43:469][  0]LogRHI:   GL_EXT_gpu_shader4
[2018.07.14-20.54.43:469][  0]LogRHI:   GL_EXT_multi_draw_arrays
[2018.07.14-20.54.43:469][  0]LogRHI:   GL_EXT_packed_depth_stencil
[2018.07.14-20.54.43:469][  0]LogRHI:   GL_EXT_packed_float
[2018.07.14-20.54.43:469][  0]LogRHI:   GL_EXT_packed_pixels
[2018.07.14-20.54.43:469][  0]LogRHI:   GL_EXT_pixel_buffer_object
[2018.07.14-20.54.43:469][  0]LogRHI:   GL_EXT_point_parameters
[2018.07.14-20.54.43:469][  0]LogRHI:   GL_EXT_polygon_offset_clamp
[2018.07.14-20.54.43:469][  0]LogRHI:   GL_EXT_post_depth_coverage
[2018.07.14-20.54.43:469][  0]LogRHI:   GL_EXT_provoking_vertex
[2018.07.14-20.54.43:469][  0]LogRHI:   GL_EXT_raster_multisample
[2018.07.14-20.54.43:469][  0]LogRHI:   GL_EXT_rescale_normal
[2018.07.14-20.54.43:469][  0]LogRHI:   GL_EXT_secondary_color
[2018.07.14-20.54.43:469][  0]LogRHI:   GL_EXT_separate_shader_objects
[2018.07.14-20.54.43:469][  0]LogRHI:   GL_EXT_separate_specular_color
[2018.07.14-20.54.43:469][  0]LogRHI:   GL_EXT_shader_image_load_formatted
[2018.07.14-20.54.43:469][  0]LogRHI:   GL_EXT_shader_image_load_store
[2018.07.14-20.54.43:469][  0]LogRHI:   GL_EXT_shader_integer_mix
[2018.07.14-20.54.43:469][  0]LogRHI:   GL_EXT_shadow_funcs
[2018.07.14-20.54.43:469][  0]LogRHI:   GL_EXT_sparse_texture2
[2018.07.14-20.54.43:469][  0]LogRHI:   GL_EXT_stencil_two_side
[2018.07.14-20.54.43:469][  0]LogRHI:   GL_EXT_stencil_wrap
[2018.07.14-20.54.43:469][  0]LogRHI:   GL_EXT_texture3D
[2018.07.14-20.54.43:469][  0]LogRHI:   GL_EXT_texture_array
[2018.07.14-20.54.43:469][  0]LogRHI:   GL_EXT_texture_buffer_object
[2018.07.14-20.54.43:469][  0]LogRHI:   GL_EXT_texture_compression_dxt1
[2018.07.14-20.54.43:469][  0]LogRHI:   GL_EXT_texture_compression_latc
[2018.07.14-20.54.43:469][  0]LogRHI:   GL_EXT_texture_compression_rgtc
[2018.07.14-20.54.43:469][  0]LogRHI:   GL_EXT_texture_compression_s3tc
[2018.07.14-20.54.43:469][  0]LogRHI:   GL_EXT_texture_cube_map
[2018.07.14-20.54.43:469][  0]LogRHI:   GL_EXT_texture_edge_clamp
[2018.07.14-20.54.43:469][  0]LogRHI:   GL_EXT_texture_env_combine
[2018.07.14-20.54.43:469][  0]LogRHI:   GL_EXT_texture_env_dot3
[2018.07.14-20.54.43:469][  0]LogRHI:   GL_EXT_texture_filter_anisotropic
[2018.07.14-20.54.43:469][  0]LogRHI:   GL_EXT_texture_filter_minmax
[2018.07.14-20.54.43:469][  0]LogRHI:   GL_EXT_texture_integer
[2018.07.14-20.54.43:469][  0]LogRHI:   GL_EXT_texture_lod
[2018.07.14-20.54.43:469][  0]LogRHI:   GL_EXT_texture_lod_bias
[2018.07.14-20.54.43:469][  0]LogRHI:   GL_EXT_texture_mirror_clamp
[2018.07.14-20.54.43:469][  0]LogRHI:   GL_EXT_texture_object
[2018.07.14-20.54.43:469][  0]LogRHI:   GL_EXT_texture_shared_exponent
[2018.07.14-20.54.43:469][  0]LogRHI:   GL_EXT_texture_sRGB
[2018.07.14-20.54.43:469][  0]LogRHI:   GL_EXT_texture_sRGB_decode
[2018.07.14-20.54.43:469][  0]LogRHI:   GL_EXT_texture_storage
[2018.07.14-20.54.43:469][  0]LogRHI:   GL_EXT_texture_swizzle
[2018.07.14-20.54.43:469][  0]LogRHI:   GL_EXT_timer_query
[2018.07.14-20.54.43:469][  0]LogRHI:   GL_EXT_transform_feedback2
[2018.07.14-20.54.43:469][  0]LogRHI:   GL_EXT_vertex_array
[2018.07.14-20.54.43:469][  0]LogRHI:   GL_EXT_vertex_array_bgra
[2018.07.14-20.54.43:469][  0]LogRHI:   GL_EXT_vertex_attrib_64bit
[2018.07.14-20.54.43:469][  0]LogRHI:   GL_EXT_window_rectangles
[2018.07.14-20.54.43:469][  0]LogRHI:   GL_EXT_x11_sync_object
[2018.07.14-20.54.43:469][  0]LogRHI:   GL_EXT_import_sync_object
[2018.07.14-20.54.43:469][  0]LogRHI:   GL_NV_robustness_video_memory_purge
[2018.07.14-20.54.43:469][  0]LogRHI:   GL_IBM_rasterpos_clip
[2018.07.14-20.54.43:469][  0]LogRHI:   GL_IBM_texture_mirrored_repeat
[2018.07.14-20.54.43:469][  0]LogRHI:   GL_KHR_context_flush_control
[2018.07.14-20.54.43:469][  0]LogRHI:   GL_KHR_debug
[2018.07.14-20.54.43:469][  0]LogRHI:   GL_EXT_memory_object
[2018.07.14-20.54.43:469][  0]LogRHI:   GL_EXT_memory_object_fd
[2018.07.14-20.54.43:469][  0]LogRHI:   GL_KHR_parallel_shader_compile
[2018.07.14-20.54.43:469][  0]LogRHI:   GL_KHR_no_error
[2018.07.14-20.54.43:469][  0]LogRHI:   GL_KHR_robust_buffer_access_behavior
[2018.07.14-20.54.43:469][  0]LogRHI:   GL_KHR_robustness
[2018.07.14-20.54.43:469][  0]LogRHI:   GL_EXT_semaphore
[2018.07.14-20.54.43:469][  0]LogRHI:   GL_EXT_semaphore_fd
[2018.07.14-20.54.43:469][  0]LogRHI:   GL_KTX_buffer_region
[2018.07.14-20.54.43:469][  0]LogRHI:   GL_NV_alpha_to_coverage_dither_control
[2018.07.14-20.54.43:469][  0]LogRHI:   GL_NV_bindless_multi_draw_indirect
[2018.07.14-20.54.43:470][  0]LogRHI:   GL_NV_bindless_multi_draw_indirect_count
[2018.07.14-20.54.43:470][  0]LogRHI:   GL_NV_bindless_texture
[2018.07.14-20.54.43:470][  0]LogRHI:   GL_NV_blend_equation_advanced
[2018.07.14-20.54.43:470][  0]LogRHI:   GL_NV_blend_equation_advanced_coherent
[2018.07.14-20.54.43:470][  0]LogRHI:   GL_NV_blend_minmax_factor
[2018.07.14-20.54.43:470][  0]LogRHI:   GL_NV_blend_square
[2018.07.14-20.54.43:470][  0]LogRHI:   GL_NV_command_list
[2018.07.14-20.54.43:470][  0]LogRHI:   GL_NV_compute_program5
[2018.07.14-20.54.43:470][  0]LogRHI:   GL_NV_conditional_render
[2018.07.14-20.54.43:470][  0]LogRHI:   GL_NV_conservative_raster
[2018.07.14-20.54.43:470][  0]LogRHI:   GL_NV_conservative_raster_dilate
[2018.07.14-20.54.43:470][  0]LogRHI:   GL_NV_copy_depth_to_color
[2018.07.14-20.54.43:470][  0]LogRHI:   GL_NV_copy_image
[2018.07.14-20.54.43:470][  0]LogRHI:   GL_NV_depth_buffer_float
[2018.07.14-20.54.43:470][  0]LogRHI:   GL_NV_depth_clamp
[2018.07.14-20.54.43:470][  0]LogRHI:   GL_NV_draw_texture
[2018.07.14-20.54.43:470][  0]LogRHI:   GL_NV_draw_vulkan_image
[2018.07.14-20.54.43:470][  0]LogRHI:   GL_NV_ES1_1_compatibility
[2018.07.14-20.54.43:470][  0]LogRHI:   GL_NV_ES3_1_compatibility
[2018.07.14-20.54.43:470][  0]LogRHI:   GL_NV_explicit_multisample
[2018.07.14-20.54.43:470][  0]LogRHI:   GL_NV_feature_query
[2018.07.14-20.54.43:470][  0]LogRHI:   GL_NV_fence
[2018.07.14-20.54.43:470][  0]LogRHI:   GL_NV_fill_rectangle
[2018.07.14-20.54.43:470][  0]LogRHI:   GL_NV_float_buffer
[2018.07.14-20.54.43:470][  0]LogRHI:   GL_NV_fog_distance
[2018.07.14-20.54.43:470][  0]LogRHI:   GL_NV_fragment_coverage_to_color
[2018.07.14-20.54.43:470][  0]LogRHI:   GL_NV_fragment_program
[2018.07.14-20.54.43:470][  0]LogRHI:   GL_NV_fragment_program_option
[2018.07.14-20.54.43:470][  0]LogRHI:   GL_NV_fragment_program2
[2018.07.14-20.54.43:470][  0]LogRHI:   GL_NV_fragment_shader_interlock
[2018.07.14-20.54.43:470][  0]LogRHI:   GL_NV_framebuffer_mixed_samples
[2018.07.14-20.54.43:470][  0]LogRHI:   GL_NV_framebuffer_multisample_coverage
[2018.07.14-20.54.43:470][  0]LogRHI:   GL_NV_geometry_shader4
[2018.07.14-20.54.43:470][  0]LogRHI:   GL_NV_geometry_shader_passthrough
[2018.07.14-20.54.43:470][  0]LogRHI:   GL_NV_gpu_program4
[2018.07.14-20.54.43:470][  0]LogRHI:   GL_NV_internalformat_sample_query
[2018.07.14-20.54.43:470][  0]LogRHI:   GL_NV_gpu_program4_1
[2018.07.14-20.54.43:470][  0]LogRHI:   GL_NV_gpu_program5
[2018.07.14-20.54.43:470][  0]LogRHI:   GL_NV_gpu_program5_mem_extended
[2018.07.14-20.54.43:470][  0]LogRHI:   GL_NV_gpu_program_fp64
[2018.07.14-20.54.43:470][  0]LogRHI:   GL_NV_gpu_shader5
[2018.07.14-20.54.43:470][  0]LogRHI:   GL_NV_half_float
[2018.07.14-20.54.43:470][  0]LogRHI:   GL_NV_light_max_exponent
[2018.07.14-20.54.43:470][  0]LogRHI:   GL_NV_multisample_coverage
[2018.07.14-20.54.43:470][  0]LogRHI:   GL_NV_multisample_filter_hint
[2018.07.14-20.54.43:470][  0]LogRHI:   GL_NV_occlusion_query
[2018.07.14-20.54.43:470][  0]LogRHI:   GL_NV_packed_depth_stencil
[2018.07.14-20.54.43:470][  0]LogRHI:   GL_NV_parameter_buffer_object
[2018.07.14-20.54.43:470][  0]LogRHI:   GL_NV_parameter_buffer_object2
[2018.07.14-20.54.43:470][  0]LogRHI:   GL_NV_path_rendering
[2018.07.14-20.54.43:470][  0]LogRHI:   GL_NV_path_rendering_shared_edge
[2018.07.14-20.54.43:470][  0]LogRHI:   GL_NV_pixel_data_range
[2018.07.14-20.54.43:470][  0]LogRHI:   GL_NV_point_sprite
[2018.07.14-20.54.43:470][  0]LogRHI:   GL_NV_primitive_restart
[2018.07.14-20.54.43:470][  0]LogRHI:   GL_NV_query_resource
[2018.07.14-20.54.43:470][  0]LogRHI:   GL_NV_query_resource_tag
[2018.07.14-20.54.43:470][  0]LogRHI:   GL_NV_register_combiners
[2018.07.14-20.54.43:470][  0]LogRHI:   GL_NV_register_combiners2
[2018.07.14-20.54.43:470][  0]LogRHI:   GL_NV_sample_locations
[2018.07.14-20.54.43:470][  0]LogRHI:   GL_NV_sample_mask_override_coverage
[2018.07.14-20.54.43:470][  0]LogRHI:   GL_NV_shader_atomic_counters
[2018.07.14-20.54.43:470][  0]LogRHI:   GL_NV_shader_atomic_float
[2018.07.14-20.54.43:470][  0]LogRHI:   GL_NV_shader_atomic_fp16_vector
[2018.07.14-20.54.43:470][  0]LogRHI:   GL_NV_shader_atomic_int64
[2018.07.14-20.54.43:470][  0]LogRHI:   GL_NV_shader_buffer_load
[2018.07.14-20.54.43:470][  0]LogRHI:   GL_NV_shader_storage_buffer_object
[2018.07.14-20.54.43:470][  0]LogRHI:   GL_NV_texgen_reflection
[2018.07.14-20.54.43:470][  0]LogRHI:   GL_NV_texture_barrier
[2018.07.14-20.54.43:470][  0]LogRHI:   GL_NV_texture_compression_vtc
[2018.07.14-20.54.43:470][  0]LogRHI:   GL_NV_texture_env_combine4
[2018.07.14-20.54.43:470][  0]LogRHI:   GL_NV_texture_multisample
[2018.07.14-20.54.43:470][  0]LogRHI:   GL_NV_texture_rectangle
[2018.07.14-20.54.43:470][  0]LogRHI:   GL_NV_texture_rectangle_compressed
[2018.07.14-20.54.43:470][  0]LogRHI:   GL_NV_texture_shader
[2018.07.14-20.54.43:470][  0]LogRHI:   GL_NV_texture_shader2
[2018.07.14-20.54.43:470][  0]LogRHI:   GL_NV_texture_shader3
[2018.07.14-20.54.43:470][  0]LogRHI:   GL_NV_transform_feedback
[2018.07.14-20.54.43:470][  0]LogRHI:   GL_NV_transform_feedback2
[2018.07.14-20.54.43:470][  0]LogRHI:   GL_NV_uniform_buffer_unified_memory
[2018.07.14-20.54.43:470][  0]LogRHI:   GL_NV_vdpau_interop
[2018.07.14-20.54.43:470][  0]LogRHI:   GL_NV_vertex_array_range
[2018.07.14-20.54.43:470][  0]LogRHI:   GL_NV_vertex_array_range2
[2018.07.14-20.54.43:470][  0]LogRHI:   GL_NV_vertex_attrib_integer_64bit
[2018.07.14-20.54.43:470][  0]LogRHI:   GL_NV_vertex_buffer_unified_memory
[2018.07.14-20.54.43:470][  0]LogRHI:   GL_NV_vertex_program
[2018.07.14-20.54.43:470][  0]LogRHI:   GL_NV_vertex_program1_1
[2018.07.14-20.54.43:470][  0]LogRHI:   GL_NV_vertex_program2
[2018.07.14-20.54.43:470][  0]LogRHI:   GL_NV_vertex_program2_option
[2018.07.14-20.54.43:470][  0]LogRHI:   GL_NV_vertex_program3
[2018.07.14-20.54.43:470][  0]LogRHI:   GL_NV_viewport_array2
[2018.07.14-20.54.43:470][  0]LogRHI:   GL_NV_viewport_swizzle
[2018.07.14-20.54.43:470][  0]LogRHI:   GL_NVX_conditional_render
[2018.07.14-20.54.43:470][  0]LogRHI:   GL_NVX_gpu_memory_info
[2018.07.14-20.54.43:470][  0]LogRHI:   GL_NVX_nvenc_interop
[2018.07.14-20.54.43:470][  0]LogRHI:   GL_NV_shader_thread_group
[2018.07.14-20.54.43:470][  0]LogRHI:   GL_NV_shader_thread_shuffle
[2018.07.14-20.54.43:470][  0]LogRHI:   GL_KHR_blend_equation_advanced
[2018.07.14-20.54.43:470][  0]LogRHI:   GL_KHR_blend_equation_advanced_coherent
[2018.07.14-20.54.43:470][  0]LogRHI:   GL_SGIS_generate_mipmap
[2018.07.14-20.54.43:470][  0]LogRHI:   GL_SGIS_texture_lod
[2018.07.14-20.54.43:470][  0]LogRHI:   GL_SGIX_depth_texture
[2018.07.14-20.54.43:470][  0]LogRHI:   GL_SGIX_shadow
[2018.07.14-20.54.43:470][  0]LogRHI:   GL_SUN_slice_accum
[2018.07.14-20.54.43:472][  0]LogRHI:   GL_MAX_TEXTURE_SIZE: 16384
[2018.07.14-20.54.43:472][  0]LogRHI:   GL_MAX_CUBE_MAP_TEXTURE_SIZE: 16384
[2018.07.14-20.54.43:472][  0]LogRHI:   GL_MAX_ARRAY_TEXTURE_LAYERS: 2048
[2018.07.14-20.54.43:472][  0]LogRHI:   GL_MAX_3D_TEXTURE_SIZE: 2048
[2018.07.14-20.54.43:472][  0]LogRHI:   GL_MAX_RENDERBUFFER_SIZE: 16384
[2018.07.14-20.54.43:472][  0]LogRHI:   GL_MAX_TEXTURE_IMAGE_UNITS: 32
[2018.07.14-20.54.43:472][  0]LogRHI:   GL_MAX_DRAW_BUFFERS: 8
[2018.07.14-20.54.43:472][  0]LogRHI:   GL_MAX_COLOR_ATTACHMENTS: 8
[2018.07.14-20.54.43:472][  0]LogRHI:   GL_MAX_SAMPLES: 32
[2018.07.14-20.54.43:472][  0]LogRHI:   GL_MAX_COLOR_TEXTURE_SAMPLES: 32
[2018.07.14-20.54.43:472][  0]LogRHI:   GL_MAX_DEPTH_TEXTURE_SAMPLES: 32
[2018.07.14-20.54.43:472][  0]LogRHI:   GL_MAX_INTEGER_SAMPLES: 32
[2018.07.14-20.54.43:472][  0]LogRHI:   GL_MAX_COMBINED_TEXTURE_IMAGE_UNITS: 192
[2018.07.14-20.54.43:472][  0]LogRHI:   GL_MAX_VERTEX_ATTRIBS: 16
[2018.07.14-20.54.43:472][  0]LogRHI:   GL_MAX_TEXTURE_MAX_ANISOTROPY_EXT: 16
[2018.07.14-20.54.43:472][  0]LogRHI: OpenGL MajorVersion = 4, MinorVersion = 3, ShaderPlatform = GLSL_430, FeatureLevel = SM5
[2018.07.14-20.54.43:482][  0]LogRHI: Texture pool is 1433 MB (70% of 2048 MB)
[2018.07.14-20.54.43:482][  0]LogShaderCompilers: Guid format shader working directory is 15 characters bigger than the processId version (../../../../../home/josephtheengineer/workspace/EdenProject/Engine/Intermediate/Shaders/WorkingDirectory/8064/).
[2018.07.14-20.54.43:483][  0]LogShaderCompilers: Cleaned the shader compiler working directory '../../../../../home/josephtheengineer/workspace/EdenProject/Engine/Intermediate/Shaders/tmp/00035E4D2B07060F003601E2CE4801AB/'.
[2018.07.14-20.54.43:483][  0]LogShaderCompilers: Display: Using Local Shader Compiler.
[2018.07.14-20.54.45:055][  0]LogTemp: Display: Loaded TP AllDesktopTargetPlatform
[2018.07.14-20.54.45:131][  0]LogTemp: Display: Loaded TP LinuxClientTargetPlatform
[2018.07.14-20.54.45:208][  0]LogTemp: Display: Loaded TP LinuxNoEditorTargetPlatform
[2018.07.14-20.54.45:291][  0]LogTemp: Display: Loaded TP LinuxServerTargetPlatform
[2018.07.14-20.54.45:358][  0]LogTemp: Display: Loaded TP LinuxTargetPlatform
[2018.07.14-20.54.45:433][  0]LogTemp: Display: Loaded TP Android_ASTCTargetPlatform
[2018.07.14-20.54.45:516][  0]LogTemp: Display: Loaded TP Android_ATCTargetPlatform
[2018.07.14-20.54.45:592][  0]LogTemp: Display: Loaded TP Android_DXTTargetPlatform
[2018.07.14-20.54.45:671][  0]LogTemp: Display: Loaded TP Android_ETC1aTargetPlatform
[2018.07.14-20.54.45:756][  0]LogTemp: Display: Loaded TP Android_ETC1TargetPlatform
[2018.07.14-20.54.45:831][  0]LogTemp: Display: Loaded TP Android_ETC2TargetPlatform
[2018.07.14-20.54.45:981][  0]LogTemp: Display: Loaded TP Android_MultiTargetPlatform
[2018.07.14-20.54.45:990][  0]LogTemp: Display: Loaded TP Android_PVRTCTargetPlatform
[2018.07.14-20.54.46:066][  0]LogTemp: Display: Loaded TP AndroidTargetPlatform
[2018.07.14-20.54.46:138][  0]LogTemp: Display: Loaded TP HTML5TargetPlatform
[2018.07.14-20.54.46:138][  0]LogTargetPlatformManager: Display: Building Assets For Linux
[2018.07.14-20.54.46:411][  0]LogDerivedDataCache: Display: Max Cache Size: 512 MB
[2018.07.14-20.54.46:637][  0]LogDerivedDataCache: Loaded boot cache 0.22s 89MB ../../../../../home/josephtheengineer/workspace/EdenProject/Engine/DerivedDataCache/Boot.ddc.
[2018.07.14-20.54.46:638][  0]LogDerivedDataCache: Display: Loaded Boot cache: ../../../../../home/josephtheengineer/workspace/EdenProject/Engine/DerivedDataCache/Boot.ddc
[2018.07.14-20.54.46:638][  0]LogDerivedDataCache: FDerivedDataBackendGraph:  Pak pak cache file ../../../../../home/josephtheengineer/workspace/EdenProject/Engine/DerivedDataCache/DDC.ddp not found, will not use a pak cache.
[2018.07.14-20.54.46:638][  0]LogDerivedDataCache: Unable to find inner node Pak for hierarchical cache Hierarchy.
[2018.07.14-20.54.46:638][  0]LogDerivedDataCache: FDerivedDataBackendGraph:  EnginePak pak cache file ../../../Engine/DerivedDataCache/DDC.ddp not found, will not use a pak cache.
[2018.07.14-20.54.46:638][  0]LogDerivedDataCache: Unable to find inner node EnginePak for hierarchical cache Hierarchy.
[2018.07.14-20.54.46:639][  0]LogDerivedDataCache: Using Local data cache path ../../../Engine/DerivedDataCache: Writable
[2018.07.14-20.54.46:639][  0]LogDerivedDataCache: Shared data cache path not found in *engine.ini, will not use an Shared cache.
[2018.07.14-20.54.46:639][  0]LogDerivedDataCache: Unable to find inner node Shared for hierarchical cache Hierarchy.
[2018.07.14-20.54.46:655][  0]LogMaterial: Verifying Global Shaders for GLSL_430
[2018.07.14-20.54.46:664][  0]LogSlate: Using Freetype 2.6.0
[2018.07.14-20.54.46:665][  0]LogSlate: SlateFontCache - WITH_FREETYPE: 1, WITH_HARFBUZZ: 0
[2018.07.14-20.54.46:665][  0]LogSlate: SlateFontCache - WITH_FREETYPE: 1, WITH_HARFBUZZ: 0
[2018.07.14-20.54.46:757][  0]LogAssetRegistry: FAssetRegistry took 0.0055 seconds to start up
[2018.07.14-20.54.47:245][  0]LogLinux: Selected Device Profile: [Linux]
[2018.07.14-20.54.47:484][  0]LogMeshReduction: Using QuadricMeshReduction for automatic static mesh reduction
[2018.07.14-20.54.47:484][  0]LogMeshReduction: No automatic skeletal mesh reduction module available
[2018.07.14-20.54.47:484][  0]LogMeshReduction: No automatic mesh merging module available
[2018.07.14-20.54.47:485][  0]LogMeshReduction: No distributed automatic mesh merging module available
[2018.07.14-20.54.47:485][  0]LogMeshMerging: No automatic mesh merging module available
[2018.07.14-20.54.47:485][  0]LogMeshMerging: No distributed automatic mesh merging module available
[2018.07.14-20.54.47:663][  0]LogNetVersion: EdenUniverseBuilder , NetCL: 0, EngineNetVer: 2, GameNetVer: 0 (Checksum: 729575976)
[2018.07.14-20.54.48:476][  0]LogPackageLocalizationCache: Processed 9 localized package path(s) for 2 prioritized culture(s) in 0.050480 seconds
[2018.07.14-20.54.48:483][  0]LogUObjectArray: 36073 objects as part of root set at end of initial load.
[2018.07.14-20.54.48:483][  0]LogUObjectAllocator: 7176912 out of 0 bytes used by permanent object pool.
[2018.07.14-20.54.48:483][  0]LogUObjectArray: CloseDisregardForGC: 0/0 objects in disregard for GC pool
[2018.07.14-20.54.48:503][  0]LogModuleManager: Warning: No filename provided for module ALAudio
[2018.07.14-20.54.48:503][  0]LogModuleManager: Warning: ModuleManager: Unable to load module 'ALAudio' because the file '/opt/unreal-engine/Engine/Binaries/Linux/' was not found.
[2018.07.14-20.54.48:613][  0]LogHAL: Linux SourceCodeAccessSettings: NullSourceCodeAccessor
[2018.07.14-20.54.49:390][  0]LogStreaming: Warning: Failed to read file '../../../Engine/Content/Editor/Slate/Launcher/Mac/Platform_Mac_24x.png' error.
[2018.07.14-20.54.49:390][  0]LogSlate: Could not find file for Slate resource: ../../../Engine/Content/Editor/Slate/Launcher/Mac/Platform_Mac_24x.png
[2018.07.14-20.54.49:390][  0]LogStreaming: Warning: Failed to read file '../../../Engine/Content/Editor/Slate/Launcher/Mac/Platform_Mac_128x.png' error.
[2018.07.14-20.54.49:390][  0]LogSlate: Could not find file for Slate resource: ../../../Engine/Content/Editor/Slate/Launcher/Mac/Platform_Mac_128x.png
[2018.07.14-20.54.49:390][  0]LogStreaming: Warning: Failed to read file '../../../Engine/Content/Editor/Slate/Launcher/Mac/Platform_Mac_128x.png' error.
[2018.07.14-20.54.49:390][  0]LogSlate: Could not find file for Slate resource: ../../../Engine/Content/Editor/Slate/Launcher/Mac/Platform_Mac_128x.png
[2018.07.14-20.54.49:391][  0]LogStreaming: Warning: Failed to read file '../../../Engine/Content/Editor/Slate/Launcher/Mac/Platform_Mac_24x.png' error.
[2018.07.14-20.54.49:391][  0]LogSlate: Could not find file for Slate resource: ../../../Engine/Content/Editor/Slate/Launcher/Mac/Platform_Mac_24x.png
[2018.07.14-20.54.49:391][  0]LogStreaming: Warning: Failed to read file '../../../Engine/Content/Editor/Slate/Launcher/Mac/Platform_Mac_128x.png' error.
[2018.07.14-20.54.49:391][  0]LogSlate: Could not find file for Slate resource: ../../../Engine/Content/Editor/Slate/Launcher/Mac/Platform_Mac_128x.png
[2018.07.14-20.54.49:391][  0]LogStreaming: Warning: Failed to read file '../../../Engine/Content/Editor/Slate/Launcher/Mac/Platform_Mac_128x.png' error.
[2018.07.14-20.54.49:391][  0]LogSlate: Could not find file for Slate resource: ../../../Engine/Content/Editor/Slate/Launcher/Mac/Platform_Mac_128x.png
[2018.07.14-20.54.49:391][  0]LogStreaming: Warning: Failed to read file '../../../Engine/Content/Editor/Slate/Launcher/Mac/Platform_Mac_24x.png' error.
[2018.07.14-20.54.49:391][  0]LogSlate: Could not find file for Slate resource: ../../../Engine/Content/Editor/Slate/Launcher/Mac/Platform_Mac_24x.png
[2018.07.14-20.54.49:391][  0]LogStreaming: Warning: Failed to read file '../../../Engine/Content/Editor/Slate/Launcher/Mac/Platform_Mac_128x.png' error.
[2018.07.14-20.54.49:391][  0]LogSlate: Could not find file for Slate resource: ../../../Engine/Content/Editor/Slate/Launcher/Mac/Platform_Mac_128x.png
[2018.07.14-20.54.49:392][  0]LogStreaming: Warning: Failed to read file '../../../Engine/Content/Editor/Slate/Launcher/Mac/Platform_Mac_128x.png' error.
[2018.07.14-20.54.49:392][  0]LogSlate: Could not find file for Slate resource: ../../../Engine/Content/Editor/Slate/Launcher/Mac/Platform_Mac_128x.png
[2018.07.14-20.54.49:392][  0]LogStreaming: Warning: Failed to read file '../../../Engine/Content/Editor/Slate/Launcher/Mac/Platform_Mac_24x.png' error.
[2018.07.14-20.54.49:392][  0]LogSlate: Could not find file for Slate resource: ../../../Engine/Content/Editor/Slate/Launcher/Mac/Platform_Mac_24x.png
[2018.07.14-20.54.49:392][  0]LogStreaming: Warning: Failed to read file '../../../Engine/Content/Editor/Slate/Launcher/Mac/Platform_Mac_128x.png' error.
[2018.07.14-20.54.49:392][  0]LogSlate: Could not find file for Slate resource: ../../../Engine/Content/Editor/Slate/Launcher/Mac/Platform_Mac_128x.png
[2018.07.14-20.54.49:392][  0]LogStreaming: Warning: Failed to read file '../../../Engine/Content/Editor/Slate/Launcher/Mac/Platform_Mac_128x.png' error.
[2018.07.14-20.54.49:392][  0]LogSlate: Could not find file for Slate resource: ../../../Engine/Content/Editor/Slate/Launcher/Mac/Platform_Mac_128x.png
[2018.07.14-20.54.49:395][  0]LogStreaming: Warning: Failed to read file '../../../Engine/Content/Editor/Slate/Launcher/Android/Platform_Android_24x.png' error.
[2018.07.14-20.54.49:395][  0]LogSlate: Could not find file for Slate resource: ../../../Engine/Content/Editor/Slate/Launcher/Android/Platform_Android_24x.png
[2018.07.14-20.54.49:395][  0]LogStreaming: Warning: Failed to read file '../../../Engine/Content/Editor/Slate/Launcher/Android/Platform_Android_128x.png' error.
[2018.07.14-20.54.49:395][  0]LogSlate: Could not find file for Slate resource: ../../../Engine/Content/Editor/Slate/Launcher/Android/Platform_Android_128x.png
[2018.07.14-20.54.49:396][  0]LogStreaming: Warning: Failed to read file '../../../Engine/Content/Editor/Slate/Launcher/Android/Platform_Android_128x.png' error.
[2018.07.14-20.54.49:396][  0]LogSlate: Could not find file for Slate resource: ../../../Engine/Content/Editor/Slate/Launcher/Android/Platform_Android_128x.png
[2018.07.14-20.54.49:396][  0]LogStreaming: Warning: Failed to read file '../../../Engine/Content/Editor/Slate/Launcher/Android/Platform_Android_24x.png' error.
[2018.07.14-20.54.49:396][  0]LogSlate: Could not find file for Slate resource: ../../../Engine/Content/Editor/Slate/Launcher/Android/Platform_Android_24x.png
[2018.07.14-20.54.49:396][  0]LogStreaming: Warning: Failed to read file '../../../Engine/Content/Editor/Slate/Launcher/Android/Platform_Android_128x.png' error.
[2018.07.14-20.54.49:396][  0]LogSlate: Could not find file for Slate resource: ../../../Engine/Content/Editor/Slate/Launcher/Android/Platform_Android_128x.png
[2018.07.14-20.54.49:396][  0]LogStreaming: Warning: Failed to read file '../../../Engine/Content/Editor/Slate/Launcher/Android/Platform_Android_128x.png' error.
[2018.07.14-20.54.49:396][  0]LogSlate: Could not find file for Slate resource: ../../../Engine/Content/Editor/Slate/Launcher/Android/Platform_Android_128x.png
[2018.07.14-20.54.49:396][  0]LogStreaming: Warning: Failed to read file '../../../Engine/Content/Editor/Slate/Launcher/Android/Platform_Android_ATC_24x.png' error.
[2018.07.14-20.54.49:396][  0]LogSlate: Could not find file for Slate resource: ../../../Engine/Content/Editor/Slate/Launcher/Android/Platform_Android_ATC_24x.png
[2018.07.14-20.54.49:397][  0]LogStreaming: Warning: Failed to read file '../../../Engine/Content/Editor/Slate/Launcher/Android/Platform_Android_128x.png' error.
[2018.07.14-20.54.49:397][  0]LogSlate: Could not find file for Slate resource: ../../../Engine/Content/Editor/Slate/Launcher/Android/Platform_Android_128x.png
[2018.07.14-20.54.49:397][  0]LogStreaming: Warning: Failed to read file '../../../Engine/Content/Editor/Slate/Launcher/Android/Platform_Android_128x.png' error.
[2018.07.14-20.54.49:397][  0]LogSlate: Could not find file for Slate resource: ../../../Engine/Content/Editor/Slate/Launcher/Android/Platform_Android_128x.png
[2018.07.14-20.54.49:397][  0]LogStreaming: Warning: Failed to read file '../../../Engine/Content/Editor/Slate/Launcher/Android/Platform_Android_DXT_24x.png' error.
[2018.07.14-20.54.49:397][  0]LogSlate: Could not find file for Slate resource: ../../../Engine/Content/Editor/Slate/Launcher/Android/Platform_Android_DXT_24x.png
[2018.07.14-20.54.49:397][  0]LogStreaming: Warning: Failed to read file '../../../Engine/Content/Editor/Slate/Launcher/Android/Platform_Android_128x.png' error.
[2018.07.14-20.54.49:397][  0]LogSlate: Could not find file for Slate resource: ../../../Engine/Content/Editor/Slate/Launcher/Android/Platform_Android_128x.png
[2018.07.14-20.54.49:397][  0]LogStreaming: Warning: Failed to read file '../../../Engine/Content/Editor/Slate/Launcher/Android/Platform_Android_128x.png' error.
[2018.07.14-20.54.49:397][  0]LogSlate: Could not find file for Slate resource: ../../../Engine/Content/Editor/Slate/Launcher/Android/Platform_Android_128x.png
[2018.07.14-20.54.49:398][  0]LogStreaming: Warning: Failed to read file '../../../Engine/Content/Editor/Slate/Launcher/Android/Platform_Android_ETC1_24x.png' error.
[2018.07.14-20.54.49:398][  0]LogSlate: Could not find file for Slate resource: ../../../Engine/Content/Editor/Slate/Launcher/Android/Platform_Android_ETC1_24x.png
[2018.07.14-20.54.49:398][  0]LogStreaming: Warning: Failed to read file '../../../Engine/Content/Editor/Slate/Launcher/Android/Platform_Android_128x.png' error.
[2018.07.14-20.54.49:398][  0]LogSlate: Could not find file for Slate resource: ../../../Engine/Content/Editor/Slate/Launcher/Android/Platform_Android_128x.png
[2018.07.14-20.54.49:398][  0]LogStreaming: Warning: Failed to read file '../../../Engine/Content/Editor/Slate/Launcher/Android/Platform_Android_128x.png' error.
[2018.07.14-20.54.49:398][  0]LogSlate: Could not find file for Slate resource: ../../../Engine/Content/Editor/Slate/Launcher/Android/Platform_Android_128x.png
[2018.07.14-20.54.49:398][  0]LogStreaming: Warning: Failed to read file '../../../Engine/Content/Editor/Slate/Launcher/Android/Platform_Android_ETC2_24x.png' error.
[2018.07.14-20.54.49:398][  0]LogSlate: Could not find file for Slate resource: ../../../Engine/Content/Editor/Slate/Launcher/Android/Platform_Android_ETC2_24x.png
[2018.07.14-20.54.49:398][  0]LogStreaming: Warning: Failed to read file '../../../Engine/Content/Editor/Slate/Launcher/Android/Platform_Android_128x.png' error.
[2018.07.14-20.54.49:398][  0]LogSlate: Could not find file for Slate resource: ../../../Engine/Content/Editor/Slate/Launcher/Android/Platform_Android_128x.png
[2018.07.14-20.54.49:399][  0]LogStreaming: Warning: Failed to read file '../../../Engine/Content/Editor/Slate/Launcher/Android/Platform_Android_128x.png' error.
[2018.07.14-20.54.49:399][  0]LogSlate: Could not find file for Slate resource: ../../../Engine/Content/Editor/Slate/Launcher/Android/Platform_Android_128x.png
[2018.07.14-20.54.49:399][  0]LogStreaming: Warning: Failed to read file '../../../Engine/Content/Editor/Slate/Launcher/Android/Platform_Android_ETC2_24x.png' error.
[2018.07.14-20.54.49:399][  0]LogSlate: Could not find file for Slate resource: ../../../Engine/Content/Editor/Slate/Launcher/Android/Platform_Android_ETC2_24x.png
[2018.07.14-20.54.49:399][  0]LogStreaming: Warning: Failed to read file '../../../Engine/Content/Editor/Slate/Launcher/Android/Platform_Android_128x.png' error.
[2018.07.14-20.54.49:399][  0]LogSlate: Could not find file for Slate resource: ../../../Engine/Content/Editor/Slate/Launcher/Android/Platform_Android_128x.png
[2018.07.14-20.54.49:399][  0]LogStreaming: Warning: Failed to read file '../../../Engine/Content/Editor/Slate/Launcher/Android/Platform_Android_128x.png' error.
[2018.07.14-20.54.49:399][  0]LogSlate: Could not find file for Slate resource: ../../../Engine/Content/Editor/Slate/Launcher/Android/Platform_Android_128x.png
[2018.07.14-20.54.49:399][  0]LogStreaming: Warning: Failed to read file '../../../Engine/Content/Editor/Slate/Launcher/Android/Platform_Android_PVRTC_24x.png' error.
[2018.07.14-20.54.49:399][  0]LogSlate: Could not find file for Slate resource: ../../../Engine/Content/Editor/Slate/Launcher/Android/Platform_Android_PVRTC_24x.png
[2018.07.14-20.54.49:399][  0]LogStreaming: Warning: Failed to read file '../../../Engine/Content/Editor/Slate/Launcher/Android/Platform_Android_128x.png' error.
[2018.07.14-20.54.49:399][  0]LogSlate: Could not find file for Slate resource: ../../../Engine/Content/Editor/Slate/Launcher/Android/Platform_Android_128x.png
[2018.07.14-20.54.49:400][  0]LogStreaming: Warning: Failed to read file '../../../Engine/Content/Editor/Slate/Launcher/Android/Platform_Android_128x.png' error.
[2018.07.14-20.54.49:400][  0]LogSlate: Could not find file for Slate resource: ../../../Engine/Content/Editor/Slate/Launcher/Android/Platform_Android_128x.png
[2018.07.14-20.54.49:400][  0]LogStreaming: Warning: Failed to read file '../../../Engine/Content/Editor/Slate/Launcher/Android/Platform_Android_ASTC_24x.png' error.
[2018.07.14-20.54.49:400][  0]LogSlate: Could not find file for Slate resource: ../../../Engine/Content/Editor/Slate/Launcher/Android/Platform_Android_ASTC_24x.png
[2018.07.14-20.54.49:400][  0]LogStreaming: Warning: Failed to read file '../../../Engine/Content/Editor/Slate/Launcher/Android/Platform_Android_128x.png' error.
[2018.07.14-20.54.49:400][  0]LogSlate: Could not find file for Slate resource: ../../../Engine/Content/Editor/Slate/Launcher/Android/Platform_Android_128x.png
[2018.07.14-20.54.49:400][  0]LogStreaming: Warning: Failed to read file '../../../Engine/Content/Editor/Slate/Launcher/Android/Platform_Android_128x.png' error.
[2018.07.14-20.54.49:400][  0]LogSlate: Could not find file for Slate resource: ../../../Engine/Content/Editor/Slate/Launcher/Android/Platform_Android_128x.png
[2018.07.14-20.54.52:501][  0]LogTcpMessaging: Initializing TcpMessaging bridge
[2018.07.14-20.54.52:512][  0]LogUdpMessaging: Initializing bridge on interface 0.0.0.0:0 to multicast group 230.0.0.1:6666.
[2018.07.14-20.54.54:496][  0]LogAndroidPermission: UAndroidPermissionCallbackProxy::GetInstance
[2018.07.14-20.54.56:361][  0]SourceControl: Source control is disabled
[2018.07.14-20.54.56:361][  0]SourceControl: Source control is disabled
[2018.07.14-20.54.56:435][  0]SourceControl: Source control is disabled
[2018.07.14-20.54.56:520][  0]SourceControl: Source control is disabled
[2018.07.14-20.54.57:505][  0]LogEngine: Initializing Engine...
[2018.07.14-20.54.57:506][  0]LogHMD: Failed to initialize OpenVR with code 110
[2018.07.14-20.54.57:508][  0]LogStats: UGameplayTagsManager::ConstructGameplayTagTree: Construct from data asset -  0.000 s
[2018.07.14-20.54.57:508][  0]LogStats: UGameplayTagsManager::ConstructGameplayTagTree: GameplayTagTreeChangedEvent.Broadcast -  0.000 s
[2018.07.14-20.54.58:185][  0]LogAIModule: Creating AISystem for world Untitled
[2018.07.14-20.54.58:194][  0]LogAudioMixer: Display: Audio Mixer Platform Settings:
[2018.07.14-20.54.58:194][  0]LogAudioMixer: Display: 	Sample Rate:						  48000
[2018.07.14-20.54.58:194][  0]LogAudioMixer: Display: 	Callback Buffer Frame Size Requested: 1024
[2018.07.14-20.54.58:194][  0]LogAudioMixer: Display: 	Callback Buffer Frame Size To Use:	  1024
[2018.07.14-20.54.58:194][  0]LogAudioMixer: Display: 	Number of buffers to queue:			  2
[2018.07.14-20.54.58:194][  0]LogAudioMixer: Display: 	Max Channels (voices):				  0
[2018.07.14-20.54.58:194][  0]LogAudioMixer: Display: 	Number of Async Source Workers:		  0
[2018.07.14-20.54.58:195][  0]LogAudioMixer: Display: Initializing audio mixer.
[2018.07.14-20.54.58:204][  0]LogAudioMixerSDL: Display: Initialized SDL using pulseaudio platform API backend.
[2018.07.14-20.54.58:270][  0]LogInit: FAudioDevice initialized.
[2018.07.14-20.54.58:335][  0]LogDerivedDataCache: Saved boot cache 0.06s 89MB ../../../../../home/josephtheengineer/workspace/EdenProject/Engine/DerivedDataCache/Boot.ddc.
[2018.07.14-20.54.58:593][  0]LogInit: Texture streaming: Enabled
[2018.07.14-20.54.58:621][  0]LogEngineSessionManager: EngineSessionManager initialized
[2018.07.14-20.54.58:887][  0]LogInit: Transaction tracking system initialized
[2018.07.14-20.54.59:379][  0]BlueprintLog: New page: Editor Load
[2018.07.14-20.55.00:613][  0]LocalizationService: Localization service is disabled
[2018.07.14-20.55.01:421][  0]LogConsoleResponse: Display: 
[2018.07.14-20.55.01:702][  0]LogFileCache: Scanning file cache for directory '/home/josephtheengineer/workspace/EdenProject/Engine/Content/' took 0.00s
[2018.07.14-20.55.01:702][  0]LogCook: Display: Max memory allowance for cook 16384mb min free memory 0mb
[2018.07.14-20.55.01:702][  0]LogCook: Display: Mobile HDR setting 1
[2018.07.14-20.55.01:702][  0]LogGameplayTags: Display: UGameplayTagsManager::DoneAddingNativeTags. DelegateIsBound: 0
[2018.07.14-20.55.01:702][  0]LogStats: UGameplayTagsManager::ConstructGameplayTagTree: Construct from data asset -  0.000 s
[2018.07.14-20.55.01:703][  0]LogStats: UGameplayTagsManager::ConstructGameplayTagTree: GameplayTagTreeChangedEvent.Broadcast -  0.000 s
[2018.07.14-20.55.03:230][  0]SourceControl: Source control is disabled
[2018.07.14-20.55.03:235][  0]LogLinux: Scale at X=0.000000, Y=0.000000: 1.000000 (monitor=#0, HDPI=84.625359 (horz scale: 0.881514), VDPI=84.813911 (vert scale: 0.883478))
[2018.07.14-20.55.03:235][  0]LogLinux: Scale at X=228.000000, Y=167.000000: 1.000000 (monitor=#0, HDPI=84.625359 (horz scale: 0.881514), VDPI=84.813911 (vert scale: 0.883478))
[2018.07.14-20.55.03:236][  0]LogLinux: Scale at X=683.000000, Y=384.000000: 1.000000 (monitor=#0, HDPI=84.625359 (horz scale: 0.881514), VDPI=84.813911 (vert scale: 0.883478))
[2018.07.14-20.55.03:263][  0]LogSlate: Took 0.000074 seconds to synchronously load lazily loaded font '../../../Engine/Content/Slate/Fonts/Roboto-Regular.ttf' (155K)
[2018.07.14-20.55.03:325][  0]LogLinux: Setting swap interval to 'Immediate'
[2018.07.14-20.55.10:095][  0]LogSlate: Window 'Restore Packages' being destroyed
[2018.07.14-20.55.10:102][  0]LogLinux: Scale at X=0.000000, Y=0.000000: 1.000000 (monitor=#0, HDPI=84.625359 (horz scale: 0.881514), VDPI=84.813911 (vert scale: 0.883478))
[2018.07.14-20.55.10:102][  0]LogLinux: Scale at X=678.000000, Y=367.000000: 1.000000 (monitor=#0, HDPI=84.625359 (horz scale: 0.881514), VDPI=84.813911 (vert scale: 0.883478))
[2018.07.14-20.55.10:104][  0]LogLinux: Scale at X=683.000000, Y=384.000000: 1.000000 (monitor=#0, HDPI=84.625359 (horz scale: 0.881514), VDPI=84.813911 (vert scale: 0.883478))
[2018.07.14-20.55.10:142][  0]LogLinux: Setting swap interval to 'Immediate'
[2018.07.14-20.55.12:242][  0]LogSlate: Window 'Unable to Check Out From Source Control!' being destroyed
[2018.07.14-20.55.12:274][  0]Cmd: MAP LOAD FILE="../../../Engine/Content/Maps/Templates/Template_Default.umap" TEMPLATE=1 SHOWPROGRESS=1 FEATURELEVEL=3
[2018.07.14-20.55.12:274][  0]LightingResults: New page: Lighting Build
[2018.07.14-20.55.12:322][  0]MapCheck: New page: Map Check
[2018.07.14-20.55.12:322][  0]LightingResults: New page: Lighting Build
[2018.07.14-20.55.12:717][  0]LogAIModule: Creating AISystem for world Untitled_1
[2018.07.14-20.55.12:730][  0]LogEditorServer: Finished looking for orphan Actors (0.000 secs)
[2018.07.14-20.55.12:753][  0]Cmd: MAP CHECKDEP NOCLEARLOG
[2018.07.14-20.55.12:768][  0]MapCheck: Map check complete: 0 Error(s), 0 Warning(s), took 14.345884ms to complete.
[2018.07.14-20.55.12:768][  0]LogFileHelpers: Loading map 'Template_Default' took 0.494
[2018.07.14-20.55.12:790][  0]LogLinux: Scale at X=716.000000, Y=29.000000: 1.000000 (monitor=#0, HDPI=84.625359 (horz scale: 0.881514), VDPI=84.813911 (vert scale: 0.883478))
[2018.07.14-20.55.12:790][  0]LogLinux: Scale at X=1033.000000, Y=390.500000: 1.000000 (monitor=#0, HDPI=84.625359 (horz scale: 0.881514), VDPI=84.813911 (vert scale: 0.883478))
[2018.07.14-20.55.12:793][  0]LogLinux: Scale at X=0.000000, Y=0.000000: 1.000000 (monitor=#0, HDPI=84.625359 (horz scale: 0.881514), VDPI=84.813911 (vert scale: 0.883478))
[2018.07.14-20.55.12:874][  0]LogCollectionManager: Loaded 0 collections in 0.001906 seconds
[2018.07.14-20.55.12:896][  0]LogFileCache: Scanning file cache for directory '/home/josephtheengineer/workspace/EdenProject/Engine/Saved/Collections/' took 0.00s
[2018.07.14-20.55.12:896][  0]LogFileCache: Scanning file cache for directory '/home/josephtheengineer/workspace/EdenProject/Engine/Content/Developers/josephtheengineer/Collections/' took 0.00s
[2018.07.14-20.55.12:896][  0]LogFileCache: Scanning file cache for directory '/home/josephtheengineer/workspace/EdenProject/Engine/Content/Collections/' took 0.00s
[2018.07.14-20.55.12:896][  0]LogContentBrowser: Native class hierarchy populated in 0.0141 seconds. Added 2426 classes and 538 folders.
[2018.07.14-20.55.12:903][  0]LogCollectionManager: Rebuilt the GUID cache for 0 collections in 0.000001 seconds
[2018.07.14-20.55.13:031][  0]LogContentBrowser: Native class hierarchy updated for 'WidgetCarousel' in 0.0005 seconds. Added 0 classes and 0 folders.
[2018.07.14-20.55.13:170][  0]LogContentBrowser: Native class hierarchy updated for 'AddContentDialog' in 0.0017 seconds. Added 0 classes and 0 folders.
[2018.07.14-20.55.13:274][  0]LogContentBrowser: Native class hierarchy updated for 'SceneOutliner' in 0.0005 seconds. Added 1 classes and 2 folders.
[2018.07.14-20.55.13:395][  0]LogContentBrowser: Native class hierarchy updated for 'HierarchicalLODOutliner' in 0.0006 seconds. Added 0 classes and 0 folders.
[2018.07.14-20.55.13:395][  0]LogLoad: (Engine Initialization) Total time: 33.54 seconds
[2018.07.14-20.55.13:395][  0]LogLoad: (Engine Initialization) Total Blueprint compile time: 0.00 seconds
[2018.07.14-20.55.13:406][  0]LogSlate: Took 0.000105 seconds to synchronously load lazily loaded font '../../../Engine/Content/Slate/Fonts/Roboto-Bold.ttf' (160K)
[2018.07.14-20.55.13:415][  0]LogSlate: Took 0.000859 seconds to synchronously load lazily loaded font '../../../Engine/Content/Editor/Slate/Fonts/FontAwesome.ttf' (139K)
[2018.07.14-20.55.13:415][  0]LogSlate: Took 0.000477 seconds to synchronously load lazily loaded font '../../../Engine/Content/Slate/Fonts/DroidSansMono.ttf' (77K)
[2018.07.14-20.55.13:622][  0]LogRenderer: Reallocating scene render targets to support 404x304 Format 10 NumSamples 1 (Frame:1).
[2018.07.14-20.55.13:721][  0]LogLinux: Setting swap interval to 'Immediate'
[2018.07.14-20.55.13:723][  0]LogInit: Adding external input plugin.
[2018.07.14-20.55.13:742][  0]LogContentStreaming: Texture pool size now 1000 MB
[2018.07.14-20.55.13:758][  0]LogSlate: Took 0.000326 seconds to synchronously load lazily loaded font '../../../Engine/Content/Slate/Fonts/Roboto-Light.ttf' (167K)
[2018.07.14-20.55.13:800][  1]LogAssetRegistry: Asset discovery search completed in 27.0432 seconds
[2018.07.14-20.55.13:801][  1]LogCollectionManager: Rebuilt the object cache for 0 collections in 0.000001 seconds (found 0 objects)
[2018.07.14-20.55.13:802][  1]LogCollectionManager: Fixed up redirectors for 0 collections in 0.000250 seconds (updated 0 objects)
[2018.07.14-20.55.14:409][ 70]LogLinux: Scale at X=0.000000, Y=0.000000: 1.000000 (monitor=#0, HDPI=84.625359 (horz scale: 0.881514), VDPI=84.813911 (vert scale: 0.883478))
[2018.07.14-20.55.14:410][ 70]LogLinux: Scale at X=683.000000, Y=384.000000: 1.000000 (monitor=#0, HDPI=84.625359 (horz scale: 0.881514), VDPI=84.813911 (vert scale: 0.883478))
[2018.07.14-20.55.14:410][ 70]LogLinux: Scale at X=683.000000, Y=384.000000: 1.000000 (monitor=#0, HDPI=84.625359 (horz scale: 0.881514), VDPI=84.813911 (vert scale: 0.883478))
[2018.07.14-20.55.14:420][ 70]LogSlate: Took 0.000076 seconds to synchronously load lazily loaded font '../../../Engine/Content/Slate/Fonts/Roboto-Light.ttf' (167K)
[2018.07.14-20.55.14:613][ 93]LogLinux: Setting swap interval to 'Immediate'
[2018.07.14-20.55.14:613][ 93]LogSlate: FSceneViewport::OnFocusLost() reason 0
[2018.07.14-20.55.16:222][261]LogUObjectGlobals: Created PersistentFrame Addr=0x00007f5c3e5ae480, Size=72, Default__BP_BlockSpawner_C Function /Game/BP_BlockSpawner.BP_BlockSpawner_C:ExecuteUbergraph_BP_BlockSpawner
[2018.07.14-20.55.16:244][261]LogUObjectGlobals: Destroyed PersistentFrame Addr=0x00007f5c3e5ae480, Size=72
[2018.07.14-20.55.16:245][261]LogUObjectGlobals: Created PersistentFrame Addr=0x00007f5c3e5ae480, Size=72, Default__BP_BlockSpawner_C Function /Engine/Transient.REINST_BP_BlockSpawner_C_5:ExecuteUbergraph_BP_BlockSpawner
[2018.07.14-20.55.16:263][261]LogUObjectGlobals: Created PersistentFrame Addr=0x00007f5c3e84c090, Size=72, Default__BP_BlockSpawner_C Function /Game/BP_BlockSpawner.BP_BlockSpawner_C:ExecuteUbergraph_BP_BlockSpawner
[2018.07.14-20.55.16:508][261]LogLinux: Scale at X=0.000000, Y=0.000000: 1.000000 (monitor=#0, HDPI=84.625359 (horz scale: 0.881514), VDPI=84.813911 (vert scale: 0.883478))
[2018.07.14-20.55.16:508][261]LogLinux: Scale at X=683.000000, Y=384.000000: 1.000000 (monitor=#0, HDPI=84.625359 (horz scale: 0.881514), VDPI=84.813911 (vert scale: 0.883478))
[2018.07.14-20.55.16:509][261]LogLinux: Scale at X=683.000000, Y=384.000000: 1.000000 (monitor=#0, HDPI=84.625359 (horz scale: 0.881514), VDPI=84.813911 (vert scale: 0.883478))
[2018.07.14-20.55.16:529][261]LogLinux: Setting swap interval to 'Immediate'
[2018.07.14-20.55.17:018][261]LogContentBrowser: Native class hierarchy updated for 'BlueprintGraph' in 0.0010 seconds. Added 116 classes and 0 folders.
[2018.07.14-20.55.17:331][261]LogUObjectGlobals: Created PersistentFrame Addr=0x00007f5c409a6380, Size=4, Default__SKEL_PROTO_BP_AnimBlueprint_0_C Function /Engine/Transient.SKEL_PROTO_BP_AnimBlueprint_0_C:ExecuteUbergraph_PROTO_BP_AnimBlueprint_0
[2018.07.14-20.55.17:332][261]LogUObjectGlobals: Created PersistentFrame Addr=0x00007f5c409a63a0, Size=4, Default__PROTO_BP_AnimBlueprint_0_C Function /Engine/Transient.PROTO_BP_AnimBlueprint_0_C:ExecuteUbergraph_PROTO_BP_AnimBlueprint_0
[2018.07.14-20.55.17:990][261]LogUObjectGlobals: Created PersistentFrame Addr=0x00007f5c44368e40, Size=224, Default__BP_PrimeCalc_C Function /Game/BP_PrimeCalc.BP_PrimeCalc_C:ExecuteUbergraph_BP_PrimeCalc
[2018.07.14-20.55.17:995][261]LogUObjectGlobals: Destroyed PersistentFrame Addr=0x00007f5c44368e40, Size=224
[2018.07.14-20.55.17:995][261]LogUObjectGlobals: Created PersistentFrame Addr=0x00007f5c44368e40, Size=224, Default__BP_PrimeCalc_C Function /Engine/Transient.REINST_BP_PrimeCalc_C_19:ExecuteUbergraph_BP_PrimeCalc
[2018.07.14-20.55.17:998][261]LogUObjectGlobals: Created PersistentFrame Addr=0x00007f5c4436b4c0, Size=224, Default__BP_PrimeCalc_C Function /Game/BP_PrimeCalc.BP_PrimeCalc_C:ExecuteUbergraph_BP_PrimeCalc
[2018.07.14-20.55.18:033][261]LogLinux: Scale at X=0.000000, Y=0.000000: 1.000000 (monitor=#0, HDPI=84.625359 (horz scale: 0.881514), VDPI=84.813911 (vert scale: 0.883478))
[2018.07.14-20.55.18:033][261]LogLinux: Scale at X=683.000000, Y=384.000000: 1.000000 (monitor=#0, HDPI=84.625359 (horz scale: 0.881514), VDPI=84.813911 (vert scale: 0.883478))
[2018.07.14-20.55.18:034][261]LogLinux: Scale at X=683.000000, Y=384.000000: 1.000000 (monitor=#0, HDPI=84.625359 (horz scale: 0.881514), VDPI=84.813911 (vert scale: 0.883478))
[2018.07.14-20.55.18:054][261]LogLinux: Setting swap interval to 'Immediate'
[2018.07.14-20.55.18:060][261]LogLinux: Scale at X=12.000000, Y=29.000000: 1.000000 (monitor=#0, HDPI=84.625359 (horz scale: 0.881514), VDPI=84.813911 (vert scale: 0.883478))
[2018.07.14-20.55.18:060][261]LogLinux: Scale at X=356.000000, Y=390.500000: 1.000000 (monitor=#0, HDPI=84.625359 (horz scale: 0.881514), VDPI=84.813911 (vert scale: 0.883478))
[2018.07.14-20.55.18:498][261]LogSlate: Took 0.000867 seconds to synchronously load lazily loaded font '../../../Engine/Content/Slate/Fonts/Roboto-BoldCondensed.ttf' (158K)
[2018.07.14-20.55.18:723][262]LogLinux: Setting swap interval to 'Immediate'
[2018.07.14-20.55.18:723][262]LogSlate: Took 0.000888 seconds to synchronously load lazily loaded font '../../../Engine/Content/Slate/Fonts/Roboto-Italic.ttf' (157K)
[2018.07.14-20.55.31:997][794]LogLinux: Scale at X=0.000000, Y=0.000000: 1.000000 (monitor=#0, HDPI=84.625359 (horz scale: 0.881514), VDPI=84.813911 (vert scale: 0.883478))
[2018.07.14-20.55.31:997][794]LogLinux: Scale at X=683.000000, Y=384.000000: 1.000000 (monitor=#0, HDPI=84.625359 (horz scale: 0.881514), VDPI=84.813911 (vert scale: 0.883478))
[2018.07.14-20.55.31:997][794]LogLinux: Scale at X=683.000000, Y=384.000000: 1.000000 (monitor=#0, HDPI=84.625359 (horz scale: 0.881514), VDPI=84.813911 (vert scale: 0.883478))
[2018.07.14-20.55.32:107][801]LogLinux: Scale at X=12.000000, Y=29.000000: 1.000000 (monitor=#0, HDPI=84.625359 (horz scale: 0.881514), VDPI=84.813911 (vert scale: 0.883478))
[2018.07.14-20.55.32:171][803]LogLinux: Setting swap interval to 'Immediate'
[2018.07.14-20.55.34:576][ 47]LogSlate: Window 'BP_PrimeCalc' being destroyed
[2018.07.14-20.56.55:064][829]LogRenderer: Reallocating scene render targets to support 804x304 Format 10 NumSamples 1 (Frame:249).
[2018.07.14-20.58.29:160][593]LogLinux: Scale at X=0.000000, Y=0.000000: 1.000000 (monitor=#0, HDPI=84.625359 (horz scale: 0.881514), VDPI=84.813911 (vert scale: 0.883478))
[2018.07.14-20.58.29:160][593]LogLinux: Scale at X=683.000000, Y=384.000000: 1.000000 (monitor=#0, HDPI=84.625359 (horz scale: 0.881514), VDPI=84.813911 (vert scale: 0.883478))
[2018.07.14-20.58.29:163][593]LogLinux: Scale at X=683.000000, Y=384.000000: 1.000000 (monitor=#0, HDPI=84.625359 (horz scale: 0.881514), VDPI=84.813911 (vert scale: 0.883478))
[2018.07.14-20.58.29:181][593]LogLinux: Setting swap interval to 'Immediate'
[2018.07.14-20.58.29:198][593]LogAIModule: Creating AISystem for world TestLevel
[2018.07.14-20.58.29:225][593]LogUObjectGlobals: Destroyed PersistentFrame Addr=0x00007f5c3e5ae480, Size=72
[2018.07.14-20.58.29:226][593]LogUObjectGlobals: Destroyed PersistentFrame Addr=0x00007f5c44368e40, Size=224
[2018.07.14-20.58.29:229][593]Cmd: MAP LOAD FILE="../../../../../home/josephtheengineer/workspace/EdenProject/Engine/Content/TestLevel.umap" TEMPLATE=0 SHOWPROGRESS=1 FEATURELEVEL=3
[2018.07.14-20.58.29:229][593]LightingResults: New page: Lighting Build
[2018.07.14-20.58.29:230][593]LoadErrors: New page: Loading map: TestLevel.umap
[2018.07.14-20.58.29:231][593]MapCheck: New page: Map Check
[2018.07.14-20.58.29:231][593]LightingResults: New page: Lighting Build
[2018.07.14-20.58.29:251][593]LogEditorServer: Finished looking for orphan Actors (0.000 secs)
[2018.07.14-20.58.29:280][593]Cmd: MAP CHECKDEP NOCLEARLOG
[2018.07.14-20.58.29:298][593]MapCheck: Map check complete: 0 Error(s), 0 Warning(s), took 18.062353ms to complete.
[2018.07.14-20.58.29:298][593]LogFileHelpers: Loading map 'TestLevel' took 0.071
[2018.07.14-20.58.45:308][976]LogTemp: Repeating last play command: Selected Viewport
[2018.07.14-20.58.45:329][976]LogPlayLevel: PlayLevel: No blueprints needed recompiling
[2018.07.14-20.58.45:330][976]PIE: New page: PIE session: TestLevel (Jul 15, 2018, 4:58:45 PM)
[2018.07.14-20.58.45:330][976]LogPlayLevel: Creating play world package: /Game/UEDPIE_0_TestLevel
[2018.07.14-20.58.45:332][976]LogPlayLevel: PIE: StaticDuplicateObject took: (0.002347s)
[2018.07.14-20.58.45:333][976]LogAIModule: Creating AISystem for world TestLevel
[2018.07.14-20.58.45:333][976]LogPlayLevel: PIE: World Init took: (0.000750s)
[2018.07.14-20.58.45:333][976]LogPlayLevel: PIE: Created PIE world by copying editor world from /Game/TestLevel.TestLevel to /Game/UEDPIE_0_TestLevel.TestLevel (0.003551s)
[2018.07.14-20.58.45:349][976]LogAudioMixer: Display: Audio Mixer Platform Settings:
[2018.07.14-20.58.45:350][976]LogAudioMixer: Display: 	Sample Rate:						  48000
[2018.07.14-20.58.45:350][976]LogAudioMixer: Display: 	Callback Buffer Frame Size Requested: 1024
[2018.07.14-20.58.45:350][976]LogAudioMixer: Display: 	Callback Buffer Frame Size To Use:	  1024
[2018.07.14-20.58.45:350][976]LogAudioMixer: Display: 	Number of buffers to queue:			  2
[2018.07.14-20.58.45:350][976]LogAudioMixer: Display: 	Max Channels (voices):				  0
[2018.07.14-20.58.45:350][976]LogAudioMixer: Display: 	Number of Async Source Workers:		  0
[2018.07.14-20.58.45:351][976]LogAudioMixer: Display: Initializing audio mixer.
[2018.07.14-20.58.45:351][976]LogAudioMixerSDL: Display: Initialized SDL using pulseaudio platform API backend.
[2018.07.14-20.58.45:418][976]LogInit: FAudioDevice initialized.
[2018.07.14-20.58.45:479][976]LogLoad: Game class is 'GameModeBase'
[2018.07.14-20.58.45:484][976]LogWorld: Bringing World /Game/UEDPIE_0_TestLevel.TestLevel up for play (max tick rate 0) at 2018.07.15-06.58.45
[2018.07.14-20.58.45:488][976]LogWorld: Bringing up level for play took: 0.004763
[2018.07.14-20.58.45:552][976]LogContentBrowser: Native class hierarchy updated for 'MovieSceneCapture' in 0.0005 seconds. Added 11 classes and 0 folders.
[2018.07.14-20.58.45:579][976]PIE: Play in editor start time for /Game/UEDPIE_0_TestLevel 5.579018
[2018.07.14-20.58.46:927][131]LogBlueprintUserMessages: [BP_PrimeCalc_358] Hello
