Log file open, 12/31/18 18:24:24
LogConsoleResponse: Display: Failed to find resolution value strings in scalability ini. Falling back to default.
LogInit: Display: Running engine without a game
LogPakFile: Registered encryption key '00000000000000000000000000000000': 0 pak files mounted, 0 remain pending
LogPlatformFile: Not using cached read wrapper
LogInit: Display: Loading recent project file: ../../../../../home/josephtheengineer/workspace/edenproject/EdenUniverseBuilder/EdenUniverseBuilder.uproject
LogTaskGraph: Started task graph with 5 named threads and 8 total threads with 3 sets of task threads.
LogStats: Stats thread started at 0.640008
LogICUInternationalization: ICU TimeZone Detection - Raw Offset: +10:00, Platform Override: ''
LogPluginManager: Mounting plugin AISupport
LogPluginManager: Mounting plugin LevelSequenceEditor
LogPluginManager: Mounting plugin MatineeToLevelSequence
LogPluginManager: Mounting plugin ActorSequence
LogPluginManager: Mounting plugin Paper2D
LogPluginManager: Mounting plugin LightPropagationVolume
LogPluginManager: Mounting plugin TcpMessaging
LogPluginManager: Mounting plugin UdpMessaging
LogPluginManager: Mounting plugin NetcodeUnitTest
LogPluginManager: Mounting plugin NUTUnrealEngine4
LogPluginManager: Mounting plugin OnlineSubsystemIOS
LogPluginManager: Mounting plugin OnlineSubsystemUtils
LogPluginManager: Mounting plugin OnlineSubsystem
LogPluginManager: Mounting plugin OnlineSubsystemNull
LogPluginManager: Mounting plugin OnlineSubsystemGooglePlay
LogPluginManager: Mounting plugin MobileLauncherProfileWizard
LogPluginManager: Mounting plugin MeshEditor
LogPluginManager: Mounting plugin FacialAnimation
LogPluginManager: Mounting plugin PluginBrowser
LogPluginManager: Mounting plugin CryptoKeys
LogPluginManager: Mounting plugin SpeedTreeImporter
LogPluginManager: Mounting plugin MacGraphicsSwitching
LogPluginManager: Mounting plugin GameplayTagsEditor
LogPluginManager: Mounting plugin DataValidation
LogPluginManager: Mounting plugin AssetManagerEditor
LogPluginManager: Mounting plugin WebMMedia
LogPluginManager: Mounting plugin MediaPlayerEditor
LogPluginManager: Mounting plugin LinearTimecode
LogPluginManager: Mounting plugin AvfMedia
LogPluginManager: Mounting plugin ImgMedia
LogPluginManager: Mounting plugin WmfMedia
LogPluginManager: Mounting plugin MediaCompositing
LogPluginManager: Mounting plugin AndroidMedia
LogPluginManager: Mounting plugin LauncherChunkInstaller
LogPluginManager: Mounting plugin MagicLeap
LogPluginManager: Mounting plugin MagicLeapMedia
LogPluginManager: Mounting plugin AlembicImporter
LogPluginManager: Mounting plugin ProxyLODPlugin
LogPluginManager: Mounting plugin GeometryCache
LogPluginManager: Mounting plugin AppleImageUtils
LogPluginManager: Mounting plugin BackChannel
LogPluginManager: Mounting plugin AppleVision
LogPluginManager: Mounting plugin CharacterAI
LogPluginManager: Mounting plugin HTML5Networking
LogPluginManager: Mounting plugin LinuxDeviceProfileSelector
LogPluginManager: Mounting plugin PhysXVehicles
LogPluginManager: Mounting plugin ExampleDeviceProfileSelector
LogPluginManager: Mounting plugin RuntimePhysXCooking
LogPluginManager: Mounting plugin GoogleCloudMessaging
LogPluginManager: Mounting plugin CustomMeshComponent
LogPluginManager: Mounting plugin AudioCapture
LogPluginManager: Mounting plugin AndroidMoviePlayer
LogPluginManager: Mounting plugin EditableMesh
LogPluginManager: Mounting plugin AndroidDeviceProfileSelector
LogPluginManager: Mounting plugin LocationServicesBPLibrary
LogPluginManager: Mounting plugin ArchVisCharacter
LogPluginManager: Mounting plugin SteamVR
LogPluginManager: Mounting plugin WindowsMoviePlayer
LogPluginManager: Mounting plugin CableComponent
LogPluginManager: Mounting plugin IOSDeviceProfileSelector
LogPluginManager: Mounting plugin AndroidPermission
LogPluginManager: Mounting plugin OculusVR
LogPluginManager: Mounting plugin ProceduralMeshComponent
LogPluginManager: Mounting plugin AppleMoviePlayer
LogPluginManager: Mounting plugin WebMMoviePlayer
LogPluginManager: Mounting plugin Firebase
LogPluginManager: Mounting plugin MobilePatchingUtils
LogPluginManager: Mounting plugin DatasmithContent
LogPluginManager: Mounting plugin VariantManagerContent
LogPluginManager: Mounting plugin PerforceSourceControl
LogPluginManager: Mounting plugin VisualStudioSourceCodeAccess
LogPluginManager: Mounting plugin XCodeSourceCodeAccess
LogPluginManager: Mounting plugin CodeLiteSourceCodeAccess
LogPluginManager: Mounting plugin VisualStudioCodeSourceCodeAccess
LogPluginManager: Mounting plugin GitSourceControl
LogPluginManager: Mounting plugin CLionSourceCodeAccess
LogPluginManager: Mounting plugin UObjectPlugin
LogPluginManager: Mounting plugin KDevelopSourceCodeAccess
LogPluginManager: Mounting plugin NullSourceCodeAccess
LogPluginManager: Mounting plugin ActorLayerUtilities
LogPluginManager: Mounting plugin SubversionSourceControl
LogStreaming: Display: Took  1.628s to configure plugins.
LogInit: Using libcurl 7.48.0-DEV
LogInit:  - built for x86_64-unknown-linux-gnu
LogInit:  - supports SSL with OpenSSL/1.0.2h
LogInit:  - supports HTTP deflate (compression) using libz 1.2.8
LogInit:  - other features:
LogInit:      CURL_VERSION_SSL
LogInit:      CURL_VERSION_LIBZ
LogInit:      CURL_VERSION_IPV6
LogInit:      CURL_VERSION_ASYNCHDNS
LogInit:      CURL_VERSION_LARGEFILE
LogInit:      CURL_VERSION_TLSAUTH_SRP
LogInit:  CurlRequestOptions (configurable via config and command line):
LogInit:  - bVerifyPeer = true  - Libcurl will verify peer certificate
LogInit:  - bUseHttpProxy = false  - Libcurl will NOT use HTTP proxy
LogInit:  - bDontReuseConnections = false  - Libcurl will reuse connections
LogInit:  - MaxHostConnections = 16  - Libcurl will limit the number of connections to a host
LogInit:  - LocalHostAddr = Default
LogInit:  - BufferSize = 65536
LogInit: Build: ++UE4+Release-4.21-CL-0
LogInit: Engine Version: 4.21.0-0+++UE4+Release-4.21
LogInit: Compatible Engine Version: 4.21.0-0+++UE4+Release-4.21
LogInit: Net CL: 0
LogInit: OS: GenericOSVersionLabel (GenericOSSubVersionLabel), CPU: Intel(R) Core(TM) i5-6200U CPU @ 2.30GHz, GPU: GenericGPUBrand
LogInit: Compiled (64-bit): Dec 17 2018 14:33:08
LogInit: Compiled with Clang: 7.0.0 (tags/RELEASE_700/final)
LogInit: Build Configuration: Development
LogInit: Branch Name: ++UE4+Release-4.21
LogInit: Command Line: 
LogInit: Base Directory: /opt/unreal-engine/Engine/Binaries/Linux/
LogInit: Installed Engine Build: 0
LogDevObjectVersion: Number of dev versions registered: 22
LogDevObjectVersion:   Dev-Blueprints (B0D832E4-1F89-4F0D-ACCF-7EB736FD4AA2): 10
LogDevObjectVersion:   Dev-Build (E1C64328-A22C-4D53-A36C-8E866417BD8C): 0
LogDevObjectVersion:   Dev-Core (375EC13C-06E4-48FB-B500-84F0262A717E): 2
LogDevObjectVersion:   Dev-Editor (E4B068ED-F494-42E9-A231-DA0B2E46BB41): 26
LogDevObjectVersion:   Dev-Framework (CFFC743F-43B0-4480-9391-14DF171D2073): 34
LogDevObjectVersion:   Dev-Mobile (B02B49B5-BB20-44E9-A304-32B752E40360): 2
LogDevObjectVersion:   Dev-Networking (A4E4105C-59A1-49B5-A7C5-40C4547EDFEE): 0
LogDevObjectVersion:   Dev-Online (39C831C9-5AE6-47DC-9A44-9C173E1C8E7C): 0
LogDevObjectVersion:   Dev-Physics (78F01B33-EBEA-4F98-B9B4-84EACCB95AA2): 0
LogDevObjectVersion:   Dev-Platform (6631380F-2D4D-43E0-8009-CF276956A95A): 0
LogDevObjectVersion:   Dev-Rendering (12F88B9F-8875-4AFC-A67C-D90C383ABD29): 27
LogDevObjectVersion:   Dev-Sequencer (7B5AE74C-D270-4C10-A958-57980B212A5A): 9
LogDevObjectVersion:   Dev-VR (D7296918-1DD6-4BDD-9DE2-64A83CC13884): 2
LogDevObjectVersion:   Dev-LoadTimes (C2A15278-BFE7-4AFE-6C17-90FF531DF755): 1
LogDevObjectVersion:   Private-Geometry (6EACA3D4-40EC-4CC1-B786-8BED09428FC5): 3
LogDevObjectVersion:   Dev-AnimPhys (29E575DD-E0A3-4627-9D10-D276232CDCEA): 17
LogDevObjectVersion:   Dev-Anim (AF43A65D-7FD3-4947-9873-3E8ED9C1BB05): 2
LogDevObjectVersion:   Dev-ReflectionCapture (6B266CEC-1EC7-4B8F-A30B-E4D90942FC07): 1
LogDevObjectVersion:   Dev-Automation (0DF73D61-A23F-47EA-B727-89E90C41499A): 1
LogDevObjectVersion:   FortniteMain (601D1886-AC64-4F84-AA16-D3DE0DEAC7D6): 17
LogDevObjectVersion:   Dev-Enterprise (9DFFBCD6-494F-0158-E221-12823C92A888): 4
LogDevObjectVersion:   Dev-Niagara (F2AED0AC-9AFE-416F-8664-AA7FFA26D6FC): 1
LogStreaming: Display: Took  0.002s to delete old logs.
LogInit: Presizing for max 8388607 objects, including 0 objects not considered by GC, pre-allocating 0 bytes for permanent pool.
LogInit: Object subsystem initialized
LogConfig: Setting CVar [[con.DebugEarlyDefault:1]]
LogConfig: Setting CVar [[r.setres:1280x720]]
[2018.12.31-08.24.26:789][  0]LogConfig: Setting CVar [[r.VSync:0]]
[2018.12.31-08.24.26:790][  0]LogConfig: Setting CVar [[r.RHICmdBypass:1]]
[2018.12.31-08.24.26:790][  0]LogConfig: Applying CVar settings from Section [/Script/Engine.RendererSettings] File [/home/josephtheengineer/workspace/edenproject/EdenUniverseBuilder/Saved/Config/Linux/Engine.ini]
[2018.12.31-08.24.26:790][  0]LogConfig: Setting CVar [[r.GPUCrashDebugging:0]]
[2018.12.31-08.24.26:790][  0]LogConfig: Setting CVar [[r.MobileHDR:1]]
[2018.12.31-08.24.26:790][  0]LogConfig: Setting CVar [[r.Mobile.DisableVertexFog:1]]
[2018.12.31-08.24.26:790][  0]LogConfig: Setting CVar [[r.Shadow.CSM.MaxMobileCascades:2]]
[2018.12.31-08.24.26:790][  0]LogConfig: Setting CVar [[r.MobileMSAA:1]]
[2018.12.31-08.24.26:790][  0]LogConfig: Setting CVar [[r.Mobile.UseLegacyShadingModel:0]]
[2018.12.31-08.24.26:790][  0]LogConfig: Setting CVar [[r.Mobile.AllowDitheredLODTransition:0]]
[2018.12.31-08.24.26:790][  0]LogConfig: Setting CVar [[r.Mobile.AllowSoftwareOcclusion:0]]
[2018.12.31-08.24.26:790][  0]LogConfig: Setting CVar [[r.DiscardUnusedQuality:0]]
[2018.12.31-08.24.26:790][  0]LogConfig: Setting CVar [[r.AllowOcclusionQueries:1]]
[2018.12.31-08.24.26:790][  0]LogConfig: Setting CVar [[r.MinScreenRadiusForLights:0.030000]]
[2018.12.31-08.24.26:790][  0]LogConfig: Setting CVar [[r.MinScreenRadiusForDepthPrepass:0.030000]]
[2018.12.31-08.24.26:790][  0]LogConfig: Setting CVar [[r.MinScreenRadiusForCSMDepth:0.010000]]
[2018.12.31-08.24.26:790][  0]LogConfig: Setting CVar [[r.PrecomputedVisibilityWarning:0]]
[2018.12.31-08.24.26:790][  0]LogConfig: Setting CVar [[r.TextureStreaming:1]]
[2018.12.31-08.24.26:790][  0]LogConfig: Setting CVar [[Compat.UseDXT5NormalMaps:0]]
[2018.12.31-08.24.26:790][  0]LogConfig: Setting CVar [[r.ClearCoatNormal:0]]
[2018.12.31-08.24.26:790][  0]LogConfig: Setting CVar [[r.ReflectionCaptureResolution:128]]
[2018.12.31-08.24.26:790][  0]LogConfig: Setting CVar [[r.ReflectionEnvironmentLightmapMixBasedOnRoughness:1]]
[2018.12.31-08.24.26:790][  0]LogConfig: Setting CVar [[r.ForwardShading:0]]
[2018.12.31-08.24.26:790][  0]LogConfig: Setting CVar [[r.VertexFoggingForOpaque:1]]
[2018.12.31-08.24.26:790][  0]LogConfig: Setting CVar [[r.AllowStaticLighting:1]]
[2018.12.31-08.24.26:790][  0]LogConfig: Setting CVar [[r.NormalMapsForStaticLighting:0]]
[2018.12.31-08.24.26:790][  0]LogConfig: Setting CVar [[r.GenerateMeshDistanceFields:0]]
[2018.12.31-08.24.26:790][  0]LogConfig: Setting CVar [[r.DistanceFieldBuild.EightBit:0]]
[2018.12.31-08.24.26:790][  0]LogConfig: Setting CVar [[r.GenerateLandscapeGIData:0]]
[2018.12.31-08.24.26:790][  0]LogConfig: Setting CVar [[r.DistanceFieldBuild.Compress:0]]
[2018.12.31-08.24.26:790][  0]LogConfig: Setting CVar [[r.TessellationAdaptivePixelsPerTriangle:48.000000]]
[2018.12.31-08.24.26:790][  0]LogConfig: Setting CVar [[r.SeparateTranslucency:0]]
[2018.12.31-08.24.26:790][  0]LogConfig: Setting CVar [[r.TranslucentSortPolicy:0]]
[2018.12.31-08.24.26:790][  0]LogConfig: Setting CVar [[r.CustomDepth:1]]
[2018.12.31-08.24.26:790][  0]LogConfig: Setting CVar [[r.CustomDepthTemporalAAJitter:1]]
[2018.12.31-08.24.26:790][  0]LogConfig: Setting CVar [[r.PostProcessing.PropagateAlpha:0]]
[2018.12.31-08.24.26:790][  0]LogConfig: Setting CVar [[r.DOF.Algorithm:1]]
[2018.12.31-08.24.26:790][  0]LogConfig: Setting CVar [[r.DefaultFeature.Bloom:1]]
[2018.12.31-08.24.26:790][  0]LogConfig: Setting CVar [[r.DefaultFeature.AmbientOcclusion:0]]
[2018.12.31-08.24.26:790][  0]LogConfig: Setting CVar [[r.DefaultFeature.AmbientOcclusionStaticFraction:1]]
[2018.12.31-08.24.26:790][  0]LogConfig: Setting CVar [[r.DefaultFeature.AutoExposure:0]]
[2018.12.31-08.24.26:790][  0]LogConfig: Setting CVar [[r.DefaultFeature.AutoExposure.Method:0]]
[2018.12.31-08.24.26:790][  0]LogConfig: Setting CVar [[r.DefaultFeature.AutoExposure.ExtendDefaultLuminanceRange:0]]
[2018.12.31-08.24.26:790][  0]LogConfig: Setting CVar [[r.UsePreExposure:0]]
[2018.12.31-08.24.26:790][  0]LogConfig: Setting CVar [[r.DefaultFeature.MotionBlur:0]]
[2018.12.31-08.24.26:790][  0]LogConfig: Setting CVar [[r.DefaultFeature.LensFlare:0]]
[2018.12.31-08.24.26:790][  0]LogConfig: Setting CVar [[r.TemporalAA.Upsampling:0]]
[2018.12.31-08.24.26:790][  0]LogConfig: Setting CVar [[r.DefaultFeature.AntiAliasing:0]]
[2018.12.31-08.24.26:790][  0]LogConfig: Setting CVar [[r.DefaultFeature.LightUnits:1]]
[2018.12.31-08.24.26:790][  0]LogConfig: Setting CVar [[r.DefaultBackBufferPixelFormat:4]]
[2018.12.31-08.24.26:790][  0]LogConfig: Setting CVar [[r.Shadow.UnbuiltPreviewInGame:1]]
[2018.12.31-08.24.26:790][  0]LogConfig: Setting CVar [[r.StencilForLODDither:0]]
[2018.12.31-08.24.26:790][  0]LogConfig: Setting CVar [[r.EarlyZPass:3]]
[2018.12.31-08.24.26:793][  0]LogConfig: Setting CVar [[r.EarlyZPassMovable:1]]
[2018.12.31-08.24.26:793][  0]LogConfig: Setting CVar [[r.EarlyZPassOnlyMaterialMasking:0]]
[2018.12.31-08.24.26:793][  0]LogConfig: Setting CVar [[r.DBuffer:1]]
[2018.12.31-08.24.26:793][  0]LogConfig: Setting CVar [[r.ClearSceneMethod:1]]
[2018.12.31-08.24.26:793][  0]LogConfig: Setting CVar [[r.BasePassOutputsVelocity:0]]
[2018.12.31-08.24.26:793][  0]LogConfig: Setting CVar [[r.SelectiveBasePassOutputs:0]]
[2018.12.31-08.24.26:793][  0]LogConfig: Setting CVar [[fx.GPUSimulationTextureSizeX:1024]]
[2018.12.31-08.24.26:793][  0]LogConfig: Setting CVar [[fx.GPUSimulationTextureSizeY:1024]]
[2018.12.31-08.24.26:793][  0]LogConfig: Setting CVar [[r.AllowGlobalClipPlane:0]]
[2018.12.31-08.24.26:794][  0]LogConfig: Setting CVar [[r.GBufferFormat:1]]
[2018.12.31-08.24.26:794][  0]LogConfig: Setting CVar [[r.MorphTarget.Mode:1]]
[2018.12.31-08.24.26:794][  0]LogConfig: Setting CVar [[vr.InstancedStereo:0]]
[2018.12.31-08.24.26:794][  0]LogConfig: Setting CVar [[vr.MultiView:0]]
[2018.12.31-08.24.26:794][  0]LogConfig: Setting CVar [[vr.MobileMultiView:0]]
[2018.12.31-08.24.26:794][  0]LogConfig: Setting CVar [[vr.MobileMultiView.Direct:0]]
[2018.12.31-08.24.26:794][  0]LogConfig: Setting CVar [[vr.MonoscopicFarField:0]]
[2018.12.31-08.24.26:794][  0]LogConfig: Setting CVar [[vr.RoundRobinOcclusion:0]]
[2018.12.31-08.24.26:794][  0]LogConfig: Setting CVar [[vr.ODSCapture:0]]
[2018.12.31-08.24.26:794][  0]LogConfig: Setting CVar [[r.WireframeCullThreshold:5.000000]]
[2018.12.31-08.24.26:794][  0]LogConfig: Setting CVar [[r.SupportStationarySkylight:1]]
[2018.12.31-08.24.26:794][  0]LogConfig: Setting CVar [[r.SupportLowQualityLightmaps:1]]
[2018.12.31-08.24.26:794][  0]LogConfig: Setting CVar [[r.SupportPointLightWholeSceneShadows:1]]
[2018.12.31-08.24.26:794][  0]LogConfig: Setting CVar [[r.SupportAtmosphericFog:1]]
[2018.12.31-08.24.26:794][  0]LogConfig: Setting CVar [[r.SkinCache.CompileShaders:0]]
[2018.12.31-08.24.26:794][  0]LogConfig: Setting CVar [[r.Mobile.EnableStaticAndCSMShadowReceivers:1]]
[2018.12.31-08.24.26:794][  0]LogConfig: Setting CVar [[r.Mobile.EnableMovableLightCSMShaderCulling:1]]
[2018.12.31-08.24.26:794][  0]LogConfig: Setting CVar [[r.Mobile.AllowDistanceFieldShadows:1]]
[2018.12.31-08.24.26:794][  0]LogConfig: Setting CVar [[r.Mobile.AllowMovableDirectionalLights:1]]
[2018.12.31-08.24.26:794][  0]LogConfig: Setting CVar [[r.MobileNumDynamicPointLights:4]]
[2018.12.31-08.24.26:794][  0]LogConfig: Setting CVar [[r.MobileDynamicPointLightsUseStaticBranch:1]]
[2018.12.31-08.24.26:794][  0]LogConfig: Setting CVar [[r.SkinCache.SceneMemoryLimitInMB:128.000000]]
[2018.12.31-08.24.26:794][  0]LogConfig: Setting CVar [[r.GPUSkin.Limit2BoneInfluences:0]]
[2018.12.31-08.24.26:794][  0]LogConfig: Setting CVar [[r.SupportDepthOnlyIndexBuffers:1]]
[2018.12.31-08.24.26:794][  0]LogConfig: Setting CVar [[r.SupportReversedIndexBuffers:1]]
[2018.12.31-08.24.26:794][  0]LogConfig: Setting CVar [[r.SupportMaterialLayers:0]]
[2018.12.31-08.24.26:794][  0]LogConfig: Applying CVar settings from Section [/Script/Engine.RendererOverrideSettings] File [/home/josephtheengineer/workspace/edenproject/EdenUniverseBuilder/Saved/Config/Linux/Engine.ini]
[2018.12.31-08.24.26:795][  0]LogConfig: Applying CVar settings from Section [/Script/Engine.StreamingSettings] File [/home/josephtheengineer/workspace/edenproject/EdenUniverseBuilder/Saved/Config/Linux/Engine.ini]
[2018.12.31-08.24.26:795][  0]LogConfig: Setting CVar [[s.MinBulkDataSizeForAsyncLoading:131072]]
[2018.12.31-08.24.26:795][  0]LogConfig: Setting CVar [[s.AsyncLoadingThreadEnabled:0]]
[2018.12.31-08.24.26:795][  0]LogConfig: Setting CVar [[s.EventDrivenLoaderEnabled:1]]
[2018.12.31-08.24.26:795][  0]LogConfig: Setting CVar [[s.WarnIfTimeLimitExceeded:0]]
[2018.12.31-08.24.26:795][  0]LogConfig: Setting CVar [[s.TimeLimitExceededMultiplier:1.5]]
[2018.12.31-08.24.26:795][  0]LogConfig: Setting CVar [[s.TimeLimitExceededMinTime:0.005]]
[2018.12.31-08.24.26:795][  0]LogConfig: Setting CVar [[s.UseBackgroundLevelStreaming:1]]
[2018.12.31-08.24.26:795][  0]LogConfig: Setting CVar [[s.PriorityAsyncLoadingExtraTime:15.0]]
[2018.12.31-08.24.26:795][  0]LogConfig: Setting CVar [[s.LevelStreamingActorsUpdateTimeLimit:5.0]]
[2018.12.31-08.24.26:795][  0]LogConfig: Setting CVar [[s.PriorityLevelStreamingActorsUpdateExtraTime:5.0]]
[2018.12.31-08.24.26:795][  0]LogConfig: Setting CVar [[s.LevelStreamingComponentsRegistrationGranularity:10]]
[2018.12.31-08.24.26:795][  0]LogConfig: Setting CVar [[s.UnregisterComponentsTimeLimit:1.0]]
[2018.12.31-08.24.26:795][  0]LogConfig: Setting CVar [[s.LevelStreamingComponentsUnregistrationGranularity:5]]
[2018.12.31-08.24.26:795][  0]LogConfig: Applying CVar settings from Section [/Script/Engine.GarbageCollectionSettings] File [/home/josephtheengineer/workspace/edenproject/EdenUniverseBuilder/Saved/Config/Linux/Engine.ini]
[2018.12.31-08.24.26:795][  0]LogConfig: Setting CVar [[gc.MaxObjectsNotConsideredByGC:1]]
[2018.12.31-08.24.26:795][  0]LogConfig: Setting CVar [[gc.SizeOfPermanentObjectPool:0]]
[2018.12.31-08.24.26:795][  0]LogConfig: Setting CVar [[gc.FlushStreamingOnGC:0]]
[2018.12.31-08.24.26:795][  0]LogConfig: Setting CVar [[gc.NumRetriesBeforeForcingGC:10]]
[2018.12.31-08.24.26:795][  0]LogConfig: Setting CVar [[gc.AllowParallelGC:1]]
[2018.12.31-08.24.26:795][  0]LogConfig: Setting CVar [[gc.TimeBetweenPurgingPendingKillObjects:61.1]]
[2018.12.31-08.24.26:795][  0]LogConfig: Setting CVar [[gc.MaxObjectsInEditor:8388607]]
[2018.12.31-08.24.26:795][  0]LogConfig: Setting CVar [[gc.IncrementalBeginDestroyEnabled:1]]
[2018.12.31-08.24.26:795][  0]LogConfig: Setting CVar [[gc.CreateGCClusters:1]]
[2018.12.31-08.24.26:795][  0]LogConfig: Setting CVar [[gc.MergeGCClusters:0]]
[2018.12.31-08.24.26:796][  0]LogConfig: Setting CVar [[gc.MinGCClusterSize:5]]
[2018.12.31-08.24.26:796][  0]LogConfig: Setting CVar [[gc.ActorClusteringEnabled:0]]
[2018.12.31-08.24.26:796][  0]LogConfig: Setting CVar [[gc.BlueprintClusteringEnabled:0]]
[2018.12.31-08.24.26:796][  0]LogConfig: Setting CVar [[gc.UseDisregardForGCOnDedicatedServers:0]]
[2018.12.31-08.24.26:796][  0]LogConfig: Applying CVar settings from Section [/Script/Engine.NetworkSettings] File [/home/josephtheengineer/workspace/edenproject/EdenUniverseBuilder/Saved/Config/Linux/Engine.ini]
[2018.12.31-08.24.26:796][  0]LogConfig: Applying CVar settings from Section [/Script/UnrealEd.CookerSettings] File [/home/josephtheengineer/workspace/edenproject/EdenUniverseBuilder/Saved/Config/Linux/Engine.ini]
[2018.12.31-08.24.26:797][  0]LogInit: Initializing SDL.
[2018.12.31-08.24.26:919][  0]LogInit: Initialized SDL 2.0.8 revision: 11184 (hg-12121:4358e537000a with EpicExtensions) (compiled against 2.0.8)
[2018.12.31-08.24.26:919][  0]LogInit: Using SDL video driver 'x11'
[2018.12.31-08.24.26:919][  0]LogInit: Display metrics:
[2018.12.31-08.24.26:919][  0]LogInit:   PrimaryDisplayWidth: 1920
[2018.12.31-08.24.26:919][  0]LogInit:   PrimaryDisplayHeight: 1080
[2018.12.31-08.24.26:919][  0]LogInit:   PrimaryDisplayWorkAreaRect:
[2018.12.31-08.24.26:919][  0]LogInit:     Left=0, Top=0, Right=1920, Bottom=1080
[2018.12.31-08.24.26:919][  0]LogInit:   VirtualDisplayRect:
[2018.12.31-08.24.26:919][  0]LogInit:     Left=0, Top=0, Right=1920, Bottom=1080
[2018.12.31-08.24.26:919][  0]LogInit:   TitleSafePaddingSize: X=0.000 Y=0.000 Z=0.000 W=0.000
[2018.12.31-08.24.26:919][  0]LogInit:   ActionSafePaddingSize: X=0.000 Y=0.000 Z=0.000 W=0.000
[2018.12.31-08.24.26:919][  0]LogInit:   Number of monitors: 1
[2018.12.31-08.24.26:919][  0]LogInit:     Monitor 0
[2018.12.31-08.24.26:919][  0]LogInit:       Name: 0
[2018.12.31-08.24.26:919][  0]LogInit:       ID: display0
[2018.12.31-08.24.26:919][  0]LogInit:       NativeWidth: 1920
[2018.12.31-08.24.26:919][  0]LogInit:       NativeHeight: 1080
[2018.12.31-08.24.26:919][  0]LogInit:       bIsPrimary: true
[2018.12.31-08.24.26:920][  0]LogConfig: Applying CVar settings from Section [ViewDistanceQuality@3] File [/home/josephtheengineer/workspace/edenproject/EdenUniverseBuilder/Saved/Config/Linux/Scalability.ini]
[2018.12.31-08.24.26:920][  0]LogConfig: Setting CVar [[r.SkeletalMeshLODBias:0]]
[2018.12.31-08.24.26:920][  0]LogConfig: Setting CVar [[r.ViewDistanceScale:1.0]]
[2018.12.31-08.24.26:920][  0]LogConfig: Applying CVar settings from Section [AntiAliasingQuality@3] File [/home/josephtheengineer/workspace/edenproject/EdenUniverseBuilder/Saved/Config/Linux/Scalability.ini]
[2018.12.31-08.24.26:920][  0]LogConfig: Setting CVar [[r.PostProcessAAQuality:4]]
[2018.12.31-08.24.26:920][  0]LogConfig: Applying CVar settings from Section [ShadowQuality@3] File [/home/josephtheengineer/workspace/edenproject/EdenUniverseBuilder/Saved/Config/Linux/Scalability.ini]
[2018.12.31-08.24.26:920][  0]LogConfig: Setting CVar [[r.LightFunctionQuality:1]]
[2018.12.31-08.24.26:920][  0]LogConfig: Setting CVar [[r.ShadowQuality:5]]
[2018.12.31-08.24.26:920][  0]LogConfig: Setting CVar [[r.Shadow.CSM.MaxCascades:10]]
[2018.12.31-08.24.26:920][  0]LogConfig: Setting CVar [[r.Shadow.MaxResolution:2048]]
[2018.12.31-08.24.26:920][  0]LogConfig: Setting CVar [[r.Shadow.MaxCSMResolution:2048]]
[2018.12.31-08.24.26:920][  0]LogConfig: Setting CVar [[r.Shadow.RadiusThreshold:0.01]]
[2018.12.31-08.24.26:920][  0]LogConfig: Setting CVar [[r.Shadow.DistanceScale:1.0]]
[2018.12.31-08.24.26:920][  0]LogConfig: Setting CVar [[r.Shadow.CSM.TransitionScale:1.0]]
[2018.12.31-08.24.26:920][  0]LogConfig: Setting CVar [[r.Shadow.PreShadowResolutionFactor:1.0]]
[2018.12.31-08.24.26:920][  0]LogConfig: Setting CVar [[r.DistanceFieldShadowing:1]]
[2018.12.31-08.24.26:920][  0]LogConfig: Setting CVar [[r.DistanceFieldAO:1]]
[2018.12.31-08.24.26:921][  0]LogConfig: Setting CVar [[r.AOQuality:2]]
[2018.12.31-08.24.26:921][  0]LogConfig: Setting CVar [[r.VolumetricFog:1]]
[2018.12.31-08.24.26:921][  0]LogConfig: Setting CVar [[r.VolumetricFog.GridPixelSize:8]]
[2018.12.31-08.24.26:921][  0]LogConfig: Setting CVar [[r.VolumetricFog.GridSizeZ:128]]
[2018.12.31-08.24.26:921][  0]LogConfig: Setting CVar [[r.VolumetricFog.HistoryMissSupersampleCount:4]]
[2018.12.31-08.24.26:921][  0]LogConfig: Setting CVar [[r.LightMaxDrawDistanceScale:1]]
[2018.12.31-08.24.26:921][  0]LogConfig: Setting CVar [[r.CapsuleShadows:1]]
[2018.12.31-08.24.26:921][  0]LogConfig: Applying CVar settings from Section [PostProcessQuality@3] File [/home/josephtheengineer/workspace/edenproject/EdenUniverseBuilder/Saved/Config/Linux/Scalability.ini]
[2018.12.31-08.24.26:921][  0]LogConfig: Setting CVar [[r.MotionBlurQuality:4]]
[2018.12.31-08.24.26:921][  0]LogConfig: Setting CVar [[r.AmbientOcclusionMipLevelFactor:0.4]]
[2018.12.31-08.24.26:921][  0]LogConfig: Setting CVar [[r.AmbientOcclusionMaxQuality:100]]
[2018.12.31-08.24.26:921][  0]LogConfig: Setting CVar [[r.AmbientOcclusionLevels:-1]]
[2018.12.31-08.24.26:921][  0]LogConfig: Setting CVar [[r.AmbientOcclusionRadiusScale:1.0]]
[2018.12.31-08.24.26:921][  0]LogConfig: Setting CVar [[r.DepthOfFieldQuality:2]]
[2018.12.31-08.24.26:921][  0]LogConfig: Setting CVar [[r.RenderTargetPoolMin:400]]
[2018.12.31-08.24.26:921][  0]LogConfig: Setting CVar [[r.LensFlareQuality:2]]
[2018.12.31-08.24.26:921][  0]LogConfig: Setting CVar [[r.SceneColorFringeQuality:1]]
[2018.12.31-08.24.26:921][  0]LogConfig: Setting CVar [[r.EyeAdaptationQuality:2]]
[2018.12.31-08.24.26:921][  0]LogConfig: Setting CVar [[r.BloomQuality:5]]
[2018.12.31-08.24.26:921][  0]LogConfig: Setting CVar [[r.FastBlurThreshold:100]]
[2018.12.31-08.24.26:921][  0]LogConfig: Setting CVar [[r.Upscale.Quality:3]]
[2018.12.31-08.24.26:921][  0]LogConfig: Setting CVar [[r.Tonemapper.GrainQuantization:1]]
[2018.12.31-08.24.26:921][  0]LogConfig: Setting CVar [[r.LightShaftQuality:1]]
[2018.12.31-08.24.26:921][  0]LogConfig: Setting CVar [[r.Filter.SizeScale:1]]
[2018.12.31-08.24.26:921][  0]LogConfig: Setting CVar [[r.Tonemapper.Quality:5]]
[2018.12.31-08.24.26:921][  0]LogConfig: Setting CVar [[r.DOF.Gather.AccumulatorQuality:1        ; higher gathering accumulator quality]]
[2018.12.31-08.24.26:921][  0]LogConfig: Setting CVar [[r.DOF.Gather.PostfilterMethod:1          ; Median3x3 postfilering method]]
[2018.12.31-08.24.26:921][  0]LogConfig: Setting CVar [[r.DOF.Gather.EnableBokehSettings:0       ; no bokeh simulation when gathering]]
[2018.12.31-08.24.26:921][  0]LogConfig: Setting CVar [[r.DOF.Gather.RingCount:4                 ; medium number of samples when gathering]]
[2018.12.31-08.24.26:921][  0]LogConfig: Setting CVar [[r.DOF.Scatter.ForegroundCompositing:1    ; additive foreground scattering]]
[2018.12.31-08.24.26:921][  0]LogConfig: Setting CVar [[r.DOF.Scatter.BackgroundCompositing:2    ; additive background scattering]]
[2018.12.31-08.24.26:921][  0]LogConfig: Setting CVar [[r.DOF.Scatter.EnableBokehSettings:1      ; bokeh simulation when scattering]]
[2018.12.31-08.24.26:921][  0]LogConfig: Setting CVar [[r.DOF.Scatter.MaxSpriteRatio:0.1         ; only a maximum of 10% of scattered bokeh]]
[2018.12.31-08.24.26:921][  0]LogConfig: Setting CVar [[r.DOF.Recombine.Quality:1                ; cheap slight out of focus]]
[2018.12.31-08.24.26:921][  0]LogConfig: Setting CVar [[r.DOF.Recombine.EnableBokehSettings:0    ; no bokeh simulation on slight out of focus]]
[2018.12.31-08.24.26:921][  0]LogConfig: Setting CVar [[r.DOF.TemporalAAQuality:1                ; more stable temporal accumulation]]
[2018.12.31-08.24.26:921][  0]LogConfig: Setting CVar [[r.DOF.Kernel.MaxForegroundRadius:0.025]]
[2018.12.31-08.24.26:921][  0]LogConfig: Setting CVar [[r.DOF.Kernel.MaxBackgroundRadius:0.025]]
[2018.12.31-08.24.26:921][  0]LogConfig: Applying CVar settings from Section [TextureQuality@3] File [/home/josephtheengineer/workspace/edenproject/EdenUniverseBuilder/Saved/Config/Linux/Scalability.ini]
[2018.12.31-08.24.26:921][  0]LogConfig: Setting CVar [[r.Streaming.MipBias:0]]
[2018.12.31-08.24.26:921][  0]LogConfig: Setting CVar [[r.Streaming.AmortizeCPUToGPUCopy:0]]
[2018.12.31-08.24.26:921][  0]LogConfig: Setting CVar [[r.Streaming.MaxNumTexturesToStreamPerFrame:0]]
[2018.12.31-08.24.26:921][  0]LogConfig: Setting CVar [[r.Streaming.Boost:1]]
[2018.12.31-08.24.26:921][  0]LogConfig: Setting CVar [[r.MaxAnisotropy:8]]
[2018.12.31-08.24.26:921][  0]LogConfig: Setting CVar [[r.Streaming.LimitPoolSizeToVRAM:0]]
[2018.12.31-08.24.26:921][  0]LogConfig: Setting CVar [[r.Streaming.PoolSize:1000]]
[2018.12.31-08.24.26:921][  0]LogConfig: Setting CVar [[r.Streaming.MaxEffectiveScreenSize:0]]
[2018.12.31-08.24.26:921][  0]LogConfig: Applying CVar settings from Section [EffectsQuality@3] File [/home/josephtheengineer/workspace/edenproject/EdenUniverseBuilder/Saved/Config/Linux/Scalability.ini]
[2018.12.31-08.24.26:921][  0]LogConfig: Setting CVar [[r.TranslucencyLightingVolumeDim:64]]
[2018.12.31-08.24.26:921][  0]LogConfig: Setting CVar [[r.RefractionQuality:2]]
[2018.12.31-08.24.26:921][  0]LogConfig: Setting CVar [[r.SSR.Quality:3]]
[2018.12.31-08.24.26:921][  0]LogConfig: Setting CVar [[r.SceneColorFormat:4]]
[2018.12.31-08.24.26:921][  0]LogConfig: Setting CVar [[r.DetailMode:2]]
[2018.12.31-08.24.26:921][  0]LogConfig: Setting CVar [[r.TranslucencyVolumeBlur:1]]
[2018.12.31-08.24.26:921][  0]LogConfig: Setting CVar [[r.MaterialQualityLevel:1 ; High quality]]
[2018.12.31-08.24.26:921][  0]LogConfig: Setting CVar [[r.SSS.Scale:1]]
[2018.12.31-08.24.26:921][  0]LogConfig: Setting CVar [[r.SSS.SampleSet:2]]
[2018.12.31-08.24.26:921][  0]LogConfig: Setting CVar [[r.SSS.Quality:1]]
[2018.12.31-08.24.26:921][  0]LogConfig: Setting CVar [[r.SSS.HalfRes:1]]
[2018.12.31-08.24.26:921][  0]LogConfig: Setting CVar [[r.EmitterSpawnRateScale:1.0]]
[2018.12.31-08.24.26:921][  0]LogConfig: Setting CVar [[r.ParticleLightQuality:2]]
[2018.12.31-08.24.26:922][  0]LogConfig: Applying CVar settings from Section [FoliageQuality@3] File [/home/josephtheengineer/workspace/edenproject/EdenUniverseBuilder/Saved/Config/Linux/Scalability.ini]
[2018.12.31-08.24.26:922][  0]LogConfig: Setting CVar [[foliage.DensityScale:1.0]]
[2018.12.31-08.24.26:922][  0]LogConfig: Setting CVar [[grass.DensityScale:1.0]]
[2018.12.31-08.24.26:922][  0]LogLinux: Selected Device Profile: [Linux]
[2018.12.31-08.24.26:922][  0]LogInit: Applying CVar settings loaded from the selected device profile: [Linux]
[2018.12.31-08.24.26:938][  0]LogHAL: Display: Platform has ~ 4 GB [8241414144 / 4294967296 / 8], which maps to Smallest [LargestMinGB=32, LargerMinGB=12, DefaultMinGB=8, SmallerMinGB=6, SmallestMinGB=0)
[2018.12.31-08.24.26:938][  0]LogInit: Going up to parent DeviceProfile []
[2018.12.31-08.24.26:938][  0]LogConfig: Applying CVar settings from Section [ViewDistanceQuality@2] File [/home/josephtheengineer/workspace/edenproject/EdenUniverseBuilder/Saved/Config/Linux/Scalability.ini]
[2018.12.31-08.24.26:938][  0]LogConfig: Setting CVar [[r.SkeletalMeshLODBias:0]]
[2018.12.31-08.24.26:938][  0]LogConfig: Setting CVar [[r.ViewDistanceScale:0.8]]
[2018.12.31-08.24.26:938][  0]LogConfig: Applying CVar settings from Section [AntiAliasingQuality@2] File [/home/josephtheengineer/workspace/edenproject/EdenUniverseBuilder/Saved/Config/Linux/Scalability.ini]
[2018.12.31-08.24.26:938][  0]LogConfig: Setting CVar [[r.PostProcessAAQuality:3]]
[2018.12.31-08.24.26:938][  0]LogConfig: Applying CVar settings from Section [ShadowQuality@2] File [/home/josephtheengineer/workspace/edenproject/EdenUniverseBuilder/Saved/Config/Linux/Scalability.ini]
[2018.12.31-08.24.26:938][  0]LogConfig: Setting CVar [[r.LightFunctionQuality:1]]
[2018.12.31-08.24.26:938][  0]LogConfig: Setting CVar [[r.ShadowQuality:5]]
[2018.12.31-08.24.26:938][  0]LogConfig: Setting CVar [[r.Shadow.CSM.MaxCascades:4]]
[2018.12.31-08.24.26:938][  0]LogConfig: Setting CVar [[r.Shadow.MaxResolution:1024]]
[2018.12.31-08.24.26:938][  0]LogConfig: Setting CVar [[r.Shadow.MaxCSMResolution:2048]]
[2018.12.31-08.24.26:938][  0]LogConfig: Setting CVar [[r.Shadow.RadiusThreshold:0.04]]
[2018.12.31-08.24.26:938][  0]LogConfig: Setting CVar [[r.Shadow.DistanceScale:0.85]]
[2018.12.31-08.24.26:938][  0]LogConfig: Setting CVar [[r.Shadow.CSM.TransitionScale:0.8]]
[2018.12.31-08.24.26:938][  0]LogConfig: Setting CVar [[r.Shadow.PreShadowResolutionFactor:0.5]]
[2018.12.31-08.24.26:938][  0]LogConfig: Setting CVar [[r.DistanceFieldShadowing:1]]
[2018.12.31-08.24.26:938][  0]LogConfig: Setting CVar [[r.DistanceFieldAO:1]]
[2018.12.31-08.24.26:938][  0]LogConfig: Setting CVar [[r.AOQuality:1]]
[2018.12.31-08.24.26:938][  0]LogConfig: Setting CVar [[r.VolumetricFog:1]]
[2018.12.31-08.24.26:938][  0]LogConfig: Setting CVar [[r.VolumetricFog.GridPixelSize:16]]
[2018.12.31-08.24.26:938][  0]LogConfig: Setting CVar [[r.VolumetricFog.GridSizeZ:64]]
[2018.12.31-08.24.26:938][  0]LogConfig: Setting CVar [[r.VolumetricFog.HistoryMissSupersampleCount:4]]
[2018.12.31-08.24.26:938][  0]LogConfig: Setting CVar [[r.LightMaxDrawDistanceScale:1]]
[2018.12.31-08.24.26:938][  0]LogConfig: Setting CVar [[r.CapsuleShadows:1]]
[2018.12.31-08.24.26:938][  0]LogConfig: Applying CVar settings from Section [PostProcessQuality@2] File [/home/josephtheengineer/workspace/edenproject/EdenUniverseBuilder/Saved/Config/Linux/Scalability.ini]
[2018.12.31-08.24.26:938][  0]LogConfig: Setting CVar [[r.MotionBlurQuality:3]]
[2018.12.31-08.24.26:938][  0]LogConfig: Setting CVar [[r.AmbientOcclusionMipLevelFactor:0.6]]
[2018.12.31-08.24.26:938][  0]LogConfig: Setting CVar [[r.AmbientOcclusionMaxQuality:100]]
[2018.12.31-08.24.26:938][  0]LogConfig: Setting CVar [[r.AmbientOcclusionLevels:-1]]
[2018.12.31-08.24.26:938][  0]LogConfig: Setting CVar [[r.AmbientOcclusionRadiusScale:1.5]]
[2018.12.31-08.24.26:938][  0]LogConfig: Setting CVar [[r.DepthOfFieldQuality:2]]
[2018.12.31-08.24.26:938][  0]LogConfig: Setting CVar [[r.RenderTargetPoolMin:400]]
[2018.12.31-08.24.26:938][  0]LogConfig: Setting CVar [[r.LensFlareQuality:2]]
[2018.12.31-08.24.26:938][  0]LogConfig: Setting CVar [[r.SceneColorFringeQuality:1]]
[2018.12.31-08.24.26:938][  0]LogConfig: Setting CVar [[r.EyeAdaptationQuality:2]]
[2018.12.31-08.24.26:938][  0]LogConfig: Setting CVar [[r.BloomQuality:5]]
[2018.12.31-08.24.26:939][  0]LogConfig: Setting CVar [[r.FastBlurThreshold:3]]
[2018.12.31-08.24.26:939][  0]LogConfig: Setting CVar [[r.Upscale.Quality:2]]
[2018.12.31-08.24.26:939][  0]LogConfig: Setting CVar [[r.Tonemapper.GrainQuantization:1]]
[2018.12.31-08.24.26:939][  0]LogConfig: Setting CVar [[r.LightShaftQuality:1]]
[2018.12.31-08.24.26:939][  0]LogConfig: Setting CVar [[r.Filter.SizeScale:0.8]]
[2018.12.31-08.24.26:939][  0]LogConfig: Setting CVar [[r.Tonemapper.Quality:5]]
[2018.12.31-08.24.26:939][  0]LogConfig: Setting CVar [[r.DOF.Gather.AccumulatorQuality:0        ; lower gathering accumulator quality]]
[2018.12.31-08.24.26:939][  0]LogConfig: Setting CVar [[r.DOF.Gather.PostfilterMethod:2          ; Max3x3 postfilering method]]
[2018.12.31-08.24.26:939][  0]LogConfig: Setting CVar [[r.DOF.Gather.EnableBokehSettings:0       ; no bokeh simulation when gathering]]
[2018.12.31-08.24.26:939][  0]LogConfig: Setting CVar [[r.DOF.Gather.RingCount:4                 ; medium number of samples when gathering]]
[2018.12.31-08.24.26:939][  0]LogConfig: Setting CVar [[r.DOF.Scatter.ForegroundCompositing:1    ; additive foreground scattering]]
[2018.12.31-08.24.26:939][  0]LogConfig: Setting CVar [[r.DOF.Scatter.BackgroundCompositing:1    ; no background occlusion]]
[2018.12.31-08.24.26:939][  0]LogConfig: Setting CVar [[r.DOF.Scatter.EnableBokehSettings:0      ; no bokeh simulation when scattering]]
[2018.12.31-08.24.26:939][  0]LogConfig: Setting CVar [[r.DOF.Scatter.MaxSpriteRatio:0.04        ; only a maximum of 4% of scattered bokeh]]
[2018.12.31-08.24.26:939][  0]LogConfig: Setting CVar [[r.DOF.Recombine.Quality:0                ; no slight out of focus]]
[2018.12.31-08.24.26:939][  0]LogConfig: Setting CVar [[r.DOF.TemporalAAQuality:0                ; faster temporal accumulation]]
[2018.12.31-08.24.26:939][  0]LogConfig: Setting CVar [[r.DOF.Kernel.MaxForegroundRadius:0.012   ; required because of AccumulatorQuality=0]]
[2018.12.31-08.24.26:939][  0]LogConfig: Setting CVar [[r.DOF.Kernel.MaxBackgroundRadius:0.012   ; required because of AccumulatorQuality=0]]
[2018.12.31-08.24.26:939][  0]LogConfig: Applying CVar settings from Section [TextureQuality@2] File [/home/josephtheengineer/workspace/edenproject/EdenUniverseBuilder/Saved/Config/Linux/Scalability.ini]
[2018.12.31-08.24.26:939][  0]LogConfig: Setting CVar [[r.Streaming.MipBias:0]]
[2018.12.31-08.24.26:939][  0]LogConfig: Setting CVar [[r.Streaming.AmortizeCPUToGPUCopy:0]]
[2018.12.31-08.24.26:939][  0]LogConfig: Setting CVar [[r.Streaming.MaxNumTexturesToStreamPerFrame:0]]
[2018.12.31-08.24.26:939][  0]LogConfig: Setting CVar [[r.Streaming.Boost:1]]
[2018.12.31-08.24.26:939][  0]LogConfig: Setting CVar [[r.MaxAnisotropy:4]]
[2018.12.31-08.24.26:939][  0]LogConfig: Setting CVar [[r.Streaming.LimitPoolSizeToVRAM:1]]
[2018.12.31-08.24.26:939][  0]LogConfig: Setting CVar [[r.Streaming.PoolSize:800]]
[2018.12.31-08.24.26:939][  0]LogConfig: Setting CVar [[r.Streaming.MaxEffectiveScreenSize:0]]
[2018.12.31-08.24.26:939][  0]LogConfig: Applying CVar settings from Section [EffectsQuality@2] File [/home/josephtheengineer/workspace/edenproject/EdenUniverseBuilder/Saved/Config/Linux/Scalability.ini]
[2018.12.31-08.24.26:939][  0]LogConfig: Setting CVar [[r.TranslucencyLightingVolumeDim:48]]
[2018.12.31-08.24.26:939][  0]LogConfig: Setting CVar [[r.RefractionQuality:2]]
[2018.12.31-08.24.26:939][  0]LogConfig: Setting CVar [[r.SSR.Quality:2]]
[2018.12.31-08.24.26:939][  0]LogConfig: Setting CVar [[r.SceneColorFormat:3]]
[2018.12.31-08.24.26:939][  0]LogConfig: Setting CVar [[r.DetailMode:1]]
[2018.12.31-08.24.26:939][  0]LogConfig: Setting CVar [[r.TranslucencyVolumeBlur:1]]
[2018.12.31-08.24.26:939][  0]LogConfig: Setting CVar [[r.MaterialQualityLevel:1 ; High quality]]
[2018.12.31-08.24.26:939][  0]LogConfig: Setting CVar [[r.SSS.Scale:1]]
[2018.12.31-08.24.26:939][  0]LogConfig: Setting CVar [[r.SSS.SampleSet:1]]
[2018.12.31-08.24.26:939][  0]LogConfig: Setting CVar [[r.SSS.Quality:-1]]
[2018.12.31-08.24.26:939][  0]LogConfig: Setting CVar [[r.SSS.HalfRes:1]]
[2018.12.31-08.24.26:939][  0]LogConfig: Setting CVar [[r.EmitterSpawnRateScale:0.5]]
[2018.12.31-08.24.26:939][  0]LogConfig: Setting CVar [[r.ParticleLightQuality:1]]
[2018.12.31-08.24.26:939][  0]LogConfig: Applying CVar settings from Section [FoliageQuality@2] File [/home/josephtheengineer/workspace/edenproject/EdenUniverseBuilder/Saved/Config/Linux/Scalability.ini]
[2018.12.31-08.24.26:939][  0]LogConfig: Setting CVar [[foliage.DensityScale:0.8]]
[2018.12.31-08.24.26:939][  0]LogConfig: Setting CVar [[grass.DensityScale:0.8]]
[2018.12.31-08.24.26:939][  0]LogConfig: Applying CVar settings from Section [Startup] File [../../../Engine/Config/ConsoleVariables.ini]
[2018.12.31-08.24.26:940][  0]LogConfig: Setting CVar [[net.UseAdaptiveNetUpdateFrequency:0]]
[2018.12.31-08.24.26:940][  0]LogConfig: Applying CVar settings from Section [ConsoleVariables] File [/home/josephtheengineer/workspace/edenproject/EdenUniverseBuilder/Saved/Config/Linux/Engine.ini]
[2018.12.31-08.24.26:940][  0]LogConfig: Setting CVar [[g.TimeoutForBlockOnRenderFence:60000]]
[2018.12.31-08.24.26:940][  0]LogInit: Unix hardware info:
[2018.12.31-08.24.26:940][  0]LogInit:  - we are not the first instance of this executable
[2018.12.31-08.24.26:940][  0]LogInit:  - this process' id (pid) is 11257, parent process' id (ppid) is 1830
[2018.12.31-08.24.26:940][  0]LogInit:  - we are not running under debugger
[2018.12.31-08.24.26:940][  0]LogInit:  - machine network name is 'Yoshi'
[2018.12.31-08.24.26:940][  0]LogInit:  - user name is 'josephtheengineer' (josephtheengineer)
[2018.12.31-08.24.26:940][  0]LogInit:  - we're logged in locally
[2018.12.31-08.24.26:940][  0]LogInit:  - we're running with rendering
[2018.12.31-08.24.26:940][  0]LogInit:  - CPU: GenuineIntel 'Intel(R) Core(TM) i5-6200U CPU @ 2.30GHz' (signature: 0x406E3)
[2018.12.31-08.24.26:940][  0]LogInit:  - Number of physical cores available for the process: 2
[2018.12.31-08.24.26:940][  0]LogInit:  - Number of logical cores available for the process: 4
[2018.12.31-08.24.26:940][  0]LogInit:  - Cache line size: 64
[2018.12.31-08.24.26:940][  0]LogInit:  - Memory allocator used: binned2
[2018.12.31-08.24.26:941][  0]LogCore: Benchmarking clocks:
[2018.12.31-08.24.26:941][  0]LogCore:  - CLOCK_REALTIME (id=0) can sustain 38915503 (38916K, 39M) calls per second without zero deltas.
[2018.12.31-08.24.26:941][  0]LogCore:  - CLOCK_MONOTONIC (id=1) can sustain 37911936 (37912K, 38M) calls per second without zero deltas.
[2018.12.31-08.24.26:941][  0]LogCore:  - CLOCK_MONOTONIC_RAW (id=4) can sustain 2424417 (2424K, 2M) calls per second without zero deltas.
[2018.12.31-08.24.26:941][  0]LogCore:  - CLOCK_MONOTONIC_COARSE (id=6) can sustain 122175847 (122176K, 122M) calls per second with 99.999746% zero deltas.
[2018.12.31-08.24.26:941][  0]LogCore: Selected clock_id 0 (CLOCK_REALTIME) since it is the fastest support clock without zero deltas.
[2018.12.31-08.24.26:941][  0]LogInit: Unix-specific commandline switches:
[2018.12.31-08.24.26:941][  0]LogInit:  -ansimalloc - use malloc()/free() from libc (useful for tools like valgrind and electric fence)
[2018.12.31-08.24.26:941][  0]LogInit:  -jemalloc - use jemalloc for all memory allocation
[2018.12.31-08.24.26:941][  0]LogInit:  -binnedmalloc - use binned malloc  for all memory allocation
[2018.12.31-08.24.26:941][  0]LogInit:  -filemapcachesize=NUMBER - set the size for case-sensitive file mapping cache
[2018.12.31-08.24.26:941][  0]LogInit:  -useksm - uses kernel same-page mapping (KSM) for mapped memory (OFF)
[2018.12.31-08.24.26:941][  0]LogInit:  -ksmmergeall - marks all mmap'd memory pages suitable for KSM (OFF)
[2018.12.31-08.24.26:941][  0]LogInit:  -httpproxy=ADDRESS:PORT - redirects HTTP requests to a proxy (only supported if compiled with libcurl)
[2018.12.31-08.24.26:941][  0]LogInit:  -reuseconn - allow libcurl to reuse HTTP connections (only matters if compiled with libcurl)
[2018.12.31-08.24.26:941][  0]LogInit:  -virtmemkb=NUMBER - sets process virtual memory (address space) limit (overrides VirtualMemoryLimitInKB value from .ini)
[2018.12.31-08.24.26:942][  0]LogInit:  - Physical RAM available (not considering process quota): 8 GB (7859 MB, 8048256 KB, 8241414144 bytes)
[2018.12.31-08.24.26:942][  0]LogInit:  - VirtualMemoryAllocator pools will grow at scale 1.4
[2018.12.31-08.24.26:942][  0]LogInit:  - MemoryRangeDecommit() will be a no-op (re-run with -vmapoolevict to change)
[2018.12.31-08.24.27:336][  0]LogInit: Using OS detected language (en-AU).
[2018.12.31-08.24.27:336][  0]LogInit: Using OS detected locale (en-AU).
[2018.12.31-08.24.27:338][  0]LogTextLocalizationManager: No specific localization for 'en-AU' exists, so the 'en' localization will be used.
[2018.12.31-08.24.28:023][  0]LogStreaming: Display: Took  0.687s to InitEngineTextLocalization.
