Log file open, 12/30/18 13:02:27
LogConsoleResponse: Display: Failed to find resolution value strings in scalability ini. Falling back to default.
LogInit: Display: Running engine without a game
LogPakFile: Registered encryption key '00000000000000000000000000000000': 0 pak files mounted, 0 remain pending
LogPlatformFile: Not using cached read wrapper
LogInit: Display: Loading recent project file: ../../../../../home/josephtheengineer/workspace/edenproject/EdenUniverseBuilder/EdenUniverseBuilder.uproject
LogTaskGraph: Started task graph with 5 named threads and 8 total threads with 3 sets of task threads.
LogStats: Stats thread started at 0.471010
LogICUInternationalization: ICU TimeZone Detection - Raw Offset: +10:00, Platform Override: ''
LogPluginManager: Mounting plugin AISupport
LogPluginManager: Mounting plugin LevelSequenceEditor
LogPluginManager: Mounting plugin MatineeToLevelSequence
LogPluginManager: Mounting plugin ActorSequence
LogPluginManager: Mounting plugin Paper2D
LogPluginManager: Mounting plugin LightPropagationVolume
LogPluginManager: Mounting plugin TcpMessaging
LogPluginManager: Mounting plugin UdpMessaging
LogPluginManager: Mounting plugin NetcodeUnitTest
LogPluginManager: Mounting plugin NUTUnrealEngine4
LogPluginManager: Mounting plugin OnlineSubsystemIOS
LogPluginManager: Mounting plugin OnlineSubsystemUtils
LogPluginManager: Mounting plugin OnlineSubsystem
LogPluginManager: Mounting plugin OnlineSubsystemNull
LogPluginManager: Mounting plugin OnlineSubsystemGooglePlay
LogPluginManager: Mounting plugin MobileLauncherProfileWizard
LogPluginManager: Mounting plugin MeshEditor
LogPluginManager: Mounting plugin FacialAnimation
LogPluginManager: Mounting plugin PluginBrowser
LogPluginManager: Mounting plugin CryptoKeys
LogPluginManager: Mounting plugin SpeedTreeImporter
LogPluginManager: Mounting plugin MacGraphicsSwitching
LogPluginManager: Mounting plugin GameplayTagsEditor
LogPluginManager: Mounting plugin DataValidation
LogPluginManager: Mounting plugin AssetManagerEditor
LogPluginManager: Mounting plugin WebMMedia
LogPluginManager: Mounting plugin MediaPlayerEditor
LogPluginManager: Mounting plugin LinearTimecode
LogPluginManager: Mounting plugin AvfMedia
LogPluginManager: Mounting plugin ImgMedia
LogPluginManager: Mounting plugin WmfMedia
LogPluginManager: Mounting plugin MediaCompositing
LogPluginManager: Mounting plugin AndroidMedia
LogPluginManager: Mounting plugin LauncherChunkInstaller
LogPluginManager: Mounting plugin MagicLeap
LogPluginManager: Mounting plugin MagicLeapMedia
LogPluginManager: Mounting plugin AlembicImporter
LogPluginManager: Mounting plugin ProxyLODPlugin
LogPluginManager: Mounting plugin GeometryCache
LogPluginManager: Mounting plugin AppleImageUtils
LogPluginManager: Mounting plugin BackChannel
LogPluginManager: Mounting plugin AppleVision
LogPluginManager: Mounting plugin CharacterAI
LogPluginManager: Mounting plugin HTML5Networking
LogPluginManager: Mounting plugin LinuxDeviceProfileSelector
LogPluginManager: Mounting plugin PhysXVehicles
LogPluginManager: Mounting plugin ExampleDeviceProfileSelector
LogPluginManager: Mounting plugin RuntimePhysXCooking
LogPluginManager: Mounting plugin GoogleCloudMessaging
LogPluginManager: Mounting plugin CustomMeshComponent
LogPluginManager: Mounting plugin AudioCapture
LogPluginManager: Mounting plugin AndroidMoviePlayer
LogPluginManager: Mounting plugin EditableMesh
LogPluginManager: Mounting plugin AndroidDeviceProfileSelector
LogPluginManager: Mounting plugin LocationServicesBPLibrary
LogPluginManager: Mounting plugin ArchVisCharacter
LogPluginManager: Mounting plugin SteamVR
LogPluginManager: Mounting plugin WindowsMoviePlayer
LogPluginManager: Mounting plugin CableComponent
LogPluginManager: Mounting plugin IOSDeviceProfileSelector
LogPluginManager: Mounting plugin AndroidPermission
LogPluginManager: Mounting plugin OculusVR
LogPluginManager: Mounting plugin ProceduralMeshComponent
LogPluginManager: Mounting plugin AppleMoviePlayer
LogPluginManager: Mounting plugin WebMMoviePlayer
LogPluginManager: Mounting plugin Firebase
LogPluginManager: Mounting plugin MobilePatchingUtils
LogPluginManager: Mounting plugin DatasmithContent
LogPluginManager: Mounting plugin VariantManagerContent
LogPluginManager: Mounting plugin PerforceSourceControl
LogPluginManager: Mounting plugin VisualStudioSourceCodeAccess
LogPluginManager: Mounting plugin XCodeSourceCodeAccess
LogPluginManager: Mounting plugin CodeLiteSourceCodeAccess
LogPluginManager: Mounting plugin VisualStudioCodeSourceCodeAccess
LogPluginManager: Mounting plugin GitSourceControl
LogPluginManager: Mounting plugin CLionSourceCodeAccess
LogPluginManager: Mounting plugin UObjectPlugin
LogPluginManager: Mounting plugin KDevelopSourceCodeAccess
LogPluginManager: Mounting plugin NullSourceCodeAccess
LogPluginManager: Mounting plugin ActorLayerUtilities
LogPluginManager: Mounting plugin SubversionSourceControl
LogStreaming: Display: Took  0.397s to configure plugins.
LogInit: Warning: Incompatible or missing module: EdenUniverseBuilder
LogInit: Initializing SDL.
LogInit: Initialized SDL 2.0.8 revision: 11184 (hg-12121:4358e537000a with EpicExtensions) (compiled against 2.0.8)
LogInit: Using SDL video driver 'x11'
LogInit: Display metrics:
LogInit:   PrimaryDisplayWidth: 1920
LogInit:   PrimaryDisplayHeight: 1080
LogInit:   PrimaryDisplayWorkAreaRect:
LogInit:     Left=0, Top=0, Right=1920, Bottom=1080
LogInit:   VirtualDisplayRect:
LogInit:     Left=0, Top=0, Right=1920, Bottom=1080
LogInit:   TitleSafePaddingSize: X=0.000 Y=0.000 Z=0.000 W=0.000
LogInit:   ActionSafePaddingSize: X=0.000 Y=0.000 Z=0.000 W=0.000
LogInit:   Number of monitors: 1
LogInit:     Monitor 0
LogInit:       Name: 0
LogInit:       ID: display0
LogInit:       NativeWidth: 1920
LogInit:       NativeHeight: 1080
LogInit:       bIsPrimary: true
Running /opt/unreal-engine/Engine/Binaries/DotNET/UnrealBuildTool.exe Development Linux -Project="/home/josephtheengineer/workspace/edenproject/EdenUniverseBuilder/EdenUniverseBuilder.uproject" -TargetType=Editor -Progress -NoHotReloadFromIDE

Running Mono...

Fixing inconsistent case in filenames.
/opt/unreal-engine/Engine /opt/unreal-engine/Engine/Binaries/Linux
Using 'git status' to determine working set for adaptive non-unity build (/home/josephtheengineer/workspace/edenproject/EdenUniverseBuilder).
Creating makefile for EdenUniverseBuilderEditor (source directory changed)
@progress push 5%
Building UnrealHeaderTool...
Creating makefile for UnrealHeaderTool (source directory changed)
------- Build details --------
Using system toolchain.
Using clang (/usr/bin/clang++) version '7.0.0' (string), 7 (major), 0 (minor), 0 (patch)
Using bundled libc++ standard C++ library.
Using lld linker
Using ar and ranlib: /usr/bin/ar, /usr/bin/ranlib
Using fast way to relink  circularly dependent libraries (no FixDeps).
Compiler is set up to generate position independent executables by default, but we're suppressing it.
------------------------------
Performing 6 actions (4 in parallel)
[1/6] Link (ld) libUnrealHeaderTool-BuildSettings.so
[2/6] Link (ld) libUnrealHeaderTool-Core.so
[3/6] Link (ld) libUnrealHeaderTool-Json.so
[4/6] Link (ld) libUnrealHeaderTool-Projects.so
[5/6] Link (ld) libUnrealHeaderTool-CoreUObject.so
[6/6] Link (lld) UnrealHeaderTool
Total build time: 10.36 seconds (Local executor: 8.52 seconds)
Parsing headers for EdenUniverseBuilderEditor
  Running UnrealHeaderTool "/home/josephtheengineer/workspace/edenproject/EdenUniverseBuilder/EdenUniverseBuilder.uproject" "/home/josephtheengineer/workspace/edenproject/EdenUniverseBuilder/Intermediate/Build/Linux/B4D820EA/EdenUniverseBuilderEditor/Development/EdenUniverseBuilderEditor.uhtmanifest" -LogCmds="loginit warning, logexit warning, logdatabase error" -Unattended -WarningsAsErrors
Reflection code generated for EdenUniverseBuilderEditor in 13.3938039 seconds
@progress pop
------- Build details --------
Using system toolchain.
Using clang (/usr/bin/clang++) version '7.0.0' (string), 7 (major), 0 (minor), 0 (patch)
Using bundled libc++ standard C++ library.
Using lld linker
Using ar and ranlib: /usr/bin/ar, /usr/bin/ranlib
Using fast way to relink  circularly dependent libraries (no FixDeps).
Compiler is set up to generate position independent executables by default, but we're suppressing it.
------------------------------
Performing 593 actions (4 in parallel)
[3/593] Link (ld) libUE4Editor-ReliabilityHandlerComponent.so
[2/593] Link (ld) libUE4Editor-UnrealEd.so
[1/593] Link (ld) libUE4Editor-BuildSettings.so
[4/593] Link (ld) libUE4Editor-MaterialShaderQualitySettings.so
[5/593] Link (ld) libUE4Editor-Core.so
[6/593] Link (ld) libUE4Editor-UMG.so
[7/593] Link (ld) libUE4Editor-Kismet.so
/usr/bin/ld: /opt/unreal-engine/Engine/Source/ThirdParty/FBX/2018.1.1/lib/gcc4/x86_64-unknown-linux-gnu/release//libfbxsdk.a(fbxutils.o): in function `fbxsdk::FbxPathUtils::GenerateFileName(char const*, char const*)':
(.text+0x4b8): warning: the use of `tempnam' is dangerous, better use `mkstemp'
[8/593] Link (ld) libUE4Editor-Json.so
[9/593] Link (ld) libUE4Editor-Projects.so
[10/593] Link (ld) libUE4Editor-CoreUObject.so
[11/593] Link (ld) libUE4Editor-ApplicationCore.so
[12/593] Link (ld) libUE4Editor-DesktopPlatform.so
[13/593] Link (ld) libUE4Editor-ImageWrapper.so
[14/593] Link (ld) libUE4Editor-LauncherPlatform.so
[15/593] Link (ld) libUE4Editor-SandboxFile.so
[16/593] Link (ld) libUE4Editor-Sockets.so
[17/593] Link (ld) libUE4Editor-RHI.so
[18/593] Link (ld) libUE4Editor-InputCore.so
[19/593] Link (ld) libUE4Editor-AudioPlatformConfiguration.so
[20/593] Link (ld) libUE4Editor-ImageCore.so
[21/593] Link (ld) libUE4Editor-SSL.so
[22/593] Link (ld) libUE4Editor-TargetPlatform.so
[23/593] Link (ld) libUE4Editor-SlateCore.so
[24/593] Link (ld) libUE4Editor-RenderCore.so
[25/593] Link (ld) libUE4Editor-HTTP.so
[26/593] Link (ld) libUE4Editor-ShaderCore.so
[27/593] Link (ld) libUE4Editor-MessagingRpc.so
[28/593] Link (ld) libUE4Editor-Networking.so
[29/593] Link (ld) libUE4Editor-Slate.so
[30/593] Link (ld) libUE4Editor-PakFile.so
[31/593] Link (ld) libUE4Editor-PortalServices.so
[32/593] Link (ld) libUE4Editor-Analytics.so
[33/593] Link (ld) libUE4Editor-AssetRegistry.so
[34/593] Link (ld) libUE4Editor-PacketHandler.so
[35/593] Link (ld) libUE4Editor-AnalyticsET.so
[36/593] Link (ld) libUE4Editor-EngineMessages.so
[37/593] Link (ld) libUE4Editor-MeshDescription.so
[38/593] Link (ld) libUE4Editor-RawMesh.so
[39/593] Link (ld) libUE4Editor-MeshUtilitiesCommon.so
[40/593] Link (ld) libUE4Editor-EngineSettings.so
[41/593] Link (ld) libUE4Editor-MeshDescriptionOperations.so
[42/593] Link (ld) libUE4Editor-PerfCounters.so
[43/593] Link (ld) libUE4Editor-SynthBenchmark.so
[44/593] Link (ld) libUE4Editor-PortalRpc.so
[45/593] Link (ld) libUE4Editor-Landscape.so
[46/593] Link (ld) libUE4Editor-AppFramework.so
[47/593] Link (ld) libUE4Editor-UtilityShaders.so
[48/593] Link (ld) libUE4Editor-ClothingSystemEditorInterface.so
[49/593] Link (ld) libUE4Editor-ClothingSystemRuntimeInterface.so
[50/593] Link (ld) libUE4Editor-MessagingCommon.so
[51/593] Link (ld) libUE4Editor-Messaging.so
[52/593] Link (ld) libUE4Editor-GameplayTags.so
[53/593] Link (ld) libUE4Editor-LogVisualizer.so
[54/593] Link (ld) libUE4Editor-DatabaseSupport.so
[55/593] Link (ld) libUE4Editor-CinematicCamera.so
[56/593] Link (ld) libUE4Editor-CollisionAnalyzer.so
[57/593] Link (ld) libUE4Editor-EditorStyle.so
[58/593] Link (ld) libUE4Editor-PropertyEditor.so
[59/593] Link (ld) libUE4Editor-SourceControl.so
[60/593] Link (ld) libUE4Editor-DirectoryWatcher.so
[61/593] Link (ld) libUE4Editor-BlueprintGraph.so
[62/593] Link (ld) libUE4Editor-WorkspaceMenuStructure.so
[63/593] Link (ld) libUE4Editor-WidgetCarousel.so
[64/593] Link (ld) libUE4Editor-JsonUtilities.so
[65/593] Link (ld) libUE4Editor-GraphEditor.so
[66/593] Link (ld) libUE4Editor-MessageLog.so
[67/593] Link (ld) libUE4Editor-PinnedCommandList.so
[68/593] Link (ld) libUE4Editor-Sequencer.so
[69/593] Link (ld) libUE4Editor-Settings.so
[70/593] Link (ld) libUE4Editor-MainFrame.so
[71/593] Link (ld) libUE4Editor-Navmesh.so
[72/593] Link (ld) libUE4Editor-ViewportInteraction.so
[73/593] Link (ld) libUE4Editor-Media.so
[74/593] Link (ld) libUE4Editor-SourceCodeAccess.so
[75/593] Link (ld) libUE4Editor-ExternalImagePicker.so
[76/593] Link (ld) libUE4Editor-AITestSuite.so
[77/593] Link (ld) libUE4Editor-DesktopWidgets.so
[78/593] Link (ld) libUE4Editor-KismetCompiler.so
[79/593] Link (ld) libUE4Editor-MovieSceneTools.so
/usr/bin/ld: /opt/unreal-engine/Engine/Source/ThirdParty/FBX/2018.1.1/lib/gcc4/x86_64-unknown-linux-gnu/release//libfbxsdk.a(fbxutils.o): in function `fbxsdk::FbxPathUtils::GenerateFileName(char const*, char const*)':
(.text+0x4b8): warning: the use of `tempnam' is dangerous, better use `mkstemp'
[80/593] Link (ld) libUE4Editor-VREditor.so
[81/593] Link (ld) libUE4Editor-NetworkReplayStreaming.so
[82/593] Link (ld) libUE4Editor-LiveLinkInterface.so
[83/593] Link (ld) libUE4Editor-AVIWriter.so
[84/593] Link (ld) libUE4Editor-MaterialUtilities.so
[85/593] Link (ld) libUE4Editor-UnrealEdMessages.so
[86/593] Link (ld) libUE4Editor-AutomationMessages.so
[87/593] Link (ld) libUE4Editor-SessionMessages.so
[88/593] Link (ld) libUE4Editor-ConfigEditor.so
[89/593] Link (ld) libUE4Editor-ScreenShotComparisonTools.so
[90/593] Link (ld) libUE4Editor-BuildPatchServices.so
[91/593] Link (ld) libUE4Editor-PIEPreviewDeviceSpecification.so
[92/593] Link (ld) libUE4Editor-CollectionManager.so
[93/593] Link (ld) libUE4Editor-Engine.so
[94/593] Link (ld) libUE4Editor-AddContentDialog.so
[95/593] Compile Module.GeometryCache.gen.cpp
[96/593] Compile Module.GeometryCache.cpp
[97/593] Link (ld) libUE4Editor-XmlParser.so
[98/593] Link (ld) libUE4Editor-SessionServices.so
[99/593] Compile Module.ProceduralMeshComponent.cpp
[100/593] Compile Module.ProceduralMeshComponent.gen.cpp
[101/593] Link (ld) libUE4Editor-GraphColor.so
[102/593] Compile PCH.OpenExrWrapper.h
[103/593] Link (ld) libUE4Editor-ProfilerMessages.so
[104/593] Compile Module.AppleImageUtils.cpp
[105/593] Compile Module.OnlineSubsystem.cpp
[106/593] Compile Module.ImgMediaFactory.cpp
[107/593] Compile Module.ImgMediaFactory.gen.cpp
[108/593] Compile Module.Paper2D.cpp
[109/593] Compile Module.OnlineSubsystem.gen.cpp
[110/593] Compile Module.Paper2D.gen.cpp
[111/593] Compile Module.AppleImageUtils.gen.cpp
[112/593] Link (ld) libUE4Editor-AudioEditor.so
[113/593] Compile OpenExrWrapper.cpp
[114/593] Link (ld) libUE4Editor-Cbor.so
[115/593] Link (ld) libUE4Editor-LocalizationService.so
[116/593] Link (ld) libUE4Editor-Serialization.so
[117/593] Link (ld) libUE4Editor-NetworkFile.so
[118/593] Compile Module.EditableMesh.gen.1_of_2.cpp
[119/593] Compile WebMMediaFactoryModule.cpp
[120/593] Compile Module.Paper2DEditor.cpp
[121/593] Compile Module.ImgMedia.cpp
[122/593] Compile Module.OnlineSubsystemUtils.gen.cpp
[123/593] Link (ld) libUE4Editor-TimeManagement.so
[124/593] Link (ld) libUE4Editor-CurveEditor.so
[125/593] Link (ld) libUE4Editor-Foliage.so
[126/593] Link (ld) libUE4Editor-TextureEditor.so
[127/593] Link (ld) libUE4Editor-CurveAssetEditor.so
[128/593] Link (ld) libUE4Editor-EditorWidgets.so
[129/593] Link (ld) libUE4Editor-AssetTools.so
[130/593] Link (ld) libUE4Editor-AnimationCore.so
[131/593] Link (ld) libUE4Editor-AnimGraphRuntime.so
[132/593] Link (ld) libUE4Editor-SourceControlWindows.so
[133/593] Link (ld) libUE4Editor-ContentBrowser.so
[134/593] Link (ld) libUE4Editor-MovieScene.so
[135/593] Link (ld) libUE4Editor-KismetWidgets.so
[136/593] Link (ld) libUE4Editor-AnimGraph.so
[137/593] Link (ld) libUE4Editor-HierarchicalLODUtilities.so
[138/593] Link (ld) libUE4Editor-HierarchicalLODOutliner.so
[139/593] Link (ld) libUE4Editor-MovieSceneTracks.so
[140/593] Link (ld) libUE4Editor-AdvancedPreviewScene.so
[141/593] Link (ld) libUE4Editor-ClothingSystemRuntime.so
[142/593] Link (ld) libUE4Editor-CommonMenuExtensions.so
[143/593] Link (ld) libUE4Editor-ActorPickerMode.so
[144/593] Link (ld) libUE4Editor-Persona.so
[145/593] Link (ld) libUE4Editor-LevelSequence.so
[146/593] Link (ld) libUE4Editor-SceneOutliner.so
[147/593] Link (ld) libUE4Editor-ImageWriteQueue.so
[148/593] Link (ld) libUE4Editor-PixelInspectorModule.so
[149/593] Link (ld) libUE4Editor-StatsViewer.so
[150/593] Link (ld) libUE4Editor-DeviceProfileServices.so
[151/593] Link (ld) libUE4Editor-AudioMixer.so
[152/593] Link (ld) libUE4Editor-Renderer.so
[153/593] Link (ld) libUE4Editor-ClassViewer.so
[154/593] Link (ld) libUE4Editor-LevelEditor.so
[155/593] Link (ld) libUE4Editor-NavigationSystem.so
[156/593] Link (ld) libUE4Editor-MediaUtils.so
[157/593] Link (ld) libUE4Editor-GameplayTasks.so
[158/593] Link (ld) libUE4Editor-MediaAssets.so
[159/593] Link (ld) libUE4Editor-SharedSettingsWidgets.so
[160/593] Link (ld) libUE4Editor-SkeletonEditor.so
[161/593] Link (ld) libUE4Editor-HardwareTargeting.so
[162/593] Link (ld) libUE4Editor-GameplayDebugger.so
[163/593] Link (ld) libUE4Editor-Localization.so
[164/593] Link (ld) libUE4Editor-AIModule.so
[165/593] Link (ld) libUE4Editor-SequenceRecorder.so
[166/593] Link (ld) libUE4Editor-HeadMountedDisplay.so
[167/593] Link (ld) libUE4Editor-MovieSceneCapture.so
[168/593] Link (ld) libUE4Editor-MoviePlayer.so
[169/593] Link (ld) libUE4Editor-InternationalizationSettings.so
[170/593] Link (ld) libUE4Editor-GameProjectGeneration.so
[171/593] Link (ld) libUE4Editor-AudioSettingsEditor.so
[172/593] Link (ld) libUE4Editor-SceneDepthPickerMode.so
[173/593] Link (ld) libUE4Editor-AnimationEditor.so
[174/593] Link (ld) libUE4Editor-ComponentVisualizers.so
[175/593] Link (ld) libUE4Editor-QuadricMeshReduction.so
[176/593] Link (ld) libUE4Editor-MeshReductionInterface.so
[177/593] Link (ld) libUE4Editor-SkeletalMeshEditor.so
[178/593] Link (ld) libUE4Editor-MeshPaint.so
[179/593] Link (ld) libUE4Editor-AnimationModifiers.so
[180/593] Link (ld) libUE4Editor-Documentation.so
[181/593] Link (ld) libUE4Editor-MeshBuilder.so
[182/593] Link (ld) libUE4Editor-DetailCustomizations.so
[183/593] Link (ld) libUE4Editor-AnimationBlueprintEditor.so
[184/593] Link (ld) libUE4Editor-AutomationController.so
[185/593] Link (ld) libUE4Editor-PreLoadScreen.so
[186/593] Link (ld) libUE4Editor-GeometryCache.so
[187/593] Link (ld) libUE4Editor-HotReload.so
[188/593] Link (ld) libUE4Editor-MeshBoneReduction.so
[189/593] Link (ld) libUE4Editor-MeshUtilities.so
[190/593] Link (ld) libUE4Editor-ProceduralMeshComponent.so
[191/593] Link (ld) libUE4Editor-Paper2D.so
[192/593] Link (ld) libUE4Editor-OpenExrWrapper.so
[193/593] Link (ld) libUE4Editor-OnlineSubsystem.so
[194/593] Link (ld) libUE4Editor-Voice.so
[195/593] Link (ld) libUE4Editor-ImgMediaFactory.so
[196/593] Link (ld) libUE4Editor-AppleImageUtils.so
[197/593] Compile Module.ImgMedia.gen.cpp
[198/593] Compile Module.Paper2DEditor.gen.cpp
[199/593] Compile Module.EditableMesh.gen.2_of_2.cpp
[200/593] Compile Module.OnlineSubsystemUtils.cpp
[201/593] Compile Module.EditableMesh.cpp
[202/593] Link (ld) libUE4Editor-TranslationEditor.so
[203/593] Link (ld) libUE4Editor-Paper2DEditor.so
[204/593] Link (ld) libUE4Editor-MaterialEditor.so
[205/593] Link (ld) libUE4Editor-AIGraph.so
[206/593] Link (ld) libUE4Editor-MaterialBaking.so
[207/593] Link (ld) libUE4Editor-FunctionalTesting.so
[208/593] Link (ld) libUE4Editor-MovieSceneCaptureDialog.so
[209/593] Link (ld) libUE4Editor-PIEPreviewDeviceProfileSelector.so
[210/593] Link (ld) libUE4Editor-VulkanRHI.so
[211/593] Link (ld) libUE4Editor-OpenGLDrv.so
[212/593] Link (ld) libUE4Editor-LocalizationCommandletExecution.so
[213/593] Link (ld) libUE4Editor-SettingsEditor.so
[214/593] Link (ld) libUE4Editor-InputBindingEditor.so
[215/593] Link (ld) libUE4Editor-ImgMedia.so
[216/593] Link (ld) libUE4Editor-DistCurveEditor.so
[217/593] Link (ld) libUE4Editor-BlueprintCompilerCppBackend.so
[218/593] Link (ld) libUE4Editor-UATHelper.so
[219/593] Link (ld) libUE4Editor-LauncherServices.so
[220/593] Link (ld) libUE4Editor-Overlay.so
[221/593] Link (ld) libUE4Editor-StandaloneRenderer.so
[222/593] Link (ld) libUE4Editor-TreeMap.so
[223/593] Link (ld) libUE4Editor-AndroidDeviceDetection.so
[224/593] Link (ld) libUE4Editor-ProfilerClient.so
[225/593] Link (ld) libUE4Editor-WebMMediaFactory.so
[226/593] Link (ld) libUE4Editor-ShaderPreprocessor.so
[227/593] Compile Module.MediaCompositing.gen.cpp
[228/593] Compile Module.NetcodeUnitTest.cpp
[229/593] Link (ld) libUE4Editor-EditableMesh.so
[230/593] Compile Module.NetcodeUnitTest.gen.cpp
[231/593] Link (ld) libUE4Editor-OnlineSubsystemUtils.so
[232/593] Compile Module.WebMMedia.cpp
[233/593] Compile Module.SteamVR.gen.cpp
[234/593] Compile Module.SteamVR.cpp
[235/593] Compile Module.MediaCompositing.cpp
[236/593] Compile Module.PhysXVehicles.gen.cpp
[237/593] Compile Module.PhysXVehicles.cpp
[238/593] Compile Module.DatasmithContent.cpp
[239/593] Compile Module.DatasmithContent.gen.cpp
[240/593] Compile Module.AlembicLibrary.cpp
[241/593] Compile Module.AlembicLibrary.gen.cpp
[242/593] Compile Module.GeometryCacheTracks.gen.cpp
[243/593] Compile Module.GeometryCacheTracks.cpp
[244/593] Compile Module.AssetManagerEditor.gen.cpp
[245/593] Compile CryptoKeysOpenSSL.cpp
[246/593] Compile Module.FacialAnimation.cpp
[247/593] Compile Module.FacialAnimation.gen.cpp
[248/593] Compile Module.MeshEditor.cpp
[249/593] Compile Module.MeshEditor.gen.cpp
[250/593] Link (ld) libUE4Editor-ShaderCompilerCommon.so
[251/593] Compile ActorLayerUtilities.gen.cpp
[252/593] Compile ActorLayerUtilities.cpp
[253/593] Compile Module.AssetManagerEditor.cpp
[254/593] Compile LightPropagationVolumeRuntime.init.gen.cpp
[255/593] Compile LightPropagationVolumeBlendable.gen.cpp
[256/593] Compile LightPropagationVolumeRuntimeModule.cpp
[257/593] Compile ActorLayerUtilities.init.gen.cpp
[258/593] Compile Module.AppleVision.cpp
[259/593] Compile Module.AppleVision.gen.cpp
[260/593] Link (ld) libUE4Editor-UMGEditor.so
[261/593] Link (ld) libUE4Editor-StaticMeshEditor.so
[262/593] Link (ld) libUE4Editor-AlembicLibrary.so
[263/593] Link (ld) libUE4Editor-MeshPaintMode.so
[264/593] Link (ld) libUE4Editor-ClothingSystemEditor.so
[265/593] Link (ld) libUE4Editor-LandscapeEditor.so
[266/593] Link (ld) libUE4Editor-BlueprintNativeCodeGen.so
[267/593] Link (ld) libUE4Editor-MeshEditor.so
[268/593] Link (ld) libUE4Editor-FoliageEdit.so
[269/593] Link (ld) libUE4Editor-PhysXVehicles.so
[270/593] Link (ld) libUE4Editor-SteamVR.so
[271/593] Link (ld) libUE4Editor-WebMMedia.so
[272/593] Link (ld) libUE4Editor-AutomationWindow.so
[273/593] Link (ld) libUE4Editor-ScreenShotComparison.so
[274/593] Link (ld) libUE4Editor-DeviceProfileEditor.so
[275/593] Link (ld) libUE4Editor-Merge.so
[276/593] Link (ld) libUE4Editor-MediaCompositing.so
[277/593] Link (ld) libUE4Editor-NetcodeUnitTest.so
[278/593] Link (ld) libUE4Editor-PlacementMode.so
[279/593] Link (ld) libUE4Editor-Profiler.so
[280/593] Link (ld) libUE4Editor-ProjectTargetPlatformEditor.so
[281/593] Link (ld) libUE4Editor-PhysXCooking.so
[282/593] Link (ld) libUE4Editor-PluginWarden.so
[283/593] Link (ld) libUE4Editor-SequencerWidgets.so
[284/593] Link (ld) libUE4Editor-BspMode.so
[285/593] Link (ld) libUE4Editor-TaskGraph.so
[286/593] Link (ld) libUE4Editor-GeometryCacheTracks.so
[287/593] Link (ld) libUE4Editor-Layers.so
[288/593] Link (ld) libUE4Editor-PortalMessages.so
[289/593] Link (ld) libUE4Editor-AutomationWorker.so
[290/593] Link (ld) libUE4Editor-DatasmithContent.so
[291/593] Link (ld) libUE4Editor-UndoHistory.so
[292/593] Link (ld) libUE4Editor-MRMesh.so
[293/593] Link (ld) libUE4Editor-LinuxTargetPlatform.so
[294/593] Link (ld) libUE4Editor-HTML5TargetPlatform.so
[295/593] Link (ld) libUE4Editor-AndroidRuntimeSettings.so
[296/593] Link (ld) libUE4Editor-LightPropagationVolumeRuntime.so
[297/593] Link (ld) libUE4Editor-NetworkFileSystem.so
[298/593] Link (ld) libUE4Editor-AppleVision.so
[299/593] Link (ld) libUE4Editor-ActorLayerUtilities.so
[300/593] Link (ld) libUE4Editor-SwarmInterface.so
[301/593] Link (ld) libUE4Editor-ViewportSnapping.so
[302/593] Link (ld) libUE4Editor-FacialAnimation.so
[303/593] Link (ld) libUE4Editor-TargetDeviceServices.so
[304/593] Link (ld) libUE4Editor-PakFileUtilities.so
[305/593] Link (ld) libUE4Editor-TextureFormatIntelISPCTexComp.so
[306/593] Link (ld) libUE4Editor-CryptoKeysOpenSSL.so
[307/593] Link (ld) libUE4Editor-UnixCommonStartup.so
[308/593] Link (ld) libUE4Editor-LaunchDaemonMessages.so
[309/593] Link (ld) libUE4Editor-VectorVM.so
[310/593] Link (ld) libUE4Editor-StreamingFile.so
[311/593] Link (ld) libUE4Editor-CookedIterativeFile.so
[312/593] Link (ld) libUE4Editor-InputDevice.so
[313/593] Link (ld) libUE4Editor-PropertyPath.so
[314/593] Compile Module.AvfMediaFactory.gen.cpp
[315/593] Compile Module.WebMMediaEditor.gen.cpp
[316/593] Compile Module.WebMMediaEditor.cpp
[317/593] Compile Module.ImgMediaEditor.cpp
[318/593] Link (ld) libUE4Editor-AssetManagerEditor.so
[319/593] Compile Module.WebMMoviePlayer.cpp
[320/593] Compile Module.ImgMediaEditor.gen.cpp
[321/593] Compile SteamVRControllerLibrary.gen.cpp
[322/593] Compile SteamVRController.init.gen.cpp
[323/593] Compile SteamVRController.cpp
[324/593] Compile Module.LinearTimecode.cpp
[325/593] Compile RuntimePhysXCooking.cpp
[326/593] Compile Module.BackChannel.cpp
[327/593] Compile CharacterAIModule.cpp
[328/593] Compile Module.ProceduralMeshComponentEditor.cpp
[329/593] Compile Module.MagicLeapMediaEditor.cpp
[330/593] Compile Module.MagicLeapMediaEditor.gen.cpp
[331/593] Compile Module.AndroidMediaEditor.gen.cpp
[332/593] Compile Module.AndroidMediaFactory.cpp
[333/593] Compile Module.AndroidMediaFactory.gen.cpp
[334/593] Compile Module.AvfMediaEditor.cpp
[335/593] Compile Module.AvfMediaEditor.gen.cpp
[336/593] Compile Module.AvfMediaFactory.cpp
[337/593] Compile Module.AndroidMediaEditor.cpp
[338/593] Compile Module.LinearTimecode.gen.cpp
[339/593] Compile Module.PhysXVehiclesEditor.gen.cpp
[340/593] Compile Module.PhysXVehiclesEditor.cpp
[341/593] Compile Module.AndroidDPS.cpp
[342/593] Compile Module.ActorSequence.gen.cpp
[343/593] Compile LauncherChunkInstaller.cpp
[344/593] Compile Module.LevelSequenceEditor.cpp
[345/593] Compile Module.LevelSequenceEditor.gen.cpp
[346/593] Compile Module.OnlineBlueprintSupport.gen.cpp
[347/593] Compile Module.OnlineBlueprintSupport.cpp
[348/593] Compile MatineeToLevelSequenceModule.cpp
[349/593] Compile Module.ActorSequence.cpp
[350/593] Compile Module.OnlineSubsystemNull.cpp
[351/593] Compile Module.NUTUnrealEngine4.gen.cpp
[352/593] Compile Module.NUTUnrealEngine4.cpp
[353/593] Compile AppleVisionBlueprintSupport.init.gen.cpp
[354/593] Compile Module.AndroidDPS.gen.cpp
[355/593] Compile Module.ArchVisCharacter.cpp
[356/593] Compile Module.MediaCompositingEditor.cpp
[357/593] Compile Module.MediaCompositingEditor.gen.cpp
[358/593] Compile Module.MediaPlayerEditor.cpp
[359/593] Compile Module.MobilePatchingUtils.gen.cpp
[360/593] Compile Module.MobilePatchingUtils.cpp
[361/593] Compile Module.MediaPlayerEditor.gen.cpp
[362/593] Compile Module.LocationServicesBPLibrary.gen.cpp
[363/593] Compile Module.LocationServicesBPLibrary.cpp
[364/593] Compile Module.WmfMediaEditor.cpp
[365/593] Compile Module.UdpMessaging.gen.cpp
[366/593] Compile LinuxDeviceProfileSelectorModule.cpp
[367/593] Compile ExampleDeviceProfileSelectorModule.cpp
[368/593] Compile Module.WmfMediaFactory.cpp
[369/593] Compile Module.WmfMediaFactory.gen.cpp
[370/593] Compile Module.CustomMeshComponent.gen.cpp
[371/593] Compile Module.CustomMeshComponent.cpp
[372/593] Compile Module.TcpMessaging.cpp
[373/593] Compile Module.TcpMessaging.gen.cpp
[374/593] Compile Module.CableComponent.gen.cpp
[375/593] Compile Module.CableComponent.cpp
[376/593] Compile Module.UdpMessaging.cpp
[377/593] Compile Module.ArchVisCharacter.gen.cpp
[378/593] Compile Module.WmfMediaEditor.gen.cpp
[379/593] Compile Module.AndroidPermission.gen.cpp
[380/593] Compile Module.AndroidPermission.cpp
[381/593] Compile AppleVisionBlueprintSupport.gen.cpp
[382/593] Compile LightPropagationVolumeBlendableFactory.gen.cpp
[383/593] Compile LightPropagationVolumeEditor.init.gen.cpp
[384/593] Compile Module.ActorLayerUtilitiesEditor.cpp
[385/593] Compile Module.CLionSourceCodeAccess.cpp
[386/593] Compile Module.CodeLiteSourceCodeAccess.cpp
[387/593] Compile Module.GitSourceControl.cpp
[388/593] Compile Module.KDevelopSourceCodeAccess.cpp
[389/593] Compile LightPropagationVolumeEditorModule.cpp
[390/593] Compile Module.NullSourceCodeAccess.cpp
[391/593] Compile Module.PerforceSourceControl.cpp
[392/593] Compile Module.SubversionSourceControl.cpp
[393/593] Compile Module.UObjectPlugin.cpp
[394/593] Link (ld) libUE4Editor-UnrealAudio.so
[395/593] Compile Module.UObjectPlugin.gen.cpp
[396/593] Compile Module.VisualStudioCodeSourceCodeAccess.cpp
[397/593] Compile Module.CryptoKeys.cpp
[398/593] Compile Module.CryptoKeys.gen.cpp
[399/593] Compile AISupportModule.cpp
[400/593] Compile Module.PaperSpriteSheetImporter.cpp
[401/593] Compile Module.PaperSpriteSheetImporter.gen.cpp
[402/593] Compile Module.PaperTiledImporter.cpp
[403/593] Compile Module.PaperTiledImporter.gen.cpp
[404/593] Compile Module.GeometryCacheSequencer.cpp
[405/593] Compile Module.GeometryCacheEd.gen.cpp
[406/593] Compile Module.GeometryCacheEd.cpp
[407/593] Compile Module.SmartSnapping.cpp
[408/593] Compile Module.SpeedTreeImporter.gen.cpp
[409/593] Compile Module.DatasmithContentEditor.cpp
[410/593] Compile Module.VariantManagerContent.cpp
[411/593] Compile Module.VariantManagerContent.gen.cpp
[412/593] Compile Module.AlembicImporter.gen.cpp
[413/593] Compile AppleImageUtilsBlueprintSupport.cpp
[414/593] Compile AppleImageUtilsBlueprintSupport.gen.cpp
[415/593] Compile AppleImageUtilsBlueprintSupport.init.gen.cpp
[416/593] Compile AppleVisionBlueprintSupport.cpp
[417/593] Compile Module.AlembicImporter.cpp
[418/593] Compile Module.DataValidation.cpp
[419/593] Compile Module.SpeedTreeImporter.cpp
[420/593] Compile Module.PluginBrowser.gen.cpp
[421/593] Compile Module.DataValidation.gen.cpp
[422/593] Compile Module.FacialAnimationEditor.cpp
[423/593] Compile Module.FacialAnimationEditor.gen.cpp
[424/593] Compile Module.GameplayTagsEditor.cpp
[425/593] Compile Module.GameplayTagsEditor.gen.cpp
[426/593] Compile Module.PolygonModeling.cpp
[427/593] Compile Module.PolygonModeling.gen.cpp
[428/593] Compile Module.MobileLauncherProfileWizard.cpp
[429/593] Compile Module.PluginBrowser.cpp
[430/593] Link (ld) libUE4Editor-DerivedDataCache.so
[431/593] Relink libUE4Editor-UnrealEd.so
/usr/bin/ld: /opt/unreal-engine/Engine/Source/ThirdParty/FBX/2018.1.1/lib/gcc4/x86_64-unknown-linux-gnu/release//libfbxsdk.a(fbxutils.o): in function `fbxsdk::FbxPathUtils::GenerateFileName(char const*, char const*)':
(.text+0x4b8): warning: the use of `tempnam' is dangerous, better use `mkstemp'
[432/593] Relink libUE4Editor-MovieSceneTools.so
/usr/bin/ld: /opt/unreal-engine/Engine/Source/ThirdParty/FBX/2018.1.1/lib/gcc4/x86_64-unknown-linux-gnu/release//libfbxsdk.a(fbxutils.o): in function `fbxsdk::FbxPathUtils::GenerateFileName(char const*, char const*)':
(.text+0x4b8): warning: the use of `tempnam' is dangerous, better use `mkstemp'
[433/593] Relink libUE4Editor-Kismet.so
[434/593] Link (lld) UE4Editor
[435/593] Relink libUE4Editor-UMGEditor.so
[436/593] Relink libUE4Editor-Sequencer.so
[437/593] Link (ld) libUE4Editor-WorldBrowser.so
[438/593] Link (ld) libUE4Editor-EdenUniverseBuilder.so
[439/593] Relink libUE4Editor-MainFrame.so
[440/593] Relink libUE4Editor-Landscape.so
[441/593] Link (ld) libUE4Editor-IntroTutorials.so
[442/593] Relink libUE4Editor-UMG.so
[443/593] Link (ld) libUE4Editor-MediaPlayerEditor.so
[444/593] Link (ld) libUE4Editor-LevelSequenceEditor.so
[445/593] Link (ld) libUE4Editor-ClothPainter.so
[446/593] Link (ld) libUE4Editor-BehaviorTreeEditor.so
[447/593] Link (ld) libUE4Editor-MediaCompositingEditor.so
[448/593] Relink libUE4Editor-BlueprintGraph.so
[449/593] Link (ld) libUE4Editor-DataValidation.so
[450/593] Link (ld) libUE4Editor-GameplayTasksEditor.so
[451/593] Relink libUE4Editor-PropertyEditor.so
[452/593] Relink libUE4Editor-VREditor.so
[453/593] Link (ld) libUE4Editor-PhysicsAssetEditor.so
[454/593] Relink libUE4Editor-GraphEditor.so
[455/593] Link (ld) libUE4Editor-AndroidPlatformEditor.so
[456/593] Relink libUE4Editor-TranslationEditor.so
[457/593] Link (ld) libUE4Editor-Matinee.so
[458/593] Relink libUE4Editor-AudioEditor.so
[459/593] Link (ld) libUE4Editor-GameplayTagsEditor.so
[460/593] Link (ld) libUE4Editor-LocalizationDashboard.so
[461/593] Link (ld) libUE4Editor-EnvironmentQueryEditor.so
[462/593] Link (ld) libUE4Editor-Blutility.so
[463/593] Link (ld) libUE4Editor-HTML5PlatformEditor.so
[464/593] Link (ld) libUE4Editor-PluginBrowser.so
[465/593] Link (ld) libUE4Editor-MeshMergeUtilities.so
[466/593] Link (ld) libUE4Editor-LinuxPlatformEditor.so
[467/593] Link (ld) libUE4Editor-GeometryCacheSequencer.so
[468/593] Link (ld) libUE4Editor-FacialAnimationEditor.so
[469/593] Link (ld) libUE4Editor-EditorSettingsViewer.so
[470/593] Link (ld) libUE4Editor-AlembicImporter.so
[471/593] Link (ld) libUE4Editor-SessionFrontend.so
[472/593] Link (ld) libUE4Editor-ProceduralMeshComponentEditor.so
[473/593] Link (ld) libUE4Editor-PhysXVehiclesEditor.so
[474/593] Link (ld) libUE4Editor-FontEditor.so
[475/593] Link (ld) libUE4Editor-SteamVRController.so
[476/593] Relink libUE4Editor-MaterialUtilities.so
[477/593] Link (ld) libUE4Editor-GeometryCacheEd.so
[478/593] Link (ld) libUE4Editor-MatineeToLevelSequence.so
[479/593] Link (ld) libUE4Editor-PaperSpriteSheetImporter.so
[480/593] Link (ld) libUE4Editor-ProjectSettingsViewer.so
[481/593] Link (ld) libUE4Editor-RuntimePhysXCooking.so
[482/593] Link (ld) libUE4Editor-Cascade.so
[483/593] Relink libUE4Editor-LogVisualizer.so
[484/593] Link (ld) libUE4Editor-ActorLayerUtilitiesEditor.so
[485/593] Link (ld) libUE4Editor-SpeedTreeImporter.so
[486/593] Relink libUE4Editor-KismetCompiler.so
[487/593] Link (ld) libUE4Editor-PolygonModeling.so
[488/593] Link (ld) libUE4Editor-SlateReflector.so
[489/593] Link (ld) libUE4Editor-MobileLauncherProfileWizard.so
[490/593] Relink libUE4Editor-SourceControl.so
[491/593] Link (ld) libUE4Editor-GeometryMode.so
[492/593] Link (ld) libUE4Editor-SlateRHIRenderer.so
[493/593] Relink libUE4Editor-MaterialShaderQualitySettings.so
[494/593] Relink libUE4Editor-ViewportInteraction.so
[495/593] Link (ld) libUE4Editor-PerforceSourceControl.so
[496/593] Link (ld) libUE4Editor-CharacterAI.so
[497/593] Link (ld) libUE4Editor-NewLevelDialog.so
[498/593] Link (ld) libUE4Editor-PListEditor.so
[499/593] Link (ld) libUE4Editor-DataTableEditor.so
[500/593] Link (ld) libUE4Editor-ProjectLauncher.so
[501/593] Link (ld) libUE4Editor-VulkanShaderFormat.so
[502/593] Link (ld) libUE4Editor-CryptoKeys.so
[503/593] Link (ld) libUE4Editor-WebMMoviePlayer.so
[504/593] Link (ld) libUE4Editor-ImgMediaEditor.so
[505/593] Link (ld) libUE4Editor-MergeActors.so
[506/593] Link (ld) libUE4Editor-AudioMixerSDL.so
[507/593] Link (ld) libUE4Editor-StringTableEditor.so
[508/593] Link (ld) libUE4Editor-StreamingPauseRendering.so
[509/593] Link (ld) libUE4Editor-PackagesDialog.so
[510/593] Link (ld) libUE4Editor-TextureCompressor.so
[511/593] Relink libUE4Editor-CollisionAnalyzer.so
[512/593] Link (ld) libUE4Editor-GitSourceControl.so
[513/593] Link (ld) libUE4Editor-OnlineBlueprintSupport.so
[514/593] Relink libUE4Editor-LocalizationService.so
[515/593] Link (ld) libUE4Editor-UdpMessaging.so
[516/593] Link (ld) libUE4Editor-RealtimeProfiler.so
[517/593] Link (ld) libUE4Editor-TimeManagementEditor.so
[518/593] Link (ld) libUE4Editor-SmartSnapping.so
[519/593] Link (ld) libUE4Editor-CurveTableEditor.so
[520/593] Link (ld) libUE4Editor-SequenceRecorderSections.so
[521/593] Link (ld) libUE4Editor-LinearTimecode.so
[522/593] Link (ld) libUE4Editor-TextureAlignMode.so
[523/593] Link (ld) libUE4Editor-PaperTiledImporter.so
[524/593] Link (ld) libUE4Editor-OutputLog.so
[525/593] Link (ld) libUE4Editor-DeviceManager.so
[526/593] Relink libUE4Editor-GameplayTags.so
[527/593] Link (ld) libUE4Editor-AllDesktopTargetPlatform.so
[528/593] Link (ld) libUE4Editor-OnlineSubsystemNull.so
[529/593] Link (ld) libUE4Editor-DatasmithContentEditor.so
[530/593] Link (ld) libUE4Editor-AndroidTargetPlatform.so
[531/593] Link (ld) libUE4Editor-Toolbox.so
[532/593] Link (ld) libUE4Editor-MobilePatchingUtils.so
[533/593] Link (ld) libUE4Editor-ModuleUI.so
[534/593] Link (ld) libUE4Editor-GammaUI.so
[535/593] Link (ld) libUE4Editor-TextureFormatDXT.so
[536/593] Link (ld) libUE4Editor-AppleVisionBlueprintSupport.so
[537/593] Link (ld) libUE4Editor-CustomMeshComponent.so
[538/593] Link (ld) libUE4Editor-AppleImageUtilsBlueprintSupport.so
[539/593] Link (ld) libUE4Editor-CableComponent.so
[540/593] Link (ld) libUE4Editor-TcpMessaging.so
[541/593] Link (ld) libUE4Editor-LightPropagationVolumeEditor.so
[542/593] Relink libUE4Editor-AITestSuite.so
[543/593] Link (ld) libUE4Editor-HttpNetworkReplayStreaming.so
[544/593] Link (ld) libUE4Editor-ActorSequence.so
[545/593] Link (ld) libUE4Editor-ShaderFormatOpenGL.so
[546/593] Link (ld) libUE4Editor-SubversionSourceControl.so
[547/593] Link (ld) libUE4Editor-AndroidPermission.so
[548/593] Link (ld) libUE4Editor-OverlayEditor.so
[549/593] Link (ld) libUE4Editor-AudioFormatOgg.so
[550/593] Link (ld) libUE4Editor-CLionSourceCodeAccess.so
[551/593] Link (ld) libUE4Editor-AISupportModule.so
[552/593] Link (ld) libUE4Editor-LinuxClientTargetPlatform.so
[553/593] Link (ld) libUE4Editor-SlateFileDialogs.so
[554/593] Link (ld) libUE4Editor-AvfMediaEditor.so
[555/593] Link (ld) libUE4Editor-MagicLeapMediaEditor.so
[556/593] Link (ld) libUE4Editor-BackChannel.so
[557/593] Link (ld) libUE4Editor-WebMMediaEditor.so
[558/593] Link (ld) libUE4Editor-AndroidMediaEditor.so
[559/593] Link (ld) libUE4Editor-WmfMediaEditor.so
[560/593] Link (ld) libUE4Editor-NUTUnrealEngine4.so
[561/593] Link (ld) libUE4Editor-SlateNullRenderer.so
[562/593] Link (ld) libUE4Editor-LinuxNoEditorTargetPlatform.so
[563/593] Link (ld) libUE4Editor-LinuxServerTargetPlatform.so
[564/593] Link (ld) libUE4Editor-EyeTracker.so
[565/593] Relink libUE4Editor-CinematicCamera.so
[566/593] Link (ld) libUE4Editor-AndroidDeviceProfileSelector.so
[567/593] Link (ld) libUE4Editor-WmfMediaFactory.so
[568/593] Link (ld) libUE4Editor-LocationServicesBPLibrary.so
[569/593] Link (ld) libUE4Editor-AvfMediaFactory.so
[570/593] Link (ld) libUE4Editor-NullNetworkReplayStreaming.so
[571/593] Link (ld) libUE4Editor-CodeLiteSourceCodeAccess.so
[572/593] Link (ld) libUE4Editor-KDevelopSourceCodeAccess.so
[573/593] Link (ld) libUE4Editor-ProfilerService.so
[574/593] Link (ld) libUE4Editor-VisualStudioCodeSourceCodeAccess.so
[575/593] Link (ld) libUE4Editor-AndroidMediaFactory.so
[576/593] Link (ld) libUE4Editor-VariantManagerContent.so
[577/593] Link (ld) libUE4Editor-AudioFormatOpus.so
[578/593] Link (ld) libUE4Editor-ArchVisCharacter.so
[579/593] Link (ld) libUE4Editor-TextureFormatASTC.so
[580/593] Link (ld) libUE4Editor-ExampleDeviceProfileSelector.so
[581/593] Link (ld) libUE4Editor-TextureFormatPVR.so
[582/593] Link (ld) libUE4Editor-PortalProxies.so
[583/593] Link (ld) libUE4Editor-BlueprintRuntime.so
[584/593] Link (ld) libUE4Editor-NullDrv.so
[585/593] Link (ld) libUE4Editor-UObjectPlugin.so
[586/593] Link (ld) libUE4Editor-NullSourceCodeAccess.so
[587/593] Link (ld) libUE4Editor-LinuxDeviceProfileSelector.so
[588/593] Relink libUE4Editor-ReliabilityHandlerComponent.so
[589/593] Link (ld) libUE4Editor-TextureFormatUncompressed.so
[590/593] Link (ld) libUE4Editor-LauncherChunkInstaller.so
[591/593] Link (ld) libUE4Editor-AudioFormatADPCM.so
[592/593] Link (ld) libUE4Editor-Advertising.so
[593/593] Link (ld) libUE4Editor-BlankModule.so
Total build time: 1455.89 seconds (Local executor: 1414.30 seconds)
LogInit: Warning: Still incompatible or missing module: EdenUniverseBuilder
