Log file open, 07/15/18 11:00:29
LogInit: Display: Running engine for game: EdenUniverseBuilder
LogPlatformFile: Not using cached read wrapper
LogInit: Display: RandInit(1025304986) SRandInit(1025304986).
LogInit: Read version file with build ID 'e95881c0-816a-4794-b2da-b8469e9c0afa'
LogInit: Registered custom module enumerator with build ID 'e95881c0-816a-4794-b2da-b8469e9c0afa'
LogTaskGraph: Started task graph with 5 named threads and 14 total threads with 3 sets of task threads.
LogStats: Stats thread started at 0.198867
LogLinux: FLinuxPlatformMisc::RequestExit(bForce=false, ReturnCode=143)
LogLinux: FLinuxPlatformMisc::RequestExit(0)
LogGenericPlatformMisc: FPlatformMisc::RequestExit(0)
LogPluginManager: Mounting plugin ActorSequence
LogPluginManager: Mounting plugin LevelSequenceEditor
LogPluginManager: Mounting plugin MatineeToLevelSequence
LogPluginManager: Mounting plugin AudioCapture
LogPluginManager: Mounting plugin AppleARKit
LogPluginManager: Mounting plugin IOSDeviceProfileSelector
LogPluginManager: Mounting plugin WindowsMoviePlayer
LogPluginManager: Mounting plugin LinuxDeviceProfileSelector
LogPluginManager: Mounting plugin PhysXVehicles
LogPluginManager: Mounting plugin RuntimePhysXCooking
LogPluginManager: Mounting plugin CustomMeshComponent
LogPluginManager: Mounting plugin LocationServicesBPLibrary
LogPluginManager: Mounting plugin OculusVR
LogPluginManager: Plugin shader directory ../../../Engine/Plugins/Runtime/Oculus/OculusVR/Shaders found
LogPluginManager: Mapping shader source directory ../../../Engine/Plugins/Runtime/Oculus/OculusVR/Shaders to virtual directory /Plugin/OculusVR
LogPluginManager: Mounting plugin ProceduralMeshComponent
LogPluginManager: Mounting plugin AndroidMoviePlayer
LogPluginManager: Mounting plugin ImmediatePhysics
LogPluginManager: Mounting plugin GoogleCloudMessaging
LogPluginManager: Mounting plugin MobilePatchingUtils
LogPluginManager: Mounting plugin AndroidPermission
LogPluginManager: Mounting plugin AndroidDeviceProfileSelector
LogPluginManager: Mounting plugin ArchVisCharacter
LogPluginManager: Mounting plugin CableComponent
LogPluginManager: Mounting plugin ExampleDeviceProfileSelector
LogPluginManager: Mounting plugin AppleMoviePlayer
LogPluginManager: Mounting plugin SteamVR
LogPluginManager: Mounting plugin DatasmithContent
LogPluginManager: Mounting plugin TcpMessaging
LogPluginManager: Mounting plugin UdpMessaging
LogPluginManager: Mounting plugin LiveLink
LogPluginManager: Mounting plugin DataValidation
LogPluginManager: Mounting plugin CryptoKeys
LogPluginManager: Mounting plugin MobileLauncherProfileWizard
LogPluginManager: Mounting plugin FacialAnimation
LogPluginManager: Mounting plugin PluginBrowser
LogPluginManager: Mounting plugin GameplayTagsEditor
LogPluginManager: Mounting plugin AssetManagerEditor
LogPluginManager: Mounting plugin SpeedTreeImporter
LogPluginManager: Mounting plugin NUTUnrealEngine4
LogPluginManager: Mounting plugin NetcodeUnitTest
LogPluginManager: Mounting plugin LightPropagationVolume
LogPluginManager: Mounting plugin Paper2D
LogPluginManager: Mounting plugin KDevelopSourceCodeAccess
LogPluginManager: Mounting plugin XCodeSourceCodeAccess
LogPluginManager: Mounting plugin VisualStudioCodeSourceCodeAccess
LogPluginManager: Mounting plugin NullSourceCodeAccess
LogPluginManager: Mounting plugin VisualStudioSourceCodeAccess
LogPluginManager: Mounting plugin SubversionSourceControl
LogPluginManager: Mounting plugin GitSourceControl
LogPluginManager: Mounting plugin PerforceSourceControl
LogPluginManager: Mounting plugin CodeLiteSourceCodeAccess
LogPluginManager: Mounting plugin UObjectPlugin
LogPluginManager: Mounting plugin CLionSourceCodeAccess
LogPluginManager: Mounting plugin AlembicImporter
LogPluginManager: Mounting plugin HTML5Networking
LogPluginManager: Mounting plugin CharacterAI
LogPluginManager: Mounting plugin WmfMedia
LogPluginManager: Mounting plugin LinearTimecode
LogPluginManager: Mounting plugin MediaCompositing
LogPluginManager: Mounting plugin AndroidMedia
LogPluginManager: Mounting plugin ImgMedia
LogPluginManager: Mounting plugin MediaPlayerEditor
LogPluginManager: Mounting plugin AvfMedia
LogPluginManager: Mounting plugin OnlineSubsystemUtils
LogPluginManager: Mounting plugin OnlineSubsystemIOS
LogPluginManager: Mounting plugin OnlineSubsystem
LogPluginManager: Mounting plugin OnlineSubsystemGooglePlay
LogPluginManager: Mounting plugin OnlineSubsystemNull
LogStreaming: Display: Took  0.331s to configure plugins.
LogModuleManager: Display: Found up-to-date module file ../../../../../home/josephtheengineer/workspace/EdenProject/Engine/Binaries/Linux/libUE4Editor-EdenUniverseBuilder-9582.so (API version 0).
LogModuleManager: Display: Found up-to-date module file ../../../Engine/Plugins/MovieScene/ActorSequence/Binaries/Linux/libUE4Editor-ActorSequence.so (API version 0).
LogModuleManager: Display: Found up-to-date module file ../../../Engine/Plugins/MovieScene/LevelSequenceEditor/Binaries/Linux/libUE4Editor-LevelSequenceEditor.so (API version 0).
LogModuleManager: Display: Found up-to-date module file ../../../Engine/Plugins/MovieScene/MatineeToLevelSequence/Binaries/Linux/libUE4Editor-MatineeToLevelSequence.so (API version 0).
LogModuleManager: Display: Found up-to-date module file ../../../Engine/Plugins/Runtime/LinuxDeviceProfileSelector/Binaries/Linux/libUE4Editor-LinuxDeviceProfileSelector.so (API version 0).
LogModuleManager: Display: Found up-to-date module file ../../../Engine/Plugins/Runtime/PhysXVehicles/Binaries/Linux/libUE4Editor-PhysXVehicles.so (API version 0).
LogModuleManager: Display: Found up-to-date module file ../../../Engine/Plugins/Runtime/PhysXVehicles/Binaries/Linux/libUE4Editor-PhysXVehiclesEditor.so (API version 0).
LogModuleManager: Display: Found up-to-date module file ../../../Engine/Plugins/Runtime/RuntimePhysXCooking/Binaries/Linux/libUE4Editor-RuntimePhysXCooking.so (API version 0).
LogModuleManager: Display: Found up-to-date module file ../../../Engine/Plugins/Runtime/CustomMeshComponent/Binaries/Linux/libUE4Editor-CustomMeshComponent.so (API version 0).
LogModuleManager: Display: Found up-to-date module file ../../../Engine/Plugins/Runtime/LocationServicesBPLibrary/Binaries/Linux/libUE4Editor-LocationServicesBPLibrary.so (API version 0).
LogModuleManager: Display: Found up-to-date module file ../../../Engine/Plugins/Runtime/ProceduralMeshComponent/Binaries/Linux/libUE4Editor-ProceduralMeshComponent.so (API version 0).
LogModuleManager: Display: Found up-to-date module file ../../../Engine/Plugins/Runtime/ProceduralMeshComponent/Binaries/Linux/libUE4Editor-ProceduralMeshComponentEditor.so (API version 0).
LogModuleManager: Display: Found up-to-date module file ../../../Engine/Plugins/Runtime/ImmediatePhysics/Binaries/Linux/libUE4Editor-ImmediatePhysics.so (API version 0).
LogModuleManager: Display: Found up-to-date module file ../../../Engine/Plugins/Runtime/ImmediatePhysics/Binaries/Linux/libUE4Editor-ImmediatePhysicsEditor.so (API version 0).
LogModuleManager: Display: Found up-to-date module file ../../../Engine/Plugins/Runtime/MobilePatchingUtils/Binaries/Linux/libUE4Editor-MobilePatchingUtils.so (API version 0).
LogModuleManager: Display: Found up-to-date module file ../../../Engine/Plugins/Runtime/AndroidPermission/Binaries/Linux/libUE4Editor-AndroidPermission.so (API version 0).
LogModuleManager: Display: Found up-to-date module file ../../../Engine/Plugins/Runtime/AndroidDeviceProfileSelector/Binaries/Linux/libUE4Editor-AndroidDeviceProfileSelector.so (API version 0).
LogModuleManager: Display: Found up-to-date module file ../../../Engine/Plugins/Runtime/ArchVisCharacter/Binaries/Linux/libUE4Editor-ArchVisCharacter.so (API version 0).
LogModuleManager: Display: Found up-to-date module file ../../../Engine/Plugins/Runtime/CableComponent/Binaries/Linux/libUE4Editor-CableComponent.so (API version 0).
LogModuleManager: Display: Found up-to-date module file ../../../Engine/Plugins/Runtime/ExampleDeviceProfileSelector/Binaries/Linux/libUE4Editor-ExampleDeviceProfileSelector.so (API version 0).
LogModuleManager: Display: Found up-to-date module file ../../../Engine/Plugins/Runtime/Steam/SteamVR/Binaries/Linux/libUE4Editor-SteamVR.so (API version 0).
LogModuleManager: Display: Found up-to-date module file ../../../Engine/Plugins/Runtime/Steam/SteamVR/Binaries/Linux/libUE4Editor-SteamVRController.so (API version 0).
LogModuleManager: Display: Found up-to-date module file ../../../Engine/Plugins/Enterprise/DatasmithContent/Binaries/Linux/libUE4Editor-DatasmithContent.so (API version 0).
LogModuleManager: Display: Found up-to-date module file ../../../Engine/Plugins/Messaging/TcpMessaging/Binaries/Linux/libUE4Editor-TcpMessaging.so (API version 0).
LogModuleManager: Display: Found up-to-date module file ../../../Engine/Plugins/Messaging/UdpMessaging/Binaries/Linux/libUE4Editor-UdpMessaging.so (API version 0).
LogModuleManager: Display: Found up-to-date module file ../../../Engine/Plugins/Animation/LiveLink/Binaries/Linux/libUE4Editor-LiveLink.so (API version 0).
LogModuleManager: Display: Found up-to-date module file ../../../Engine/Plugins/Animation/LiveLink/Binaries/Linux/libUE4Editor-LiveLinkEditor.so (API version 0).
LogModuleManager: Display: Found up-to-date module file ../../../Engine/Plugins/Editor/DataValidation/Binaries/Linux/libUE4Editor-DataValidation.so (API version 0).
LogModuleManager: Display: Found up-to-date module file ../../../Engine/Plugins/Editor/CryptoKeys/Binaries/Linux/libUE4Editor-CryptoKeys.so (API version 0).
LogModuleManager: Display: Found up-to-date module file ../../../Engine/Plugins/Editor/CryptoKeys/Binaries/Linux/libUE4Editor-CryptoKeysOpenSSL.so (API version 0).
LogModuleManager: Display: Found up-to-date module file ../../../Engine/Plugins/Editor/MobileLauncherProfileWizard/Binaries/Linux/libUE4Editor-MobileLauncherProfileWizard.so (API version 0).
LogModuleManager: Display: Found up-to-date module file ../../../Engine/Plugins/Editor/FacialAnimation/Binaries/Linux/libUE4Editor-FacialAnimation.so (API version 0).
LogModuleManager: Display: Found up-to-date module file ../../../Engine/Plugins/Editor/FacialAnimation/Binaries/Linux/libUE4Editor-FacialAnimationEditor.so (API version 0).
LogModuleManager: Display: Found up-to-date module file ../../../Engine/Plugins/Editor/PluginBrowser/Binaries/Linux/libUE4Editor-PluginBrowser.so (API version 0).
LogModuleManager: Display: Found up-to-date module file ../../../Engine/Plugins/Editor/GameplayTagsEditor/Binaries/Linux/libUE4Editor-GameplayTagsEditor.so (API version 0).
LogModuleManager: Display: Found up-to-date module file ../../../Engine/Plugins/Editor/AssetManagerEditor/Binaries/Linux/libUE4Editor-AssetManagerEditor.so (API version 0).
LogModuleManager: Display: Found up-to-date module file ../../../Engine/Plugins/Editor/SpeedTreeImporter/Binaries/Linux/libUE4Editor-SpeedTreeImporter.so (API version 0).
LogModuleManager: Display: Found up-to-date module file ../../../Engine/Plugins/NetcodeUnitTest/NUTUnrealEngine4/Binaries/Linux/libUE4Editor-NUTUnrealEngine4.so (API version 0).
LogModuleManager: Display: Found up-to-date module file ../../../Engine/Plugins/NetcodeUnitTest/NetcodeUnitTest/Binaries/Linux/libUE4Editor-NetcodeUnitTest.so (API version 0).
LogModuleManager: Display: Found up-to-date module file ../../../Engine/Plugins/Blendables/LightPropagationVolume/Binaries/Linux/libUE4Editor-LightPropagationVolumeRuntime.so (API version 0).
LogModuleManager: Display: Found up-to-date module file ../../../Engine/Plugins/Blendables/LightPropagationVolume/Binaries/Linux/libUE4Editor-LightPropagationVolumeEditor.so (API version 0).
LogModuleManager: Display: Found up-to-date module file ../../../Engine/Plugins/2D/Paper2D/Binaries/Linux/libUE4Editor-Paper2D.so (API version 0).
LogModuleManager: Display: Found up-to-date module file ../../../Engine/Plugins/2D/Paper2D/Binaries/Linux/libUE4Editor-Paper2DEditor.so (API version 0).
LogModuleManager: Display: Found up-to-date module file ../../../Engine/Plugins/2D/Paper2D/Binaries/Linux/libUE4Editor-PaperSpriteSheetImporter.so (API version 0).
LogModuleManager: Display: Found up-to-date module file ../../../Engine/Plugins/2D/Paper2D/Binaries/Linux/libUE4Editor-PaperTiledImporter.so (API version 0).
LogModuleManager: Display: Found up-to-date module file ../../../Engine/Plugins/2D/Paper2D/Binaries/Linux/libUE4Editor-SmartSnapping.so (API version 0).
LogModuleManager: Display: Found up-to-date module file ../../../Engine/Plugins/Developer/KDevelopSourceCodeAccess/Binaries/Linux/libUE4Editor-KDevelopSourceCodeAccess.so (API version 0).
LogModuleManager: Display: Found up-to-date module file ../../../Engine/Plugins/Developer/VisualStudioCodeSourceCodeAccess/Binaries/Linux/libUE4Editor-VisualStudioCodeSourceCodeAccess.so (API version 0).
LogModuleManager: Display: Found up-to-date module file ../../../Engine/Plugins/Developer/NullSourceCodeAccess/Binaries/Linux/libUE4Editor-NullSourceCodeAccess.so (API version 0).
LogModuleManager: Display: Found up-to-date module file ../../../Engine/Plugins/Developer/SubversionSourceControl/Binaries/Linux/libUE4Editor-SubversionSourceControl.so (API version 0).
